2024-06-17 20:00:01,134 DEBUG https://sheets.googleapis.com:443 "GET /v4/spreadsheets/18SOvJ1o8NiasANGlPMyIz7MmYki7zpQk1GWZ_DBYW-o/values/%27%D0%9D%D0%B0%D1%81%D1%82%D1%80%D0%BE%D0%B9%D0%BA%D0%B8%27%21B3 HTTP/1.1" 200 None
2024-06-17 20:00:01,399 DEBUG https://sheets.googleapis.com:443 "GET /v4/spreadsheets/18SOvJ1o8NiasANGlPMyIz7MmYki7zpQk1GWZ_DBYW-o/values/%27%D0%9D%D0%B0%D1%81%D1%82%D1%80%D0%BE%D0%B9%D0%BA%D0%B8%27%21B4 HTTP/1.1" 200 None
2024-06-17 20:00:01,697 DEBUG https://sheets.googleapis.com:443 "GET /v4/spreadsheets/18SOvJ1o8NiasANGlPMyIz7MmYki7zpQk1GWZ_DBYW-o/values/%27%D0%9D%D0%B0%D1%81%D1%82%D1%80%D0%BE%D0%B9%D0%BA%D0%B8%27%21B5 HTTP/1.1" 200 None
2024-06-17 20:00:01,972 DEBUG https://sheets.googleapis.com:443 "GET /v4/spreadsheets/18SOvJ1o8NiasANGlPMyIz7MmYki7zpQk1GWZ_DBYW-o/values/%27%D0%9D%D0%B0%D1%81%D1%82%D1%80%D0%BE%D0%B9%D0%BA%D0%B8%27%21B6 HTTP/1.1" 200 None
2024-06-17 20:00:02,250 DEBUG https://sheets.googleapis.com:443 "GET /v4/spreadsheets/18SOvJ1o8NiasANGlPMyIz7MmYki7zpQk1GWZ_DBYW-o/values/%27%D0%9D%D0%B0%D1%81%D1%82%D1%80%D0%BE%D0%B9%D0%BA%D0%B8%27%21B7 HTTP/1.1" 200 None
2024-06-17 20:00:02,579 DEBUG https://sheets.googleapis.com:443 "GET /v4/spreadsheets/18SOvJ1o8NiasANGlPMyIz7MmYki7zpQk1GWZ_DBYW-o/values/%27%D0%9D%D0%B0%D1%81%D1%82%D1%80%D0%BE%D0%B9%D0%BA%D0%B8%27%21B8 HTTP/1.1" 200 None
2024-06-17 20:00:02,880 DEBUG https://sheets.googleapis.com:443 "GET /v4/spreadsheets/18SOvJ1o8NiasANGlPMyIz7MmYki7zpQk1GWZ_DBYW-o/values/%27%D0%9D%D0%B0%D1%81%D1%82%D1%80%D0%BE%D0%B9%D0%BA%D0%B8%27%21B9 HTTP/1.1" 200 None
2024-06-17 20:00:03,146 DEBUG https://sheets.googleapis.com:443 "GET /v4/spreadsheets/18SOvJ1o8NiasANGlPMyIz7MmYki7zpQk1GWZ_DBYW-o/values/%27%D0%9D%D0%B0%D1%81%D1%82%D1%80%D0%BE%D0%B9%D0%BA%D0%B8%27%21B10 HTTP/1.1" 200 None
2024-06-17 20:00:03,402 DEBUG https://sheets.googleapis.com:443 "GET /v4/spreadsheets/18SOvJ1o8NiasANGlPMyIz7MmYki7zpQk1GWZ_DBYW-o/values/%27%D0%9D%D0%B0%D1%81%D1%82%D1%80%D0%BE%D0%B9%D0%BA%D0%B8%27%21B11 HTTP/1.1" 200 None
2024-06-17 20:00:03,668 DEBUG https://sheets.googleapis.com:443 "GET /v4/spreadsheets/18SOvJ1o8NiasANGlPMyIz7MmYki7zpQk1GWZ_DBYW-o/values/%27%D0%9D%D0%B0%D1%81%D1%82%D1%80%D0%BE%D0%B9%D0%BA%D0%B8%27%21K3 HTTP/1.1" 200 None
2024-06-17 20:00:03,938 DEBUG https://sheets.googleapis.com:443 "GET /v4/spreadsheets/18SOvJ1o8NiasANGlPMyIz7MmYki7zpQk1GWZ_DBYW-o/values/%27%D0%9D%D0%B0%D1%81%D1%82%D1%80%D0%BE%D0%B9%D0%BA%D0%B8%27%21K4 HTTP/1.1" 200 None
2024-06-17 20:00:03,938 DEBUG CreateFileName инициализирован
2024-06-17 20:00:03,938 DEBUG TournamentActions инициализирован
2024-06-17 20:00:03,938 DEBUG TablesControl инициализирован
2024-06-17 20:00:03,938 DEBUG InstantHandHistoryController инициализирован
2024-06-17 20:00:03,939 DEBUG Converted retries value: 3 -> Retry(total=3, connect=None, read=None, redirect=None, status=None)
2024-06-17 20:00:03,967 DEBUG Making request: POST https://oauth2.googleapis.com/token
2024-06-17 20:00:03,968 DEBUG Starting new HTTPS connection (1): oauth2.googleapis.com:443
2024-06-17 20:00:05,500 DEBUG https://oauth2.googleapis.com:443 "POST /token HTTP/1.1" 200 None
2024-06-17 20:00:05,501 DEBUG Starting new HTTPS connection (1): sheets.googleapis.com:443
2024-06-17 20:00:06,292 DEBUG https://sheets.googleapis.com:443 "GET /v4/spreadsheets/18SOvJ1o8NiasANGlPMyIz7MmYki7zpQk1GWZ_DBYW-o?includeGridData=false HTTP/1.1" 200 None
2024-06-17 20:00:06,561 DEBUG https://sheets.googleapis.com:443 "GET /v4/spreadsheets/18SOvJ1o8NiasANGlPMyIz7MmYki7zpQk1GWZ_DBYW-o?includeGridData=false HTTP/1.1" 200 None
2024-06-17 20:00:06,562 DEBUG GetStatistics инициализирован
2024-06-17 20:00:06,563 DEBUG Converted retries value: 3 -> Retry(total=3, connect=None, read=None, redirect=None, status=None)
2024-06-17 20:00:06,590 DEBUG Making request: POST https://oauth2.googleapis.com/token
2024-06-17 20:00:06,592 DEBUG Starting new HTTPS connection (1): oauth2.googleapis.com:443
2024-06-17 20:00:07,122 DEBUG https://oauth2.googleapis.com:443 "POST /token HTTP/1.1" 200 None
2024-06-17 20:00:07,123 DEBUG Starting new HTTPS connection (1): sheets.googleapis.com:443
2024-06-17 20:00:07,859 DEBUG https://sheets.googleapis.com:443 "GET /v4/spreadsheets/18SOvJ1o8NiasANGlPMyIz7MmYki7zpQk1GWZ_DBYW-o?includeGridData=false HTTP/1.1" 200 None
2024-06-17 20:00:08,113 DEBUG https://sheets.googleapis.com:443 "GET /v4/spreadsheets/18SOvJ1o8NiasANGlPMyIz7MmYki7zpQk1GWZ_DBYW-o?includeGridData=false HTTP/1.1" 200 None
2024-06-17 20:00:08,115 DEBUG WriteStatistics инициализирован
2024-06-17 20:00:08,115 DEBUG DealsAndFiles инициализирован
2024-06-17 20:00:08,115 DEBUG Windows инициализирован
2024-06-17 20:00:08,115 DEBUG Список турниров в файле очищен
2024-06-17 20:00:08,400 DEBUG https://sheets.googleapis.com:443 "GET /v4/spreadsheets/18SOvJ1o8NiasANGlPMyIz7MmYki7zpQk1GWZ_DBYW-o/values/%27%D0%A1%D1%82%D0%B0%D1%82%D0%B8%D1%81%D1%82%D0%B8%D0%BA%D0%B0%20ES%27%21D2 HTTP/1.1" 200 None
2024-06-17 20:00:08,400 DEBUG На данный момент открыто 1 столов
2024-06-17 20:00:08,400 DEBUG Столов меньше чем 21
2024-06-17 20:00:08,400 DEBUG Начало открытия новых столов
2024-06-17 20:00:09,461 DEBUG Главное окно получено
2024-06-17 20:00:09,461 DEBUG Переход к открытию новых столов
2024-06-17 20:00:10,226 DEBUG running "pil" in child process
2024-06-17 20:00:10,228 DEBUG command: ['C:\\Users\\alcho\\NkBor\\PokerStarsParser\\.venv\\Scripts\\python.exe', '-m', 'pyscreenshot.cli.grab', '--filename', 'C:\\Users\\alcho\\AppData\\Local\\Temp\\pyscreenshotnpwk6guc\\screenshot.png', '--bbox', '1560:238:1585:270', '--backend', 'pil', '--debug']
2024-06-17 20:00:10,239 DEBUG process was started (pid=25664)
2024-06-17 20:00:10,587 DEBUG process has ended, return code=0
2024-06-17 20:00:10,587 DEBUG stdout=
2024-06-17 20:00:10,587 DEBUG stderr=
2024-06-17 20:00:10,606 DEBUG STREAM b'IHDR' 16 13
2024-06-17 20:00:10,606 DEBUG STREAM b'IDAT' 41 528
2024-06-17 20:00:10,928 DEBUG https://sheets.googleapis.com:443 "PUT /v4/spreadsheets/18SOvJ1o8NiasANGlPMyIz7MmYki7zpQk1GWZ_DBYW-o/values/%27%D0%A1%D1%82%D0%B0%D1%82%D0%B8%D1%81%D1%82%D0%B8%D0%BA%D0%B0%20ES%27%21D2?valueInputOption=RAW HTTP/1.1" 200 None
2024-06-17 20:00:13,896 DEBUG running "pil" in child process
2024-06-17 20:00:13,897 DEBUG command: ['C:\\Users\\alcho\\NkBor\\PokerStarsParser\\.venv\\Scripts\\python.exe', '-m', 'pyscreenshot.cli.grab', '--filename', 'C:\\Users\\alcho\\AppData\\Local\\Temp\\pyscreenshotzoxfd2c9\\screenshot.png', '--bbox', '467:250:482:263', '--backend', 'pil', '--debug']
2024-06-17 20:00:13,906 DEBUG process was started (pid=19536)
2024-06-17 20:00:14,159 DEBUG process has ended, return code=0
2024-06-17 20:00:14,159 DEBUG stdout=
2024-06-17 20:00:14,159 DEBUG stderr=
2024-06-17 20:00:14,163 DEBUG STREAM b'IHDR' 16 13
2024-06-17 20:00:14,163 DEBUG STREAM b'IDAT' 41 31
2024-06-17 20:00:14,168 DEBUG running "pil" in child process
2024-06-17 20:00:14,168 DEBUG command: ['C:\\Users\\alcho\\NkBor\\PokerStarsParser\\.venv\\Scripts\\python.exe', '-m', 'pyscreenshot.cli.grab', '--filename', 'C:\\Users\\alcho\\AppData\\Local\\Temp\\pyscreenshotaniubgya\\screenshot.png', '--bbox', '484:251:501:262', '--backend', 'pil', '--debug']
2024-06-17 20:00:14,175 DEBUG process was started (pid=6000)
2024-06-17 20:00:14,432 DEBUG process has ended, return code=0
2024-06-17 20:00:14,432 DEBUG stdout=
2024-06-17 20:00:14,432 DEBUG stderr=
2024-06-17 20:00:14,441 DEBUG STREAM b'IHDR' 16 13
2024-06-17 20:00:14,441 DEBUG STREAM b'IDAT' 41 134
2024-06-17 20:00:16,448 DEBUG Задержка 30 секунд
2024-06-17 20:00:49,757 DEBUG https://sheets.googleapis.com:443 "GET /v4/spreadsheets/18SOvJ1o8NiasANGlPMyIz7MmYki7zpQk1GWZ_DBYW-o/values/%27%D0%9D%D0%B0%D1%81%D1%82%D1%80%D0%BE%D0%B9%D0%BA%D0%B8%27%21B3 HTTP/1.1" 200 None
2024-06-17 20:00:50,030 DEBUG https://sheets.googleapis.com:443 "GET /v4/spreadsheets/18SOvJ1o8NiasANGlPMyIz7MmYki7zpQk1GWZ_DBYW-o/values/%27%D0%9D%D0%B0%D1%81%D1%82%D1%80%D0%BE%D0%B9%D0%BA%D0%B8%27%21B4 HTTP/1.1" 200 None
2024-06-17 20:00:50,329 DEBUG https://sheets.googleapis.com:443 "GET /v4/spreadsheets/18SOvJ1o8NiasANGlPMyIz7MmYki7zpQk1GWZ_DBYW-o/values/%27%D0%9D%D0%B0%D1%81%D1%82%D1%80%D0%BE%D0%B9%D0%BA%D0%B8%27%21B5 HTTP/1.1" 200 None
2024-06-17 20:00:50,595 DEBUG https://sheets.googleapis.com:443 "GET /v4/spreadsheets/18SOvJ1o8NiasANGlPMyIz7MmYki7zpQk1GWZ_DBYW-o/values/%27%D0%9D%D0%B0%D1%81%D1%82%D1%80%D0%BE%D0%B9%D0%BA%D0%B8%27%21B6 HTTP/1.1" 200 None
2024-06-17 20:00:50,854 DEBUG https://sheets.googleapis.com:443 "GET /v4/spreadsheets/18SOvJ1o8NiasANGlPMyIz7MmYki7zpQk1GWZ_DBYW-o/values/%27%D0%9D%D0%B0%D1%81%D1%82%D1%80%D0%BE%D0%B9%D0%BA%D0%B8%27%21B7 HTTP/1.1" 200 None
2024-06-17 20:00:51,115 DEBUG https://sheets.googleapis.com:443 "GET /v4/spreadsheets/18SOvJ1o8NiasANGlPMyIz7MmYki7zpQk1GWZ_DBYW-o/values/%27%D0%9D%D0%B0%D1%81%D1%82%D1%80%D0%BE%D0%B9%D0%BA%D0%B8%27%21B8 HTTP/1.1" 200 None
2024-06-17 20:00:51,385 DEBUG https://sheets.googleapis.com:443 "GET /v4/spreadsheets/18SOvJ1o8NiasANGlPMyIz7MmYki7zpQk1GWZ_DBYW-o/values/%27%D0%9D%D0%B0%D1%81%D1%82%D1%80%D0%BE%D0%B9%D0%BA%D0%B8%27%21B9 HTTP/1.1" 200 None
2024-06-17 20:00:51,745 DEBUG https://sheets.googleapis.com:443 "GET /v4/spreadsheets/18SOvJ1o8NiasANGlPMyIz7MmYki7zpQk1GWZ_DBYW-o/values/%27%D0%9D%D0%B0%D1%81%D1%82%D1%80%D0%BE%D0%B9%D0%BA%D0%B8%27%21B10 HTTP/1.1" 200 None
2024-06-17 20:00:52,022 DEBUG https://sheets.googleapis.com:443 "GET /v4/spreadsheets/18SOvJ1o8NiasANGlPMyIz7MmYki7zpQk1GWZ_DBYW-o/values/%27%D0%9D%D0%B0%D1%81%D1%82%D1%80%D0%BE%D0%B9%D0%BA%D0%B8%27%21B11 HTTP/1.1" 200 None
2024-06-17 20:00:52,359 DEBUG https://sheets.googleapis.com:443 "GET /v4/spreadsheets/18SOvJ1o8NiasANGlPMyIz7MmYki7zpQk1GWZ_DBYW-o/values/%27%D0%9D%D0%B0%D1%81%D1%82%D1%80%D0%BE%D0%B9%D0%BA%D0%B8%27%21K3 HTTP/1.1" 200 None
2024-06-17 20:00:52,669 DEBUG https://sheets.googleapis.com:443 "GET /v4/spreadsheets/18SOvJ1o8NiasANGlPMyIz7MmYki7zpQk1GWZ_DBYW-o/values/%27%D0%9D%D0%B0%D1%81%D1%82%D1%80%D0%BE%D0%B9%D0%BA%D0%B8%27%21K4 HTTP/1.1" 200 None
2024-06-17 20:00:52,669 DEBUG CreateFileName инициализирован
2024-06-17 20:00:52,669 DEBUG TournamentActions инициализирован
2024-06-17 20:00:52,669 DEBUG TablesControl инициализирован
2024-06-17 20:00:52,669 DEBUG InstantHandHistoryController инициализирован
2024-06-17 20:00:52,670 DEBUG Converted retries value: 3 -> Retry(total=3, connect=None, read=None, redirect=None, status=None)
2024-06-17 20:00:52,701 DEBUG Making request: POST https://oauth2.googleapis.com/token
2024-06-17 20:00:52,702 DEBUG Starting new HTTPS connection (1): oauth2.googleapis.com:443
2024-06-17 20:00:53,241 DEBUG https://oauth2.googleapis.com:443 "POST /token HTTP/1.1" 200 None
2024-06-17 20:00:53,242 DEBUG Starting new HTTPS connection (1): sheets.googleapis.com:443
2024-06-17 20:00:54,030 DEBUG https://sheets.googleapis.com:443 "GET /v4/spreadsheets/18SOvJ1o8NiasANGlPMyIz7MmYki7zpQk1GWZ_DBYW-o?includeGridData=false HTTP/1.1" 200 None
2024-06-17 20:00:54,282 DEBUG https://sheets.googleapis.com:443 "GET /v4/spreadsheets/18SOvJ1o8NiasANGlPMyIz7MmYki7zpQk1GWZ_DBYW-o?includeGridData=false HTTP/1.1" 200 None
2024-06-17 20:00:54,283 DEBUG GetStatistics инициализирован
2024-06-17 20:00:54,284 DEBUG Converted retries value: 3 -> Retry(total=3, connect=None, read=None, redirect=None, status=None)
2024-06-17 20:00:54,314 DEBUG Making request: POST https://oauth2.googleapis.com/token
2024-06-17 20:00:54,315 DEBUG Starting new HTTPS connection (1): oauth2.googleapis.com:443
2024-06-17 20:00:54,820 DEBUG https://oauth2.googleapis.com:443 "POST /token HTTP/1.1" 200 None
2024-06-17 20:00:54,821 DEBUG Starting new HTTPS connection (1): sheets.googleapis.com:443
2024-06-17 20:00:55,540 DEBUG https://sheets.googleapis.com:443 "GET /v4/spreadsheets/18SOvJ1o8NiasANGlPMyIz7MmYki7zpQk1GWZ_DBYW-o?includeGridData=false HTTP/1.1" 200 None
2024-06-17 20:00:55,800 DEBUG https://sheets.googleapis.com:443 "GET /v4/spreadsheets/18SOvJ1o8NiasANGlPMyIz7MmYki7zpQk1GWZ_DBYW-o?includeGridData=false HTTP/1.1" 200 None
2024-06-17 20:00:55,801 DEBUG WriteStatistics инициализирован
2024-06-17 20:00:55,801 DEBUG DealsAndFiles инициализирован
2024-06-17 20:00:55,801 DEBUG Windows инициализирован
2024-06-17 20:00:55,801 DEBUG Список турниров в файле очищен
2024-06-17 20:00:56,083 DEBUG https://sheets.googleapis.com:443 "GET /v4/spreadsheets/18SOvJ1o8NiasANGlPMyIz7MmYki7zpQk1GWZ_DBYW-o/values/%27%D0%A1%D1%82%D0%B0%D1%82%D0%B8%D1%81%D1%82%D0%B8%D0%BA%D0%B0%20ES%27%21D2 HTTP/1.1" 200 None
2024-06-17 20:00:56,083 DEBUG На данный момент открыто 0 столов
2024-06-17 20:00:56,083 DEBUG Столов меньше чем 21
2024-06-17 20:00:56,083 DEBUG Начало открытия новых столов
2024-06-17 20:00:57,172 DEBUG Главное окно получено
2024-06-17 20:00:57,172 DEBUG Переход к открытию новых столов
2024-06-17 20:00:57,941 DEBUG running "pil" in child process
2024-06-17 20:00:57,942 DEBUG command: ['C:\\Users\\alcho\\NkBor\\PokerStarsParser\\.venv\\Scripts\\python.exe', '-m', 'pyscreenshot.cli.grab', '--filename', 'C:\\Users\\alcho\\AppData\\Local\\Temp\\pyscreenshotfcexpdqc\\screenshot.png', '--bbox', '1560:238:1585:270', '--backend', 'pil', '--debug']
2024-06-17 20:00:57,948 DEBUG process was started (pid=20360)
2024-06-17 20:00:58,197 DEBUG process has ended, return code=0
2024-06-17 20:00:58,197 DEBUG stdout=
2024-06-17 20:00:58,197 DEBUG stderr=
2024-06-17 20:00:58,210 DEBUG STREAM b'IHDR' 16 13
2024-06-17 20:00:58,210 DEBUG STREAM b'IDAT' 41 528
2024-06-17 20:00:58,525 DEBUG https://sheets.googleapis.com:443 "PUT /v4/spreadsheets/18SOvJ1o8NiasANGlPMyIz7MmYki7zpQk1GWZ_DBYW-o/values/%27%D0%A1%D1%82%D0%B0%D1%82%D0%B8%D1%81%D1%82%D0%B8%D0%BA%D0%B0%20ES%27%21D2?valueInputOption=RAW HTTP/1.1" 200 None
2024-06-17 20:01:01,492 DEBUG running "pil" in child process
2024-06-17 20:01:01,492 DEBUG command: ['C:\\Users\\alcho\\NkBor\\PokerStarsParser\\.venv\\Scripts\\python.exe', '-m', 'pyscreenshot.cli.grab', '--filename', 'C:\\Users\\alcho\\AppData\\Local\\Temp\\pyscreenshotmmj428p_\\screenshot.png', '--bbox', '467:250:482:263', '--backend', 'pil', '--debug']
2024-06-17 20:01:01,498 DEBUG process was started (pid=8052)
2024-06-17 20:01:01,757 DEBUG process has ended, return code=0
2024-06-17 20:01:01,757 DEBUG stdout=
2024-06-17 20:01:01,757 DEBUG stderr=
2024-06-17 20:01:01,759 DEBUG STREAM b'IHDR' 16 13
2024-06-17 20:01:01,759 DEBUG STREAM b'IDAT' 41 31
2024-06-17 20:01:01,763 DEBUG running "pil" in child process
2024-06-17 20:01:01,764 DEBUG command: ['C:\\Users\\alcho\\NkBor\\PokerStarsParser\\.venv\\Scripts\\python.exe', '-m', 'pyscreenshot.cli.grab', '--filename', 'C:\\Users\\alcho\\AppData\\Local\\Temp\\pyscreenshot5g8q3eg3\\screenshot.png', '--bbox', '484:251:501:262', '--backend', 'pil', '--debug']
2024-06-17 20:01:01,772 DEBUG process was started (pid=17944)
2024-06-17 20:01:02,027 DEBUG process has ended, return code=0
2024-06-17 20:01:02,027 DEBUG stdout=
2024-06-17 20:01:02,027 DEBUG stderr=
2024-06-17 20:01:02,028 DEBUG STREAM b'IHDR' 16 13
2024-06-17 20:01:02,028 DEBUG STREAM b'IDAT' 41 134
2024-06-17 20:01:04,033 DEBUG Задержка 30 секунд
2024-06-17 20:02:43,190 DEBUG https://sheets.googleapis.com:443 "GET /v4/spreadsheets/18SOvJ1o8NiasANGlPMyIz7MmYki7zpQk1GWZ_DBYW-o/values/%27%D0%9D%D0%B0%D1%81%D1%82%D1%80%D0%BE%D0%B9%D0%BA%D0%B8%27%21B3 HTTP/1.1" 200 None
2024-06-17 20:02:43,447 DEBUG https://sheets.googleapis.com:443 "GET /v4/spreadsheets/18SOvJ1o8NiasANGlPMyIz7MmYki7zpQk1GWZ_DBYW-o/values/%27%D0%9D%D0%B0%D1%81%D1%82%D1%80%D0%BE%D0%B9%D0%BA%D0%B8%27%21B4 HTTP/1.1" 200 None
2024-06-17 20:02:43,712 DEBUG https://sheets.googleapis.com:443 "GET /v4/spreadsheets/18SOvJ1o8NiasANGlPMyIz7MmYki7zpQk1GWZ_DBYW-o/values/%27%D0%9D%D0%B0%D1%81%D1%82%D1%80%D0%BE%D0%B9%D0%BA%D0%B8%27%21B5 HTTP/1.1" 200 None
2024-06-17 20:02:43,972 DEBUG https://sheets.googleapis.com:443 "GET /v4/spreadsheets/18SOvJ1o8NiasANGlPMyIz7MmYki7zpQk1GWZ_DBYW-o/values/%27%D0%9D%D0%B0%D1%81%D1%82%D1%80%D0%BE%D0%B9%D0%BA%D0%B8%27%21B6 HTTP/1.1" 200 None
2024-06-17 20:02:44,219 DEBUG https://sheets.googleapis.com:443 "GET /v4/spreadsheets/18SOvJ1o8NiasANGlPMyIz7MmYki7zpQk1GWZ_DBYW-o/values/%27%D0%9D%D0%B0%D1%81%D1%82%D1%80%D0%BE%D0%B9%D0%BA%D0%B8%27%21B7 HTTP/1.1" 200 None
2024-06-17 20:02:44,460 DEBUG https://sheets.googleapis.com:443 "GET /v4/spreadsheets/18SOvJ1o8NiasANGlPMyIz7MmYki7zpQk1GWZ_DBYW-o/values/%27%D0%9D%D0%B0%D1%81%D1%82%D1%80%D0%BE%D0%B9%D0%BA%D0%B8%27%21B8 HTTP/1.1" 200 None
2024-06-17 20:02:44,720 DEBUG https://sheets.googleapis.com:443 "GET /v4/spreadsheets/18SOvJ1o8NiasANGlPMyIz7MmYki7zpQk1GWZ_DBYW-o/values/%27%D0%9D%D0%B0%D1%81%D1%82%D1%80%D0%BE%D0%B9%D0%BA%D0%B8%27%21B9 HTTP/1.1" 200 None
2024-06-17 20:02:44,974 DEBUG https://sheets.googleapis.com:443 "GET /v4/spreadsheets/18SOvJ1o8NiasANGlPMyIz7MmYki7zpQk1GWZ_DBYW-o/values/%27%D0%9D%D0%B0%D1%81%D1%82%D1%80%D0%BE%D0%B9%D0%BA%D0%B8%27%21B10 HTTP/1.1" 200 None
2024-06-17 20:02:45,236 DEBUG https://sheets.googleapis.com:443 "GET /v4/spreadsheets/18SOvJ1o8NiasANGlPMyIz7MmYki7zpQk1GWZ_DBYW-o/values/%27%D0%9D%D0%B0%D1%81%D1%82%D1%80%D0%BE%D0%B9%D0%BA%D0%B8%27%21B11 HTTP/1.1" 200 None
2024-06-17 20:02:45,488 DEBUG https://sheets.googleapis.com:443 "GET /v4/spreadsheets/18SOvJ1o8NiasANGlPMyIz7MmYki7zpQk1GWZ_DBYW-o/values/%27%D0%9D%D0%B0%D1%81%D1%82%D1%80%D0%BE%D0%B9%D0%BA%D0%B8%27%21K3 HTTP/1.1" 200 None
2024-06-17 20:02:45,771 DEBUG https://sheets.googleapis.com:443 "GET /v4/spreadsheets/18SOvJ1o8NiasANGlPMyIz7MmYki7zpQk1GWZ_DBYW-o/values/%27%D0%9D%D0%B0%D1%81%D1%82%D1%80%D0%BE%D0%B9%D0%BA%D0%B8%27%21K4 HTTP/1.1" 200 None
2024-06-17 20:02:45,771 DEBUG CreateFileName инициализирован
2024-06-17 20:02:45,771 DEBUG TournamentActions инициализирован
2024-06-17 20:02:45,771 DEBUG TablesControl инициализирован
2024-06-17 20:02:45,771 DEBUG InstantHandHistoryController инициализирован
2024-06-17 20:02:45,773 DEBUG Converted retries value: 3 -> Retry(total=3, connect=None, read=None, redirect=None, status=None)
2024-06-17 20:02:45,800 DEBUG Making request: POST https://oauth2.googleapis.com/token
2024-06-17 20:02:45,800 DEBUG Starting new HTTPS connection (1): oauth2.googleapis.com:443
2024-06-17 20:02:46,312 DEBUG https://oauth2.googleapis.com:443 "POST /token HTTP/1.1" 200 None
2024-06-17 20:02:46,313 DEBUG Starting new HTTPS connection (1): sheets.googleapis.com:443
2024-06-17 20:02:47,112 DEBUG https://sheets.googleapis.com:443 "GET /v4/spreadsheets/18SOvJ1o8NiasANGlPMyIz7MmYki7zpQk1GWZ_DBYW-o?includeGridData=false HTTP/1.1" 200 None
2024-06-17 20:02:47,375 DEBUG https://sheets.googleapis.com:443 "GET /v4/spreadsheets/18SOvJ1o8NiasANGlPMyIz7MmYki7zpQk1GWZ_DBYW-o?includeGridData=false HTTP/1.1" 200 None
2024-06-17 20:02:47,376 DEBUG GetStatistics инициализирован
2024-06-17 20:02:47,378 DEBUG Converted retries value: 3 -> Retry(total=3, connect=None, read=None, redirect=None, status=None)
2024-06-17 20:02:47,407 DEBUG Making request: POST https://oauth2.googleapis.com/token
2024-06-17 20:02:47,408 DEBUG Starting new HTTPS connection (1): oauth2.googleapis.com:443
2024-06-17 20:02:47,907 DEBUG https://oauth2.googleapis.com:443 "POST /token HTTP/1.1" 200 None
2024-06-17 20:02:47,908 DEBUG Starting new HTTPS connection (1): sheets.googleapis.com:443
2024-06-17 20:02:48,642 DEBUG https://sheets.googleapis.com:443 "GET /v4/spreadsheets/18SOvJ1o8NiasANGlPMyIz7MmYki7zpQk1GWZ_DBYW-o?includeGridData=false HTTP/1.1" 200 None
2024-06-17 20:02:48,898 DEBUG https://sheets.googleapis.com:443 "GET /v4/spreadsheets/18SOvJ1o8NiasANGlPMyIz7MmYki7zpQk1GWZ_DBYW-o?includeGridData=false HTTP/1.1" 200 None
2024-06-17 20:02:48,899 DEBUG WriteStatistics инициализирован
2024-06-17 20:02:48,899 DEBUG DealsAndFiles инициализирован
2024-06-17 20:02:48,899 DEBUG Windows инициализирован
2024-06-17 20:02:48,899 DEBUG Список турниров в файле очищен
2024-06-17 20:02:49,160 DEBUG https://sheets.googleapis.com:443 "GET /v4/spreadsheets/18SOvJ1o8NiasANGlPMyIz7MmYki7zpQk1GWZ_DBYW-o/values/%27%D0%A1%D1%82%D0%B0%D1%82%D0%B8%D1%81%D1%82%D0%B8%D0%BA%D0%B0%20ES%27%21D2 HTTP/1.1" 200 None
2024-06-17 20:02:49,160 DEBUG На данный момент открыто 0 столов
2024-06-17 20:02:49,160 DEBUG Столов меньше чем 21
2024-06-17 20:02:49,160 DEBUG Начало открытия новых столов
2024-06-17 20:02:50,266 DEBUG Главное окно получено
2024-06-17 20:02:50,266 DEBUG Переход к открытию новых столов
2024-06-17 20:02:51,034 DEBUG running "pil" in child process
2024-06-17 20:02:51,034 DEBUG command: ['C:\\Users\\alcho\\NkBor\\PokerStarsParser\\.venv\\Scripts\\python.exe', '-m', 'pyscreenshot.cli.grab', '--filename', 'C:\\Users\\alcho\\AppData\\Local\\Temp\\pyscreenshota4kk2m_s\\screenshot.png', '--bbox', '1560:238:1585:270', '--backend', 'pil', '--debug']
2024-06-17 20:02:51,042 DEBUG process was started (pid=18196)
2024-06-17 20:02:51,288 DEBUG process has ended, return code=0
2024-06-17 20:02:51,288 DEBUG stdout=
2024-06-17 20:02:51,288 DEBUG stderr=
2024-06-17 20:02:51,300 DEBUG STREAM b'IHDR' 16 13
2024-06-17 20:02:51,300 DEBUG STREAM b'IDAT' 41 528
2024-06-17 20:02:51,615 DEBUG https://sheets.googleapis.com:443 "PUT /v4/spreadsheets/18SOvJ1o8NiasANGlPMyIz7MmYki7zpQk1GWZ_DBYW-o/values/%27%D0%A1%D1%82%D0%B0%D1%82%D0%B8%D1%81%D1%82%D0%B8%D0%BA%D0%B0%20ES%27%21D2?valueInputOption=RAW HTTP/1.1" 200 None
2024-06-17 20:02:54,589 DEBUG running "pil" in child process
2024-06-17 20:02:54,589 DEBUG command: ['C:\\Users\\alcho\\NkBor\\PokerStarsParser\\.venv\\Scripts\\python.exe', '-m', 'pyscreenshot.cli.grab', '--filename', 'C:\\Users\\alcho\\AppData\\Local\\Temp\\pyscreenshotmaq_7qqz\\screenshot.png', '--bbox', '467:250:482:263', '--backend', 'pil', '--debug']
2024-06-17 20:02:54,595 DEBUG process was started (pid=17112)
2024-06-17 20:02:54,831 DEBUG process has ended, return code=0
2024-06-17 20:02:54,832 DEBUG stdout=
2024-06-17 20:02:54,832 DEBUG stderr=
2024-06-17 20:02:54,833 DEBUG STREAM b'IHDR' 16 13
2024-06-17 20:02:54,833 DEBUG STREAM b'IDAT' 41 31
2024-06-17 20:02:54,836 DEBUG running "pil" in child process
2024-06-17 20:02:54,836 DEBUG command: ['C:\\Users\\alcho\\NkBor\\PokerStarsParser\\.venv\\Scripts\\python.exe', '-m', 'pyscreenshot.cli.grab', '--filename', 'C:\\Users\\alcho\\AppData\\Local\\Temp\\pyscreenshotzg1r6hzi\\screenshot.png', '--bbox', '484:251:501:262', '--backend', 'pil', '--debug']
2024-06-17 20:02:54,842 DEBUG process was started (pid=8284)
2024-06-17 20:02:55,084 DEBUG process has ended, return code=0
2024-06-17 20:02:55,084 DEBUG stdout=
2024-06-17 20:02:55,084 DEBUG stderr=
2024-06-17 20:02:55,085 DEBUG STREAM b'IHDR' 16 13
2024-06-17 20:02:55,085 DEBUG STREAM b'IDAT' 41 134
2024-06-17 20:02:57,089 DEBUG Задержка 30 секунд
2024-06-17 20:03:45,492 DEBUG https://sheets.googleapis.com:443 "GET /v4/spreadsheets/18SOvJ1o8NiasANGlPMyIz7MmYki7zpQk1GWZ_DBYW-o/values/%27%D0%9D%D0%B0%D1%81%D1%82%D1%80%D0%BE%D0%B9%D0%BA%D0%B8%27%21B3 HTTP/1.1" 200 None
2024-06-17 20:03:45,750 DEBUG https://sheets.googleapis.com:443 "GET /v4/spreadsheets/18SOvJ1o8NiasANGlPMyIz7MmYki7zpQk1GWZ_DBYW-o/values/%27%D0%9D%D0%B0%D1%81%D1%82%D1%80%D0%BE%D0%B9%D0%BA%D0%B8%27%21B4 HTTP/1.1" 200 None
2024-06-17 20:03:46,017 DEBUG https://sheets.googleapis.com:443 "GET /v4/spreadsheets/18SOvJ1o8NiasANGlPMyIz7MmYki7zpQk1GWZ_DBYW-o/values/%27%D0%9D%D0%B0%D1%81%D1%82%D1%80%D0%BE%D0%B9%D0%BA%D0%B8%27%21B5 HTTP/1.1" 200 None
2024-06-17 20:03:46,300 DEBUG https://sheets.googleapis.com:443 "GET /v4/spreadsheets/18SOvJ1o8NiasANGlPMyIz7MmYki7zpQk1GWZ_DBYW-o/values/%27%D0%9D%D0%B0%D1%81%D1%82%D1%80%D0%BE%D0%B9%D0%BA%D0%B8%27%21B6 HTTP/1.1" 200 None
2024-06-17 20:03:46,563 DEBUG https://sheets.googleapis.com:443 "GET /v4/spreadsheets/18SOvJ1o8NiasANGlPMyIz7MmYki7zpQk1GWZ_DBYW-o/values/%27%D0%9D%D0%B0%D1%81%D1%82%D1%80%D0%BE%D0%B9%D0%BA%D0%B8%27%21B7 HTTP/1.1" 200 None
2024-06-17 20:03:46,837 DEBUG https://sheets.googleapis.com:443 "GET /v4/spreadsheets/18SOvJ1o8NiasANGlPMyIz7MmYki7zpQk1GWZ_DBYW-o/values/%27%D0%9D%D0%B0%D1%81%D1%82%D1%80%D0%BE%D0%B9%D0%BA%D0%B8%27%21B8 HTTP/1.1" 200 None
2024-06-17 20:03:47,101 DEBUG https://sheets.googleapis.com:443 "GET /v4/spreadsheets/18SOvJ1o8NiasANGlPMyIz7MmYki7zpQk1GWZ_DBYW-o/values/%27%D0%9D%D0%B0%D1%81%D1%82%D1%80%D0%BE%D0%B9%D0%BA%D0%B8%27%21B9 HTTP/1.1" 200 None
2024-06-17 20:03:47,365 DEBUG https://sheets.googleapis.com:443 "GET /v4/spreadsheets/18SOvJ1o8NiasANGlPMyIz7MmYki7zpQk1GWZ_DBYW-o/values/%27%D0%9D%D0%B0%D1%81%D1%82%D1%80%D0%BE%D0%B9%D0%BA%D0%B8%27%21B10 HTTP/1.1" 200 None
2024-06-17 20:03:47,621 DEBUG https://sheets.googleapis.com:443 "GET /v4/spreadsheets/18SOvJ1o8NiasANGlPMyIz7MmYki7zpQk1GWZ_DBYW-o/values/%27%D0%9D%D0%B0%D1%81%D1%82%D1%80%D0%BE%D0%B9%D0%BA%D0%B8%27%21B11 HTTP/1.1" 200 None
2024-06-17 20:03:47,882 DEBUG https://sheets.googleapis.com:443 "GET /v4/spreadsheets/18SOvJ1o8NiasANGlPMyIz7MmYki7zpQk1GWZ_DBYW-o/values/%27%D0%9D%D0%B0%D1%81%D1%82%D1%80%D0%BE%D0%B9%D0%BA%D0%B8%27%21K3 HTTP/1.1" 200 None
2024-06-17 20:03:48,138 DEBUG https://sheets.googleapis.com:443 "GET /v4/spreadsheets/18SOvJ1o8NiasANGlPMyIz7MmYki7zpQk1GWZ_DBYW-o/values/%27%D0%9D%D0%B0%D1%81%D1%82%D1%80%D0%BE%D0%B9%D0%BA%D0%B8%27%21K4 HTTP/1.1" 200 None
2024-06-17 20:03:48,139 DEBUG CreateFileName инициализирован
2024-06-17 20:03:48,139 DEBUG TournamentActions инициализирован
2024-06-17 20:03:48,139 DEBUG TablesControl инициализирован
2024-06-17 20:03:48,139 DEBUG InstantHandHistoryController инициализирован
2024-06-17 20:03:48,140 DEBUG Converted retries value: 3 -> Retry(total=3, connect=None, read=None, redirect=None, status=None)
2024-06-17 20:03:48,167 DEBUG Making request: POST https://oauth2.googleapis.com/token
2024-06-17 20:03:48,168 DEBUG Starting new HTTPS connection (1): oauth2.googleapis.com:443
2024-06-17 20:03:48,636 DEBUG https://oauth2.googleapis.com:443 "POST /token HTTP/1.1" 200 None
2024-06-17 20:03:48,636 DEBUG Starting new HTTPS connection (1): sheets.googleapis.com:443
2024-06-17 20:03:49,350 DEBUG https://sheets.googleapis.com:443 "GET /v4/spreadsheets/18SOvJ1o8NiasANGlPMyIz7MmYki7zpQk1GWZ_DBYW-o?includeGridData=false HTTP/1.1" 200 None
2024-06-17 20:03:49,603 DEBUG https://sheets.googleapis.com:443 "GET /v4/spreadsheets/18SOvJ1o8NiasANGlPMyIz7MmYki7zpQk1GWZ_DBYW-o?includeGridData=false HTTP/1.1" 200 None
2024-06-17 20:03:49,604 DEBUG GetStatistics инициализирован
2024-06-17 20:03:49,605 DEBUG Converted retries value: 3 -> Retry(total=3, connect=None, read=None, redirect=None, status=None)
2024-06-17 20:03:49,632 DEBUG Making request: POST https://oauth2.googleapis.com/token
2024-06-17 20:03:49,633 DEBUG Starting new HTTPS connection (1): oauth2.googleapis.com:443
2024-06-17 20:03:50,106 DEBUG https://oauth2.googleapis.com:443 "POST /token HTTP/1.1" 200 None
2024-06-17 20:03:50,107 DEBUG Starting new HTTPS connection (1): sheets.googleapis.com:443
2024-06-17 20:03:50,805 DEBUG https://sheets.googleapis.com:443 "GET /v4/spreadsheets/18SOvJ1o8NiasANGlPMyIz7MmYki7zpQk1GWZ_DBYW-o?includeGridData=false HTTP/1.1" 200 None
2024-06-17 20:03:51,351 DEBUG https://sheets.googleapis.com:443 "GET /v4/spreadsheets/18SOvJ1o8NiasANGlPMyIz7MmYki7zpQk1GWZ_DBYW-o?includeGridData=false HTTP/1.1" 200 None
2024-06-17 20:03:51,352 DEBUG WriteStatistics инициализирован
2024-06-17 20:03:51,352 DEBUG DealsAndFiles инициализирован
2024-06-17 20:03:51,352 DEBUG Windows инициализирован
2024-06-17 20:03:51,353 DEBUG Список турниров в файле очищен
2024-06-17 20:03:51,617 DEBUG https://sheets.googleapis.com:443 "GET /v4/spreadsheets/18SOvJ1o8NiasANGlPMyIz7MmYki7zpQk1GWZ_DBYW-o/values/%27%D0%A1%D1%82%D0%B0%D1%82%D0%B8%D1%81%D1%82%D0%B8%D0%BA%D0%B0%20ES%27%21D2 HTTP/1.1" 200 None
2024-06-17 20:03:51,618 DEBUG На данный момент открыто 0 столов
2024-06-17 20:03:51,618 DEBUG Столов меньше чем 21
2024-06-17 20:03:51,618 DEBUG Начало открытия новых столов
2024-06-17 20:03:52,409 DEBUG Главное окно получено
2024-06-17 20:03:52,409 DEBUG Переход к открытию новых столов
2024-06-17 20:03:53,174 DEBUG running "pil" in child process
2024-06-17 20:03:53,175 DEBUG command: ['C:\\Users\\alcho\\NkBor\\PokerStarsParser\\.venv\\Scripts\\python.exe', '-m', 'pyscreenshot.cli.grab', '--filename', 'C:\\Users\\alcho\\AppData\\Local\\Temp\\pyscreenshotn_3y294v\\screenshot.png', '--bbox', '1560:238:1585:270', '--backend', 'pil', '--debug']
2024-06-17 20:03:53,180 DEBUG process was started (pid=1680)
2024-06-17 20:03:53,396 DEBUG process has ended, return code=0
2024-06-17 20:03:53,396 DEBUG stdout=
2024-06-17 20:03:53,396 DEBUG stderr=
2024-06-17 20:03:53,406 DEBUG STREAM b'IHDR' 16 13
2024-06-17 20:03:53,406 DEBUG STREAM b'IDAT' 41 528
2024-06-17 20:03:53,706 DEBUG https://sheets.googleapis.com:443 "PUT /v4/spreadsheets/18SOvJ1o8NiasANGlPMyIz7MmYki7zpQk1GWZ_DBYW-o/values/%27%D0%A1%D1%82%D0%B0%D1%82%D0%B8%D1%81%D1%82%D0%B8%D0%BA%D0%B0%20ES%27%21D2?valueInputOption=RAW HTTP/1.1" 200 None
2024-06-17 20:03:56,670 DEBUG running "pil" in child process
2024-06-17 20:03:56,670 DEBUG command: ['C:\\Users\\alcho\\NkBor\\PokerStarsParser\\.venv\\Scripts\\python.exe', '-m', 'pyscreenshot.cli.grab', '--filename', 'C:\\Users\\alcho\\AppData\\Local\\Temp\\pyscreenshotl0hm4nyj\\screenshot.png', '--bbox', '467:250:482:263', '--backend', 'pil', '--debug']
2024-06-17 20:03:56,675 DEBUG process was started (pid=27296)
2024-06-17 20:03:56,904 DEBUG process has ended, return code=0
2024-06-17 20:03:56,905 DEBUG stdout=
2024-06-17 20:03:56,905 DEBUG stderr=
2024-06-17 20:03:56,906 DEBUG STREAM b'IHDR' 16 13
2024-06-17 20:03:56,906 DEBUG STREAM b'IDAT' 41 31
2024-06-17 20:03:56,909 DEBUG running "pil" in child process
2024-06-17 20:03:56,909 DEBUG command: ['C:\\Users\\alcho\\NkBor\\PokerStarsParser\\.venv\\Scripts\\python.exe', '-m', 'pyscreenshot.cli.grab', '--filename', 'C:\\Users\\alcho\\AppData\\Local\\Temp\\pyscreenshot2c4bi_z5\\screenshot.png', '--bbox', '484:251:501:262', '--backend', 'pil', '--debug']
2024-06-17 20:03:56,916 DEBUG process was started (pid=3592)
2024-06-17 20:03:57,139 DEBUG process has ended, return code=0
2024-06-17 20:03:57,140 DEBUG stdout=
2024-06-17 20:03:57,140 DEBUG stderr=
2024-06-17 20:03:57,141 DEBUG STREAM b'IHDR' 16 13
2024-06-17 20:03:57,141 DEBUG STREAM b'IDAT' 41 134
2024-06-17 20:03:59,145 DEBUG Задержка 30 секунд
2024-06-17 20:08:50,099 DEBUG https://sheets.googleapis.com:443 "GET /v4/spreadsheets/18SOvJ1o8NiasANGlPMyIz7MmYki7zpQk1GWZ_DBYW-o/values/%27%D0%9D%D0%B0%D1%81%D1%82%D1%80%D0%BE%D0%B9%D0%BA%D0%B8%27%21B3 HTTP/1.1" 200 None
2024-06-17 20:08:50,719 DEBUG https://sheets.googleapis.com:443 "GET /v4/spreadsheets/18SOvJ1o8NiasANGlPMyIz7MmYki7zpQk1GWZ_DBYW-o/values/%27%D0%9D%D0%B0%D1%81%D1%82%D1%80%D0%BE%D0%B9%D0%BA%D0%B8%27%21B4 HTTP/1.1" 200 None
2024-06-17 20:08:50,976 DEBUG https://sheets.googleapis.com:443 "GET /v4/spreadsheets/18SOvJ1o8NiasANGlPMyIz7MmYki7zpQk1GWZ_DBYW-o/values/%27%D0%9D%D0%B0%D1%81%D1%82%D1%80%D0%BE%D0%B9%D0%BA%D0%B8%27%21B5 HTTP/1.1" 200 None
2024-06-17 20:08:51,237 DEBUG https://sheets.googleapis.com:443 "GET /v4/spreadsheets/18SOvJ1o8NiasANGlPMyIz7MmYki7zpQk1GWZ_DBYW-o/values/%27%D0%9D%D0%B0%D1%81%D1%82%D1%80%D0%BE%D0%B9%D0%BA%D0%B8%27%21B6 HTTP/1.1" 200 None
2024-06-17 20:08:51,496 DEBUG https://sheets.googleapis.com:443 "GET /v4/spreadsheets/18SOvJ1o8NiasANGlPMyIz7MmYki7zpQk1GWZ_DBYW-o/values/%27%D0%9D%D0%B0%D1%81%D1%82%D1%80%D0%BE%D0%B9%D0%BA%D0%B8%27%21B7 HTTP/1.1" 200 None
2024-06-17 20:08:51,758 DEBUG https://sheets.googleapis.com:443 "GET /v4/spreadsheets/18SOvJ1o8NiasANGlPMyIz7MmYki7zpQk1GWZ_DBYW-o/values/%27%D0%9D%D0%B0%D1%81%D1%82%D1%80%D0%BE%D0%B9%D0%BA%D0%B8%27%21B8 HTTP/1.1" 200 None
2024-06-17 20:08:52,019 DEBUG https://sheets.googleapis.com:443 "GET /v4/spreadsheets/18SOvJ1o8NiasANGlPMyIz7MmYki7zpQk1GWZ_DBYW-o/values/%27%D0%9D%D0%B0%D1%81%D1%82%D1%80%D0%BE%D0%B9%D0%BA%D0%B8%27%21B9 HTTP/1.1" 200 None
2024-06-17 20:08:52,326 DEBUG https://sheets.googleapis.com:443 "GET /v4/spreadsheets/18SOvJ1o8NiasANGlPMyIz7MmYki7zpQk1GWZ_DBYW-o/values/%27%D0%9D%D0%B0%D1%81%D1%82%D1%80%D0%BE%D0%B9%D0%BA%D0%B8%27%21B10 HTTP/1.1" 200 None
2024-06-17 20:08:52,586 DEBUG https://sheets.googleapis.com:443 "GET /v4/spreadsheets/18SOvJ1o8NiasANGlPMyIz7MmYki7zpQk1GWZ_DBYW-o/values/%27%D0%9D%D0%B0%D1%81%D1%82%D1%80%D0%BE%D0%B9%D0%BA%D0%B8%27%21B11 HTTP/1.1" 200 None
2024-06-17 20:08:52,854 DEBUG https://sheets.googleapis.com:443 "GET /v4/spreadsheets/18SOvJ1o8NiasANGlPMyIz7MmYki7zpQk1GWZ_DBYW-o/values/%27%D0%9D%D0%B0%D1%81%D1%82%D1%80%D0%BE%D0%B9%D0%BA%D0%B8%27%21K3 HTTP/1.1" 200 None
2024-06-17 20:08:53,116 DEBUG https://sheets.googleapis.com:443 "GET /v4/spreadsheets/18SOvJ1o8NiasANGlPMyIz7MmYki7zpQk1GWZ_DBYW-o/values/%27%D0%9D%D0%B0%D1%81%D1%82%D1%80%D0%BE%D0%B9%D0%BA%D0%B8%27%21K4 HTTP/1.1" 200 None
2024-06-17 20:08:53,116 DEBUG CreateFileName инициализирован
2024-06-17 20:08:53,116 DEBUG TournamentActions инициализирован
2024-06-17 20:08:53,116 DEBUG TablesControl инициализирован
2024-06-17 20:08:53,116 DEBUG InstantHandHistoryController инициализирован
2024-06-17 20:08:53,118 DEBUG Converted retries value: 3 -> Retry(total=3, connect=None, read=None, redirect=None, status=None)
2024-06-17 20:08:53,145 DEBUG Making request: POST https://oauth2.googleapis.com/token
2024-06-17 20:08:53,146 DEBUG Starting new HTTPS connection (1): oauth2.googleapis.com:443
2024-06-17 20:08:53,640 DEBUG https://oauth2.googleapis.com:443 "POST /token HTTP/1.1" 200 None
2024-06-17 20:08:53,641 DEBUG Starting new HTTPS connection (1): sheets.googleapis.com:443
2024-06-17 20:08:54,376 DEBUG https://sheets.googleapis.com:443 "GET /v4/spreadsheets/18SOvJ1o8NiasANGlPMyIz7MmYki7zpQk1GWZ_DBYW-o?includeGridData=false HTTP/1.1" 200 None
2024-06-17 20:08:54,636 DEBUG https://sheets.googleapis.com:443 "GET /v4/spreadsheets/18SOvJ1o8NiasANGlPMyIz7MmYki7zpQk1GWZ_DBYW-o?includeGridData=false HTTP/1.1" 200 None
2024-06-17 20:08:54,638 DEBUG GetStatistics инициализирован
2024-06-17 20:08:54,639 DEBUG Converted retries value: 3 -> Retry(total=3, connect=None, read=None, redirect=None, status=None)
2024-06-17 20:08:54,666 DEBUG Making request: POST https://oauth2.googleapis.com/token
2024-06-17 20:08:54,667 DEBUG Starting new HTTPS connection (1): oauth2.googleapis.com:443
2024-06-17 20:08:55,141 DEBUG https://oauth2.googleapis.com:443 "POST /token HTTP/1.1" 200 None
2024-06-17 20:08:55,143 DEBUG Starting new HTTPS connection (1): sheets.googleapis.com:443
2024-06-17 20:08:55,869 DEBUG https://sheets.googleapis.com:443 "GET /v4/spreadsheets/18SOvJ1o8NiasANGlPMyIz7MmYki7zpQk1GWZ_DBYW-o?includeGridData=false HTTP/1.1" 200 None
2024-06-17 20:08:56,462 DEBUG https://sheets.googleapis.com:443 "GET /v4/spreadsheets/18SOvJ1o8NiasANGlPMyIz7MmYki7zpQk1GWZ_DBYW-o?includeGridData=false HTTP/1.1" 200 None
2024-06-17 20:08:56,463 DEBUG WriteStatistics инициализирован
2024-06-17 20:08:56,463 DEBUG DealsAndFiles инициализирован
2024-06-17 20:08:56,463 DEBUG Windows инициализирован
2024-06-17 20:08:56,463 DEBUG Список турниров в файле очищен
2024-06-17 20:08:56,743 DEBUG https://sheets.googleapis.com:443 "GET /v4/spreadsheets/18SOvJ1o8NiasANGlPMyIz7MmYki7zpQk1GWZ_DBYW-o/values/%27%D0%A1%D1%82%D0%B0%D1%82%D0%B8%D1%81%D1%82%D0%B8%D0%BA%D0%B0%20ES%27%21D2 HTTP/1.1" 200 None
2024-06-17 20:08:56,743 DEBUG На данный момент открыто 0 столов
2024-06-17 20:08:56,743 DEBUG Столов меньше чем 21
2024-06-17 20:08:56,743 DEBUG Начало открытия новых столов
2024-06-17 20:08:57,613 DEBUG Главное окно получено
2024-06-17 20:08:57,613 DEBUG Переход к открытию новых столов
2024-06-17 20:08:58,386 DEBUG running "pil" in child process
2024-06-17 20:08:58,388 DEBUG command: ['C:\\Users\\alcho\\NkBor\\PokerStarsParser\\.venv\\Scripts\\python.exe', '-m', 'pyscreenshot.cli.grab', '--filename', 'C:\\Users\\alcho\\AppData\\Local\\Temp\\pyscreenshot3yjqmspo\\screenshot.png', '--bbox', '1560:238:1585:270', '--backend', 'pil', '--debug']
2024-06-17 20:08:58,396 DEBUG process was started (pid=22616)
2024-06-17 20:08:58,631 DEBUG process has ended, return code=0
2024-06-17 20:08:58,631 DEBUG stdout=
2024-06-17 20:08:58,631 DEBUG stderr=
2024-06-17 20:08:58,644 DEBUG STREAM b'IHDR' 16 13
2024-06-17 20:08:58,644 DEBUG STREAM b'IDAT' 41 528
2024-06-17 20:08:59,322 DEBUG https://sheets.googleapis.com:443 "PUT /v4/spreadsheets/18SOvJ1o8NiasANGlPMyIz7MmYki7zpQk1GWZ_DBYW-o/values/%27%D0%A1%D1%82%D0%B0%D1%82%D0%B8%D1%81%D1%82%D0%B8%D0%BA%D0%B0%20ES%27%21D2?valueInputOption=RAW HTTP/1.1" 200 None
2024-06-17 20:09:02,304 DEBUG running "pil" in child process
2024-06-17 20:09:02,304 DEBUG command: ['C:\\Users\\alcho\\NkBor\\PokerStarsParser\\.venv\\Scripts\\python.exe', '-m', 'pyscreenshot.cli.grab', '--filename', 'C:\\Users\\alcho\\AppData\\Local\\Temp\\pyscreenshot21mm8sgq\\screenshot.png', '--bbox', '467:250:482:263', '--backend', 'pil', '--debug']
2024-06-17 20:09:02,310 DEBUG process was started (pid=21804)
2024-06-17 20:09:02,536 DEBUG process has ended, return code=0
2024-06-17 20:09:02,536 DEBUG stdout=
2024-06-17 20:09:02,536 DEBUG stderr=
2024-06-17 20:09:02,536 DEBUG STREAM b'IHDR' 16 13
2024-06-17 20:09:02,538 DEBUG STREAM b'IDAT' 41 31
2024-06-17 20:09:02,540 DEBUG running "pil" in child process
2024-06-17 20:09:02,541 DEBUG command: ['C:\\Users\\alcho\\NkBor\\PokerStarsParser\\.venv\\Scripts\\python.exe', '-m', 'pyscreenshot.cli.grab', '--filename', 'C:\\Users\\alcho\\AppData\\Local\\Temp\\pyscreenshotttt6eac3\\screenshot.png', '--bbox', '484:251:501:262', '--backend', 'pil', '--debug']
2024-06-17 20:09:02,546 DEBUG process was started (pid=16476)
2024-06-17 20:09:02,764 DEBUG process has ended, return code=0
2024-06-17 20:09:02,764 DEBUG stdout=
2024-06-17 20:09:02,764 DEBUG stderr=
2024-06-17 20:09:02,765 DEBUG STREAM b'IHDR' 16 13
2024-06-17 20:09:02,765 DEBUG STREAM b'IDAT' 41 134
2024-06-17 20:09:04,770 DEBUG Задержка 30 секунд
2024-06-17 20:12:06,195 DEBUG https://sheets.googleapis.com:443 "GET /v4/spreadsheets/18SOvJ1o8NiasANGlPMyIz7MmYki7zpQk1GWZ_DBYW-o/values/%27%D0%9D%D0%B0%D1%81%D1%82%D1%80%D0%BE%D0%B9%D0%BA%D0%B8%27%21B3 HTTP/1.1" 200 None
2024-06-17 20:12:06,466 DEBUG https://sheets.googleapis.com:443 "GET /v4/spreadsheets/18SOvJ1o8NiasANGlPMyIz7MmYki7zpQk1GWZ_DBYW-o/values/%27%D0%9D%D0%B0%D1%81%D1%82%D1%80%D0%BE%D0%B9%D0%BA%D0%B8%27%21B4 HTTP/1.1" 200 None
2024-06-17 20:12:06,734 DEBUG https://sheets.googleapis.com:443 "GET /v4/spreadsheets/18SOvJ1o8NiasANGlPMyIz7MmYki7zpQk1GWZ_DBYW-o/values/%27%D0%9D%D0%B0%D1%81%D1%82%D1%80%D0%BE%D0%B9%D0%BA%D0%B8%27%21B5 HTTP/1.1" 200 None
2024-06-17 20:12:07,013 DEBUG https://sheets.googleapis.com:443 "GET /v4/spreadsheets/18SOvJ1o8NiasANGlPMyIz7MmYki7zpQk1GWZ_DBYW-o/values/%27%D0%9D%D0%B0%D1%81%D1%82%D1%80%D0%BE%D0%B9%D0%BA%D0%B8%27%21B6 HTTP/1.1" 200 None
2024-06-17 20:12:07,288 DEBUG https://sheets.googleapis.com:443 "GET /v4/spreadsheets/18SOvJ1o8NiasANGlPMyIz7MmYki7zpQk1GWZ_DBYW-o/values/%27%D0%9D%D0%B0%D1%81%D1%82%D1%80%D0%BE%D0%B9%D0%BA%D0%B8%27%21B7 HTTP/1.1" 200 None
2024-06-17 20:12:07,569 DEBUG https://sheets.googleapis.com:443 "GET /v4/spreadsheets/18SOvJ1o8NiasANGlPMyIz7MmYki7zpQk1GWZ_DBYW-o/values/%27%D0%9D%D0%B0%D1%81%D1%82%D1%80%D0%BE%D0%B9%D0%BA%D0%B8%27%21B8 HTTP/1.1" 200 None
2024-06-17 20:12:07,836 DEBUG https://sheets.googleapis.com:443 "GET /v4/spreadsheets/18SOvJ1o8NiasANGlPMyIz7MmYki7zpQk1GWZ_DBYW-o/values/%27%D0%9D%D0%B0%D1%81%D1%82%D1%80%D0%BE%D0%B9%D0%BA%D0%B8%27%21B9 HTTP/1.1" 200 None
2024-06-17 20:12:08,098 DEBUG https://sheets.googleapis.com:443 "GET /v4/spreadsheets/18SOvJ1o8NiasANGlPMyIz7MmYki7zpQk1GWZ_DBYW-o/values/%27%D0%9D%D0%B0%D1%81%D1%82%D1%80%D0%BE%D0%B9%D0%BA%D0%B8%27%21B10 HTTP/1.1" 200 None
2024-06-17 20:12:08,362 DEBUG https://sheets.googleapis.com:443 "GET /v4/spreadsheets/18SOvJ1o8NiasANGlPMyIz7MmYki7zpQk1GWZ_DBYW-o/values/%27%D0%9D%D0%B0%D1%81%D1%82%D1%80%D0%BE%D0%B9%D0%BA%D0%B8%27%21B11 HTTP/1.1" 200 None
2024-06-17 20:12:08,631 DEBUG https://sheets.googleapis.com:443 "GET /v4/spreadsheets/18SOvJ1o8NiasANGlPMyIz7MmYki7zpQk1GWZ_DBYW-o/values/%27%D0%9D%D0%B0%D1%81%D1%82%D1%80%D0%BE%D0%B9%D0%BA%D0%B8%27%21K3 HTTP/1.1" 200 None
2024-06-17 20:12:08,895 DEBUG https://sheets.googleapis.com:443 "GET /v4/spreadsheets/18SOvJ1o8NiasANGlPMyIz7MmYki7zpQk1GWZ_DBYW-o/values/%27%D0%9D%D0%B0%D1%81%D1%82%D1%80%D0%BE%D0%B9%D0%BA%D0%B8%27%21K4 HTTP/1.1" 200 None
2024-06-17 20:12:08,896 DEBUG CreateFileName инициализирован
2024-06-17 20:12:08,896 DEBUG TournamentActions инициализирован
2024-06-17 20:12:08,896 DEBUG TablesControl инициализирован
2024-06-17 20:12:08,896 DEBUG InstantHandHistoryController инициализирован
2024-06-17 20:12:08,898 DEBUG Converted retries value: 3 -> Retry(total=3, connect=None, read=None, redirect=None, status=None)
2024-06-17 20:12:08,926 DEBUG Making request: POST https://oauth2.googleapis.com/token
2024-06-17 20:12:08,926 DEBUG Starting new HTTPS connection (1): oauth2.googleapis.com:443
2024-06-17 20:12:09,436 DEBUG https://oauth2.googleapis.com:443 "POST /token HTTP/1.1" 200 None
2024-06-17 20:12:09,438 DEBUG Starting new HTTPS connection (1): sheets.googleapis.com:443
2024-06-17 20:12:10,221 DEBUG https://sheets.googleapis.com:443 "GET /v4/spreadsheets/18SOvJ1o8NiasANGlPMyIz7MmYki7zpQk1GWZ_DBYW-o?includeGridData=false HTTP/1.1" 200 None
2024-06-17 20:12:10,506 DEBUG https://sheets.googleapis.com:443 "GET /v4/spreadsheets/18SOvJ1o8NiasANGlPMyIz7MmYki7zpQk1GWZ_DBYW-o?includeGridData=false HTTP/1.1" 200 None
2024-06-17 20:12:10,508 DEBUG GetStatistics инициализирован
2024-06-17 20:12:10,509 DEBUG Converted retries value: 3 -> Retry(total=3, connect=None, read=None, redirect=None, status=None)
2024-06-17 20:12:10,536 DEBUG Making request: POST https://oauth2.googleapis.com/token
2024-06-17 20:12:10,536 DEBUG Starting new HTTPS connection (1): oauth2.googleapis.com:443
2024-06-17 20:12:11,026 DEBUG https://oauth2.googleapis.com:443 "POST /token HTTP/1.1" 200 None
2024-06-17 20:12:11,028 DEBUG Starting new HTTPS connection (1): sheets.googleapis.com:443
2024-06-17 20:12:11,760 DEBUG https://sheets.googleapis.com:443 "GET /v4/spreadsheets/18SOvJ1o8NiasANGlPMyIz7MmYki7zpQk1GWZ_DBYW-o?includeGridData=false HTTP/1.1" 200 None
2024-06-17 20:12:12,029 DEBUG https://sheets.googleapis.com:443 "GET /v4/spreadsheets/18SOvJ1o8NiasANGlPMyIz7MmYki7zpQk1GWZ_DBYW-o?includeGridData=false HTTP/1.1" 200 None
2024-06-17 20:12:12,030 DEBUG WriteStatistics инициализирован
2024-06-17 20:12:12,030 DEBUG DealsAndFiles инициализирован
2024-06-17 20:12:12,030 DEBUG Windows инициализирован
2024-06-17 20:12:12,031 DEBUG Список турниров в файле очищен
2024-06-17 20:12:12,311 DEBUG https://sheets.googleapis.com:443 "GET /v4/spreadsheets/18SOvJ1o8NiasANGlPMyIz7MmYki7zpQk1GWZ_DBYW-o/values/%27%D0%A1%D1%82%D0%B0%D1%82%D0%B8%D1%81%D1%82%D0%B8%D0%BA%D0%B0%20ES%27%21D2 HTTP/1.1" 200 None
2024-06-17 20:12:12,311 DEBUG На данный момент открыто 0 столов
2024-06-17 20:12:12,312 DEBUG Столов меньше чем 21
2024-06-17 20:12:12,312 DEBUG Начало открытия новых столов
2024-06-17 20:12:13,382 DEBUG Главное окно получено
2024-06-17 20:12:13,382 DEBUG Переход к открытию новых столов
2024-06-17 20:12:14,148 DEBUG running "pil" in child process
2024-06-17 20:12:14,150 DEBUG command: ['C:\\Users\\alcho\\NkBor\\PokerStarsParser\\.venv\\Scripts\\python.exe', '-m', 'pyscreenshot.cli.grab', '--filename', 'C:\\Users\\alcho\\AppData\\Local\\Temp\\pyscreenshot7nx32byv\\screenshot.png', '--bbox', '1560:238:1585:270', '--backend', 'pil', '--debug']
2024-06-17 20:12:14,158 DEBUG process was started (pid=24724)
2024-06-17 20:12:14,411 DEBUG process has ended, return code=0
2024-06-17 20:12:14,411 DEBUG stdout=
2024-06-17 20:12:14,411 DEBUG stderr=
2024-06-17 20:12:14,429 DEBUG STREAM b'IHDR' 16 13
2024-06-17 20:12:14,429 DEBUG STREAM b'IDAT' 41 286
2024-06-17 20:12:14,779 DEBUG https://sheets.googleapis.com:443 "PUT /v4/spreadsheets/18SOvJ1o8NiasANGlPMyIz7MmYki7zpQk1GWZ_DBYW-o/values/%27%D0%A1%D1%82%D0%B0%D1%82%D0%B8%D1%81%D1%82%D0%B8%D0%BA%D0%B0%20ES%27%21D2?valueInputOption=RAW HTTP/1.1" 200 None
2024-06-17 20:12:17,757 DEBUG running "pil" in child process
2024-06-17 20:12:17,757 DEBUG command: ['C:\\Users\\alcho\\NkBor\\PokerStarsParser\\.venv\\Scripts\\python.exe', '-m', 'pyscreenshot.cli.grab', '--filename', 'C:\\Users\\alcho\\AppData\\Local\\Temp\\pyscreenshot7wo0skrt\\screenshot.png', '--bbox', '467:250:482:263', '--backend', 'pil', '--debug']
2024-06-17 20:12:17,763 DEBUG process was started (pid=24980)
2024-06-17 20:12:18,000 DEBUG process has ended, return code=0
2024-06-17 20:12:18,000 DEBUG stdout=
2024-06-17 20:12:18,000 DEBUG stderr=
2024-06-17 20:12:18,005 DEBUG STREAM b'IHDR' 16 13
2024-06-17 20:12:18,005 DEBUG STREAM b'IDAT' 41 23
2024-06-17 20:12:18,009 DEBUG running "pil" in child process
2024-06-17 20:12:18,010 DEBUG command: ['C:\\Users\\alcho\\NkBor\\PokerStarsParser\\.venv\\Scripts\\python.exe', '-m', 'pyscreenshot.cli.grab', '--filename', 'C:\\Users\\alcho\\AppData\\Local\\Temp\\pyscreenshotfgh7h_m3\\screenshot.png', '--bbox', '484:251:501:262', '--backend', 'pil', '--debug']
2024-06-17 20:12:18,015 DEBUG process was started (pid=26908)
2024-06-17 20:12:18,263 DEBUG process has ended, return code=0
2024-06-17 20:12:18,263 DEBUG stdout=
2024-06-17 20:12:18,263 DEBUG stderr=
2024-06-17 20:12:18,268 DEBUG STREAM b'IHDR' 16 13
2024-06-17 20:12:18,268 DEBUG STREAM b'IDAT' 41 151
2024-06-17 20:12:18,271 DEBUG running "pil" in child process
2024-06-17 20:12:18,272 DEBUG command: ['C:\\Users\\alcho\\NkBor\\PokerStarsParser\\.venv\\Scripts\\python.exe', '-m', 'pyscreenshot.cli.grab', '--filename', 'C:\\Users\\alcho\\AppData\\Local\\Temp\\pyscreenshot0v_nb8c6\\screenshot.png', '--bbox', '506:250:507:263', '--backend', 'pil', '--debug']
2024-06-17 20:12:18,281 DEBUG process was started (pid=29228)
2024-06-17 20:12:18,520 DEBUG process has ended, return code=0
2024-06-17 20:12:18,520 DEBUG stdout=
2024-06-17 20:12:18,520 DEBUG stderr=
2024-06-17 20:12:18,525 DEBUG STREAM b'IHDR' 16 13
2024-06-17 20:12:18,525 DEBUG STREAM b'IDAT' 41 34
2024-06-17 20:12:18,527 DEBUG STREAM b'IHDR' 16 13
2024-06-17 20:12:18,527 DEBUG STREAM b'IDAT' 41 34
2024-06-17 20:12:18,527 DEBUG running "pil" in child process
2024-06-17 20:12:18,528 DEBUG command: ['C:\\Users\\alcho\\NkBor\\PokerStarsParser\\.venv\\Scripts\\python.exe', '-m', 'pyscreenshot.cli.grab', '--filename', 'C:\\Users\\alcho\\AppData\\Local\\Temp\\pyscreenshota0r29nl0\\screenshot.png', '--bbox', '578:250:682:263', '--backend', 'pil', '--debug']
2024-06-17 20:12:18,535 DEBUG process was started (pid=4560)
2024-06-17 20:12:18,794 DEBUG process has ended, return code=0
2024-06-17 20:12:18,795 DEBUG stdout=
2024-06-17 20:12:18,795 DEBUG stderr=
2024-06-17 20:12:18,800 DEBUG STREAM b'IHDR' 16 13
2024-06-17 20:12:18,800 DEBUG STREAM b'IDAT' 41 279
2024-06-17 20:12:42,939 DEBUG https://sheets.googleapis.com:443 "PUT /v4/spreadsheets/18SOvJ1o8NiasANGlPMyIz7MmYki7zpQk1GWZ_DBYW-o/values/%27%D0%A1%D1%82%D0%B0%D1%82%D0%B8%D1%81%D1%82%D0%B8%D0%BA%D0%B0%20ES%27%21D2?valueInputOption=RAW HTTP/1.1" 200 None
2024-06-17 20:12:45,913 DEBUG running "pil" in child process
2024-06-17 20:12:45,913 DEBUG command: ['C:\\Users\\alcho\\NkBor\\PokerStarsParser\\.venv\\Scripts\\python.exe', '-m', 'pyscreenshot.cli.grab', '--filename', 'C:\\Users\\alcho\\AppData\\Local\\Temp\\pyscreenshotamezl754\\screenshot.png', '--bbox', '467:276:482:289', '--backend', 'pil', '--debug']
2024-06-17 20:12:45,919 DEBUG process was started (pid=25100)
2024-06-17 20:12:46,012 DEBUG process has ended, return code=1
2024-06-17 20:12:46,012 DEBUG stdout=
2024-06-17 20:12:46,012 DEBUG stderr=Could not import runpy module
Traceback (most recent call last):
  File "<frozen importlib._bootstrap>", line 1360, in _find_and_load
  File "<frozen importlib._bootstrap>", line 1331, in _find_and_load_unlocked
  File "<frozen importlib._bootstrap>", line 935, in _load_unlocked
  File "<frozen importlib._bootstrap>", line 1176, in exec_module
  File "<frozen runpy>", line 15, in <module>
  File "<frozen importlib._bootstrap>", line 1360, in _find_and_load
  File "<frozen importlib._bootstrap>", line 1331, in _find_and_load_unlocked
  File "<frozen importlib._bootstrap>", line 935, in _load_unlocked
  File "<frozen importlib._bootstrap>", line 1176, in exec_module
  File "<frozen importlib.util>", line 16, in <module>
  File "<frozen importlib._bootstrap>", line 1360, in _find_and_load
  File "<frozen importlib._bootstrap>", line 1331, in _find_and_load_unlocked
  File "<frozen importlib._bootstrap>", line 935, in _load_unlocked
  File "<frozen importlib._bootstrap_external>", line 991, in exec_module
  File "<frozen importlib._bootstrap_external>", line 1087, in get_code
  File "<frozen importlib._bootstrap_external>", line 1186, in get_data
KeyboardInterrupt
2024-06-17 20:14:38,625 DEBUG https://sheets.googleapis.com:443 "GET /v4/spreadsheets/18SOvJ1o8NiasANGlPMyIz7MmYki7zpQk1GWZ_DBYW-o/values/%27%D0%9D%D0%B0%D1%81%D1%82%D1%80%D0%BE%D0%B9%D0%BA%D0%B8%27%21B3 HTTP/1.1" 200 None
2024-06-17 20:14:38,909 DEBUG https://sheets.googleapis.com:443 "GET /v4/spreadsheets/18SOvJ1o8NiasANGlPMyIz7MmYki7zpQk1GWZ_DBYW-o/values/%27%D0%9D%D0%B0%D1%81%D1%82%D1%80%D0%BE%D0%B9%D0%BA%D0%B8%27%21B4 HTTP/1.1" 200 None
2024-06-17 20:14:39,173 DEBUG https://sheets.googleapis.com:443 "GET /v4/spreadsheets/18SOvJ1o8NiasANGlPMyIz7MmYki7zpQk1GWZ_DBYW-o/values/%27%D0%9D%D0%B0%D1%81%D1%82%D1%80%D0%BE%D0%B9%D0%BA%D0%B8%27%21B5 HTTP/1.1" 200 None
2024-06-17 20:14:39,441 DEBUG https://sheets.googleapis.com:443 "GET /v4/spreadsheets/18SOvJ1o8NiasANGlPMyIz7MmYki7zpQk1GWZ_DBYW-o/values/%27%D0%9D%D0%B0%D1%81%D1%82%D1%80%D0%BE%D0%B9%D0%BA%D0%B8%27%21B6 HTTP/1.1" 200 None
2024-06-17 20:14:39,758 DEBUG https://sheets.googleapis.com:443 "GET /v4/spreadsheets/18SOvJ1o8NiasANGlPMyIz7MmYki7zpQk1GWZ_DBYW-o/values/%27%D0%9D%D0%B0%D1%81%D1%82%D1%80%D0%BE%D0%B9%D0%BA%D0%B8%27%21B7 HTTP/1.1" 200 None
2024-06-17 20:14:40,020 DEBUG https://sheets.googleapis.com:443 "GET /v4/spreadsheets/18SOvJ1o8NiasANGlPMyIz7MmYki7zpQk1GWZ_DBYW-o/values/%27%D0%9D%D0%B0%D1%81%D1%82%D1%80%D0%BE%D0%B9%D0%BA%D0%B8%27%21B8 HTTP/1.1" 200 None
2024-06-17 20:14:40,287 DEBUG https://sheets.googleapis.com:443 "GET /v4/spreadsheets/18SOvJ1o8NiasANGlPMyIz7MmYki7zpQk1GWZ_DBYW-o/values/%27%D0%9D%D0%B0%D1%81%D1%82%D1%80%D0%BE%D0%B9%D0%BA%D0%B8%27%21B9 HTTP/1.1" 200 None
2024-06-17 20:14:40,560 DEBUG https://sheets.googleapis.com:443 "GET /v4/spreadsheets/18SOvJ1o8NiasANGlPMyIz7MmYki7zpQk1GWZ_DBYW-o/values/%27%D0%9D%D0%B0%D1%81%D1%82%D1%80%D0%BE%D0%B9%D0%BA%D0%B8%27%21B10 HTTP/1.1" 200 None
2024-06-17 20:14:40,835 DEBUG https://sheets.googleapis.com:443 "GET /v4/spreadsheets/18SOvJ1o8NiasANGlPMyIz7MmYki7zpQk1GWZ_DBYW-o/values/%27%D0%9D%D0%B0%D1%81%D1%82%D1%80%D0%BE%D0%B9%D0%BA%D0%B8%27%21B11 HTTP/1.1" 200 None
2024-06-17 20:14:41,116 DEBUG https://sheets.googleapis.com:443 "GET /v4/spreadsheets/18SOvJ1o8NiasANGlPMyIz7MmYki7zpQk1GWZ_DBYW-o/values/%27%D0%9D%D0%B0%D1%81%D1%82%D1%80%D0%BE%D0%B9%D0%BA%D0%B8%27%21K3 HTTP/1.1" 200 None
2024-06-17 20:14:41,399 DEBUG https://sheets.googleapis.com:443 "GET /v4/spreadsheets/18SOvJ1o8NiasANGlPMyIz7MmYki7zpQk1GWZ_DBYW-o/values/%27%D0%9D%D0%B0%D1%81%D1%82%D1%80%D0%BE%D0%B9%D0%BA%D0%B8%27%21K4 HTTP/1.1" 200 None
2024-06-17 20:14:41,400 DEBUG CreateFileName инициализирован
2024-06-17 20:14:41,400 DEBUG TournamentActions инициализирован
2024-06-17 20:14:41,400 DEBUG TablesControl инициализирован
2024-06-17 20:14:41,400 DEBUG InstantHandHistoryController инициализирован
2024-06-17 20:14:41,401 DEBUG Converted retries value: 3 -> Retry(total=3, connect=None, read=None, redirect=None, status=None)
2024-06-17 20:14:41,429 DEBUG Making request: POST https://oauth2.googleapis.com/token
2024-06-17 20:14:41,430 DEBUG Starting new HTTPS connection (1): oauth2.googleapis.com:443
2024-06-17 20:14:41,900 DEBUG https://oauth2.googleapis.com:443 "POST /token HTTP/1.1" 200 None
2024-06-17 20:14:41,901 DEBUG Starting new HTTPS connection (1): sheets.googleapis.com:443
2024-06-17 20:14:42,611 DEBUG https://sheets.googleapis.com:443 "GET /v4/spreadsheets/18SOvJ1o8NiasANGlPMyIz7MmYki7zpQk1GWZ_DBYW-o?includeGridData=false HTTP/1.1" 200 None
2024-06-17 20:14:42,887 DEBUG https://sheets.googleapis.com:443 "GET /v4/spreadsheets/18SOvJ1o8NiasANGlPMyIz7MmYki7zpQk1GWZ_DBYW-o?includeGridData=false HTTP/1.1" 200 None
2024-06-17 20:14:42,888 DEBUG GetStatistics инициализирован
2024-06-17 20:14:42,889 DEBUG Converted retries value: 3 -> Retry(total=3, connect=None, read=None, redirect=None, status=None)
2024-06-17 20:14:42,916 DEBUG Making request: POST https://oauth2.googleapis.com/token
2024-06-17 20:14:42,917 DEBUG Starting new HTTPS connection (1): oauth2.googleapis.com:443
2024-06-17 20:14:43,399 DEBUG https://oauth2.googleapis.com:443 "POST /token HTTP/1.1" 200 None
2024-06-17 20:14:43,401 DEBUG Starting new HTTPS connection (1): sheets.googleapis.com:443
2024-06-17 20:14:44,352 DEBUG https://sheets.googleapis.com:443 "GET /v4/spreadsheets/18SOvJ1o8NiasANGlPMyIz7MmYki7zpQk1GWZ_DBYW-o?includeGridData=false HTTP/1.1" 200 None
2024-06-17 20:14:44,617 DEBUG https://sheets.googleapis.com:443 "GET /v4/spreadsheets/18SOvJ1o8NiasANGlPMyIz7MmYki7zpQk1GWZ_DBYW-o?includeGridData=false HTTP/1.1" 200 None
2024-06-17 20:14:44,619 DEBUG WriteStatistics инициализирован
2024-06-17 20:14:44,619 DEBUG DealsAndFiles инициализирован
2024-06-17 20:14:44,619 DEBUG Windows инициализирован
2024-06-17 20:14:44,619 DEBUG Список турниров в файле очищен
2024-06-17 20:14:44,897 DEBUG https://sheets.googleapis.com:443 "GET /v4/spreadsheets/18SOvJ1o8NiasANGlPMyIz7MmYki7zpQk1GWZ_DBYW-o/values/%27%D0%A1%D1%82%D0%B0%D1%82%D0%B8%D1%81%D1%82%D0%B8%D0%BA%D0%B0%20ES%27%21D2 HTTP/1.1" 200 None
2024-06-17 20:14:44,897 DEBUG На данный момент открыто 0 столов
2024-06-17 20:14:44,898 DEBUG Столов меньше чем 21
2024-06-17 20:14:44,898 DEBUG Начало открытия новых столов
2024-06-17 20:14:45,749 DEBUG Главное окно получено
2024-06-17 20:14:45,749 DEBUG Переход к открытию новых столов
2024-06-17 20:14:46,507 DEBUG running "pil" in child process
2024-06-17 20:14:46,508 DEBUG command: ['C:\\Users\\alcho\\NkBor\\PokerStarsParser\\.venv\\Scripts\\python.exe', '-m', 'pyscreenshot.cli.grab', '--filename', 'C:\\Users\\alcho\\AppData\\Local\\Temp\\pyscreenshotdn0ri41x\\screenshot.png', '--bbox', '1560:238:1585:270', '--backend', 'pil', '--debug']
2024-06-17 20:14:46,513 DEBUG process was started (pid=17456)
2024-06-17 20:14:46,746 DEBUG process has ended, return code=0
2024-06-17 20:14:46,746 DEBUG stdout=
2024-06-17 20:14:46,746 DEBUG stderr=
2024-06-17 20:14:46,760 DEBUG STREAM b'IHDR' 16 13
2024-06-17 20:14:46,760 DEBUG STREAM b'IDAT' 41 277
2024-06-17 20:14:47,081 DEBUG https://sheets.googleapis.com:443 "PUT /v4/spreadsheets/18SOvJ1o8NiasANGlPMyIz7MmYki7zpQk1GWZ_DBYW-o/values/%27%D0%A1%D1%82%D0%B0%D1%82%D0%B8%D1%81%D1%82%D0%B8%D0%BA%D0%B0%20ES%27%21D2?valueInputOption=RAW HTTP/1.1" 200 None
2024-06-17 20:14:50,062 DEBUG running "pil" in child process
2024-06-17 20:14:50,062 DEBUG command: ['C:\\Users\\alcho\\NkBor\\PokerStarsParser\\.venv\\Scripts\\python.exe', '-m', 'pyscreenshot.cli.grab', '--filename', 'C:\\Users\\alcho\\AppData\\Local\\Temp\\pyscreenshotz5bddht7\\screenshot.png', '--bbox', '467:250:482:263', '--backend', 'pil', '--debug']
2024-06-17 20:14:50,068 DEBUG process was started (pid=7164)
2024-06-17 20:14:50,294 DEBUG process has ended, return code=0
2024-06-17 20:14:50,295 DEBUG stdout=
2024-06-17 20:14:50,295 DEBUG stderr=
2024-06-17 20:14:50,296 DEBUG STREAM b'IHDR' 16 13
2024-06-17 20:14:50,296 DEBUG STREAM b'IDAT' 41 23
2024-06-17 20:14:50,300 DEBUG running "pil" in child process
2024-06-17 20:14:50,300 DEBUG command: ['C:\\Users\\alcho\\NkBor\\PokerStarsParser\\.venv\\Scripts\\python.exe', '-m', 'pyscreenshot.cli.grab', '--filename', 'C:\\Users\\alcho\\AppData\\Local\\Temp\\pyscreenshot0wuvi8vc\\screenshot.png', '--bbox', '484:251:501:262', '--backend', 'pil', '--debug']
2024-06-17 20:14:50,305 DEBUG process was started (pid=28516)
2024-06-17 20:14:50,533 DEBUG process has ended, return code=0
2024-06-17 20:14:50,533 DEBUG stdout=
2024-06-17 20:14:50,533 DEBUG stderr=
2024-06-17 20:14:50,534 DEBUG STREAM b'IHDR' 16 13
2024-06-17 20:14:50,534 DEBUG STREAM b'IDAT' 41 151
2024-06-17 20:14:50,536 DEBUG running "pil" in child process
2024-06-17 20:14:50,538 DEBUG command: ['C:\\Users\\alcho\\NkBor\\PokerStarsParser\\.venv\\Scripts\\python.exe', '-m', 'pyscreenshot.cli.grab', '--filename', 'C:\\Users\\alcho\\AppData\\Local\\Temp\\pyscreenshotx0u27jj1\\screenshot.png', '--bbox', '506:250:507:263', '--backend', 'pil', '--debug']
2024-06-17 20:14:50,543 DEBUG process was started (pid=20596)
2024-06-17 20:14:50,769 DEBUG process has ended, return code=0
2024-06-17 20:14:50,770 DEBUG stdout=
2024-06-17 20:14:50,770 DEBUG stderr=
2024-06-17 20:14:50,772 DEBUG STREAM b'IHDR' 16 13
2024-06-17 20:14:50,772 DEBUG STREAM b'IDAT' 41 34
2024-06-17 20:14:50,774 DEBUG STREAM b'IHDR' 16 13
2024-06-17 20:14:50,774 DEBUG STREAM b'IDAT' 41 34
2024-06-17 20:14:50,775 DEBUG running "pil" in child process
2024-06-17 20:14:50,775 DEBUG command: ['C:\\Users\\alcho\\NkBor\\PokerStarsParser\\.venv\\Scripts\\python.exe', '-m', 'pyscreenshot.cli.grab', '--filename', 'C:\\Users\\alcho\\AppData\\Local\\Temp\\pyscreenshot8wm25tzj\\screenshot.png', '--bbox', '578:250:682:263', '--backend', 'pil', '--debug']
2024-06-17 20:14:50,782 DEBUG process was started (pid=16904)
2024-06-17 20:14:51,013 DEBUG process has ended, return code=0
2024-06-17 20:14:51,013 DEBUG stdout=
2024-06-17 20:14:51,013 DEBUG stderr=
2024-06-17 20:14:51,014 DEBUG STREAM b'IHDR' 16 13
2024-06-17 20:14:51,014 DEBUG STREAM b'IDAT' 41 279
2024-06-17 20:15:14,951 DEBUG https://sheets.googleapis.com:443 "PUT /v4/spreadsheets/18SOvJ1o8NiasANGlPMyIz7MmYki7zpQk1GWZ_DBYW-o/values/%27%D0%A1%D1%82%D0%B0%D1%82%D0%B8%D1%81%D1%82%D0%B8%D0%BA%D0%B0%20ES%27%21D2?valueInputOption=RAW HTTP/1.1" 200 None
2024-06-17 20:15:17,923 DEBUG running "pil" in child process
2024-06-17 20:15:17,923 DEBUG command: ['C:\\Users\\alcho\\NkBor\\PokerStarsParser\\.venv\\Scripts\\python.exe', '-m', 'pyscreenshot.cli.grab', '--filename', 'C:\\Users\\alcho\\AppData\\Local\\Temp\\pyscreenshota5bbx80j\\screenshot.png', '--bbox', '467:276:482:289', '--backend', 'pil', '--debug']
2024-06-17 20:15:17,930 DEBUG process was started (pid=28088)
2024-06-17 20:15:18,151 DEBUG process has ended, return code=0
2024-06-17 20:15:18,151 DEBUG stdout=
2024-06-17 20:15:18,151 DEBUG stderr=
2024-06-17 20:15:18,155 DEBUG STREAM b'IHDR' 16 13
2024-06-17 20:15:18,155 DEBUG STREAM b'IDAT' 41 250
2024-06-17 20:15:18,159 DEBUG running "pil" in child process
2024-06-17 20:15:18,159 DEBUG command: ['C:\\Users\\alcho\\NkBor\\PokerStarsParser\\.venv\\Scripts\\python.exe', '-m', 'pyscreenshot.cli.grab', '--filename', 'C:\\Users\\alcho\\AppData\\Local\\Temp\\pyscreenshotpwgtqop4\\screenshot.png', '--bbox', '484:277:501:288', '--backend', 'pil', '--debug']
2024-06-17 20:15:18,165 DEBUG process was started (pid=19060)
2024-06-17 20:15:18,394 DEBUG process has ended, return code=0
2024-06-17 20:15:18,394 DEBUG stdout=
2024-06-17 20:15:18,394 DEBUG stderr=
2024-06-17 20:15:18,395 DEBUG STREAM b'IHDR' 16 13
2024-06-17 20:15:18,395 DEBUG STREAM b'IDAT' 41 151
2024-06-17 20:15:18,399 DEBUG running "pil" in child process
2024-06-17 20:15:18,399 DEBUG command: ['C:\\Users\\alcho\\NkBor\\PokerStarsParser\\.venv\\Scripts\\python.exe', '-m', 'pyscreenshot.cli.grab', '--filename', 'C:\\Users\\alcho\\AppData\\Local\\Temp\\pyscreenshot2gpmndvw\\screenshot.png', '--bbox', '506:276:507:289', '--backend', 'pil', '--debug']
2024-06-17 20:15:18,406 DEBUG process was started (pid=11452)
2024-06-17 20:15:18,641 DEBUG process has ended, return code=0
2024-06-17 20:15:18,641 DEBUG stdout=
2024-06-17 20:15:18,641 DEBUG stderr=
2024-06-17 20:15:18,642 DEBUG STREAM b'IHDR' 16 13
2024-06-17 20:15:18,642 DEBUG STREAM b'IDAT' 41 34
2024-06-17 20:15:18,644 DEBUG STREAM b'IHDR' 16 13
2024-06-17 20:15:18,645 DEBUG STREAM b'IDAT' 41 34
2024-06-17 20:15:18,645 DEBUG running "pil" in child process
2024-06-17 20:15:18,645 DEBUG command: ['C:\\Users\\alcho\\NkBor\\PokerStarsParser\\.venv\\Scripts\\python.exe', '-m', 'pyscreenshot.cli.grab', '--filename', 'C:\\Users\\alcho\\AppData\\Local\\Temp\\pyscreenshotp0iwkfbj\\screenshot.png', '--bbox', '578:276:682:289', '--backend', 'pil', '--debug']
2024-06-17 20:15:18,651 DEBUG process was started (pid=16864)
2024-06-17 20:15:18,870 DEBUG process has ended, return code=0
2024-06-17 20:15:18,870 DEBUG stdout=
2024-06-17 20:15:18,870 DEBUG stderr=
2024-06-17 20:15:18,874 DEBUG STREAM b'IHDR' 16 13
2024-06-17 20:15:18,874 DEBUG STREAM b'IDAT' 41 209
2024-06-17 20:15:42,831 DEBUG https://sheets.googleapis.com:443 "PUT /v4/spreadsheets/18SOvJ1o8NiasANGlPMyIz7MmYki7zpQk1GWZ_DBYW-o/values/%27%D0%A1%D1%82%D0%B0%D1%82%D0%B8%D1%81%D1%82%D0%B8%D0%BA%D0%B0%20ES%27%21D2?valueInputOption=RAW HTTP/1.1" 200 None
