2024-06-04 00:01:08,240 DEBUG https://sheets.googleapis.com:443 "GET /v4/spreadsheets/18SOvJ1o8NiasANGlPMyIz7MmYki7zpQk1GWZ_DBYW-o/values/%27%D0%9D%D0%B0%D1%81%D1%82%D1%80%D0%BE%D0%B9%D0%BA%D0%B8%27%21B3 HTTP/1.1" 200 None
2024-06-04 00:01:08,512 DEBUG https://sheets.googleapis.com:443 "GET /v4/spreadsheets/18SOvJ1o8NiasANGlPMyIz7MmYki7zpQk1GWZ_DBYW-o/values/%27%D0%9D%D0%B0%D1%81%D1%82%D1%80%D0%BE%D0%B9%D0%BA%D0%B8%27%21B4 HTTP/1.1" 200 None
2024-06-04 00:01:09,504 DEBUG https://sheets.googleapis.com:443 "GET /v4/spreadsheets/18SOvJ1o8NiasANGlPMyIz7MmYki7zpQk1GWZ_DBYW-o/values/%27%D0%9D%D0%B0%D1%81%D1%82%D1%80%D0%BE%D0%B9%D0%BA%D0%B8%27%21B5 HTTP/1.1" 200 None
2024-06-04 00:01:09,773 DEBUG https://sheets.googleapis.com:443 "GET /v4/spreadsheets/18SOvJ1o8NiasANGlPMyIz7MmYki7zpQk1GWZ_DBYW-o/values/%27%D0%9D%D0%B0%D1%81%D1%82%D1%80%D0%BE%D0%B9%D0%BA%D0%B8%27%21B6 HTTP/1.1" 200 None
2024-06-04 00:01:10,155 DEBUG https://sheets.googleapis.com:443 "GET /v4/spreadsheets/18SOvJ1o8NiasANGlPMyIz7MmYki7zpQk1GWZ_DBYW-o/values/%27%D0%9D%D0%B0%D1%81%D1%82%D1%80%D0%BE%D0%B9%D0%BA%D0%B8%27%21B7 HTTP/1.1" 200 None
2024-06-04 00:01:10,432 DEBUG https://sheets.googleapis.com:443 "GET /v4/spreadsheets/18SOvJ1o8NiasANGlPMyIz7MmYki7zpQk1GWZ_DBYW-o/values/%27%D0%9D%D0%B0%D1%81%D1%82%D1%80%D0%BE%D0%B9%D0%BA%D0%B8%27%21B8 HTTP/1.1" 200 None
2024-06-04 00:01:10,698 DEBUG https://sheets.googleapis.com:443 "GET /v4/spreadsheets/18SOvJ1o8NiasANGlPMyIz7MmYki7zpQk1GWZ_DBYW-o/values/%27%D0%9D%D0%B0%D1%81%D1%82%D1%80%D0%BE%D0%B9%D0%BA%D0%B8%27%21B9 HTTP/1.1" 200 None
2024-06-04 00:01:10,974 DEBUG https://sheets.googleapis.com:443 "GET /v4/spreadsheets/18SOvJ1o8NiasANGlPMyIz7MmYki7zpQk1GWZ_DBYW-o/values/%27%D0%9D%D0%B0%D1%81%D1%82%D1%80%D0%BE%D0%B9%D0%BA%D0%B8%27%21B10 HTTP/1.1" 200 None
2024-06-04 00:01:11,242 DEBUG https://sheets.googleapis.com:443 "GET /v4/spreadsheets/18SOvJ1o8NiasANGlPMyIz7MmYki7zpQk1GWZ_DBYW-o/values/%27%D0%9D%D0%B0%D1%81%D1%82%D1%80%D0%BE%D0%B9%D0%BA%D0%B8%27%21B11 HTTP/1.1" 200 None
2024-06-04 00:01:11,520 DEBUG https://sheets.googleapis.com:443 "GET /v4/spreadsheets/18SOvJ1o8NiasANGlPMyIz7MmYki7zpQk1GWZ_DBYW-o/values/%27%D0%9D%D0%B0%D1%81%D1%82%D1%80%D0%BE%D0%B9%D0%BA%D0%B8%27%21K3 HTTP/1.1" 200 None
2024-06-04 00:01:11,784 DEBUG https://sheets.googleapis.com:443 "GET /v4/spreadsheets/18SOvJ1o8NiasANGlPMyIz7MmYki7zpQk1GWZ_DBYW-o/values/%27%D0%9D%D0%B0%D1%81%D1%82%D1%80%D0%BE%D0%B9%D0%BA%D0%B8%27%21K4 HTTP/1.1" 200 None
2024-06-04 00:01:11,784 DEBUG CreateFileName инициализирован
2024-06-04 00:01:11,784 DEBUG TournamentActions инициализирован
2024-06-04 00:01:11,784 DEBUG TablesControl инициализирован
2024-06-04 00:01:11,784 DEBUG InstantHandHistoryController инициализирован
2024-06-04 00:01:11,785 DEBUG Converted retries value: 3 -> Retry(total=3, connect=None, read=None, redirect=None, status=None)
2024-06-04 00:01:11,811 DEBUG Making request: POST https://oauth2.googleapis.com/token
2024-06-04 00:01:11,812 DEBUG Starting new HTTPS connection (1): oauth2.googleapis.com:443
2024-06-04 00:01:12,266 DEBUG https://oauth2.googleapis.com:443 "POST /token HTTP/1.1" 200 None
2024-06-04 00:01:12,267 DEBUG Starting new HTTPS connection (1): sheets.googleapis.com:443
2024-06-04 00:01:12,953 DEBUG https://sheets.googleapis.com:443 "GET /v4/spreadsheets/18SOvJ1o8NiasANGlPMyIz7MmYki7zpQk1GWZ_DBYW-o?includeGridData=false HTTP/1.1" 200 None
2024-06-04 00:01:13,204 DEBUG https://sheets.googleapis.com:443 "GET /v4/spreadsheets/18SOvJ1o8NiasANGlPMyIz7MmYki7zpQk1GWZ_DBYW-o?includeGridData=false HTTP/1.1" 200 None
2024-06-04 00:01:13,206 DEBUG GetStatistics инициализирован
2024-06-04 00:01:13,207 DEBUG Converted retries value: 3 -> Retry(total=3, connect=None, read=None, redirect=None, status=None)
2024-06-04 00:01:13,234 DEBUG Making request: POST https://oauth2.googleapis.com/token
2024-06-04 00:01:13,234 DEBUG Starting new HTTPS connection (1): oauth2.googleapis.com:443
2024-06-04 00:01:13,678 DEBUG https://oauth2.googleapis.com:443 "POST /token HTTP/1.1" 200 None
2024-06-04 00:01:13,680 DEBUG Starting new HTTPS connection (1): sheets.googleapis.com:443
2024-06-04 00:01:14,354 DEBUG https://sheets.googleapis.com:443 "GET /v4/spreadsheets/18SOvJ1o8NiasANGlPMyIz7MmYki7zpQk1GWZ_DBYW-o?includeGridData=false HTTP/1.1" 200 None
2024-06-04 00:01:15,375 DEBUG https://sheets.googleapis.com:443 "GET /v4/spreadsheets/18SOvJ1o8NiasANGlPMyIz7MmYki7zpQk1GWZ_DBYW-o?includeGridData=false HTTP/1.1" 200 None
2024-06-04 00:01:15,376 DEBUG WriteStatistics инициализирован
2024-06-04 00:01:15,376 DEBUG DealsAndFiles инициализирован
2024-06-04 00:01:15,376 DEBUG Windows инициализирован
2024-06-04 00:01:15,376 DEBUG Список турниров в файле очищен
2024-06-04 00:01:16,426 DEBUG https://sheets.googleapis.com:443 "GET /v4/spreadsheets/18SOvJ1o8NiasANGlPMyIz7MmYki7zpQk1GWZ_DBYW-o/values/%27%D0%A1%D1%82%D0%B0%D1%82%D0%B8%D1%81%D1%82%D0%B8%D0%BA%D0%B0%27%21D3 HTTP/1.1" 200 None
2024-06-04 00:01:16,427 DEBUG На данный момент открыто 0 столов
2024-06-04 00:01:16,427 DEBUG Столов меньше чем 21
2024-06-04 00:01:16,427 DEBUG Начало открытия новых столов
