2024-06-03 23:56:36,666 DEBUG https://sheets.googleapis.com:443 "GET /v4/spreadsheets/18SOvJ1o8NiasANGlPMyIz7MmYki7zpQk1GWZ_DBYW-o/values/%27%D0%9D%D0%B0%D1%81%D1%82%D1%80%D0%BE%D0%B9%D0%BA%D0%B8%27%21B3 HTTP/1.1" 200 None
2024-06-03 23:56:37,663 DEBUG https://sheets.googleapis.com:443 "GET /v4/spreadsheets/18SOvJ1o8NiasANGlPMyIz7MmYki7zpQk1GWZ_DBYW-o/values/%27%D0%9D%D0%B0%D1%81%D1%82%D1%80%D0%BE%D0%B9%D0%BA%D0%B8%27%21B4 HTTP/1.1" 200 None
2024-06-03 23:56:37,942 DEBUG https://sheets.googleapis.com:443 "GET /v4/spreadsheets/18SOvJ1o8NiasANGlPMyIz7MmYki7zpQk1GWZ_DBYW-o/values/%27%D0%9D%D0%B0%D1%81%D1%82%D1%80%D0%BE%D0%B9%D0%BA%D0%B8%27%21B5 HTTP/1.1" 200 None
2024-06-03 23:56:38,216 DEBUG https://sheets.googleapis.com:443 "GET /v4/spreadsheets/18SOvJ1o8NiasANGlPMyIz7MmYki7zpQk1GWZ_DBYW-o/values/%27%D0%9D%D0%B0%D1%81%D1%82%D1%80%D0%BE%D0%B9%D0%BA%D0%B8%27%21B6 HTTP/1.1" 200 None
2024-06-03 23:56:39,243 DEBUG https://sheets.googleapis.com:443 "GET /v4/spreadsheets/18SOvJ1o8NiasANGlPMyIz7MmYki7zpQk1GWZ_DBYW-o/values/%27%D0%9D%D0%B0%D1%81%D1%82%D1%80%D0%BE%D0%B9%D0%BA%D0%B8%27%21B7 HTTP/1.1" 200 None
2024-06-03 23:56:40,270 DEBUG https://sheets.googleapis.com:443 "GET /v4/spreadsheets/18SOvJ1o8NiasANGlPMyIz7MmYki7zpQk1GWZ_DBYW-o/values/%27%D0%9D%D0%B0%D1%81%D1%82%D1%80%D0%BE%D0%B9%D0%BA%D0%B8%27%21B8 HTTP/1.1" 200 None
2024-06-03 23:56:40,541 DEBUG https://sheets.googleapis.com:443 "GET /v4/spreadsheets/18SOvJ1o8NiasANGlPMyIz7MmYki7zpQk1GWZ_DBYW-o/values/%27%D0%9D%D0%B0%D1%81%D1%82%D1%80%D0%BE%D0%B9%D0%BA%D0%B8%27%21B9 HTTP/1.1" 200 None
2024-06-03 23:56:40,801 DEBUG https://sheets.googleapis.com:443 "GET /v4/spreadsheets/18SOvJ1o8NiasANGlPMyIz7MmYki7zpQk1GWZ_DBYW-o/values/%27%D0%9D%D0%B0%D1%81%D1%82%D1%80%D0%BE%D0%B9%D0%BA%D0%B8%27%21B10 HTTP/1.1" 200 None
2024-06-03 23:56:41,084 DEBUG https://sheets.googleapis.com:443 "GET /v4/spreadsheets/18SOvJ1o8NiasANGlPMyIz7MmYki7zpQk1GWZ_DBYW-o/values/%27%D0%9D%D0%B0%D1%81%D1%82%D1%80%D0%BE%D0%B9%D0%BA%D0%B8%27%21B11 HTTP/1.1" 200 None
2024-06-03 23:56:41,357 DEBUG https://sheets.googleapis.com:443 "GET /v4/spreadsheets/18SOvJ1o8NiasANGlPMyIz7MmYki7zpQk1GWZ_DBYW-o/values/%27%D0%9D%D0%B0%D1%81%D1%82%D1%80%D0%BE%D0%B9%D0%BA%D0%B8%27%21K3 HTTP/1.1" 200 None
2024-06-03 23:56:41,633 DEBUG https://sheets.googleapis.com:443 "GET /v4/spreadsheets/18SOvJ1o8NiasANGlPMyIz7MmYki7zpQk1GWZ_DBYW-o/values/%27%D0%9D%D0%B0%D1%81%D1%82%D1%80%D0%BE%D0%B9%D0%BA%D0%B8%27%21K4 HTTP/1.1" 200 None
2024-06-03 23:56:41,633 DEBUG CreateFileName инициализирован
2024-06-03 23:56:41,633 DEBUG TournamentActions инициализирован
2024-06-03 23:56:41,633 DEBUG TablesControl инициализирован
2024-06-03 23:56:41,634 DEBUG InstantHandHistoryController инициализирован
2024-06-03 23:56:41,635 DEBUG Converted retries value: 3 -> Retry(total=3, connect=None, read=None, redirect=None, status=None)
2024-06-03 23:56:41,661 DEBUG Making request: POST https://oauth2.googleapis.com/token
2024-06-03 23:56:41,661 DEBUG Starting new HTTPS connection (1): oauth2.googleapis.com:443
2024-06-03 23:56:42,112 DEBUG https://oauth2.googleapis.com:443 "POST /token HTTP/1.1" 200 None
2024-06-03 23:56:42,113 DEBUG Starting new HTTPS connection (1): sheets.googleapis.com:443
2024-06-03 23:56:42,824 DEBUG https://sheets.googleapis.com:443 "GET /v4/spreadsheets/18SOvJ1o8NiasANGlPMyIz7MmYki7zpQk1GWZ_DBYW-o?includeGridData=false HTTP/1.1" 200 None
2024-06-03 23:56:43,814 DEBUG https://sheets.googleapis.com:443 "GET /v4/spreadsheets/18SOvJ1o8NiasANGlPMyIz7MmYki7zpQk1GWZ_DBYW-o?includeGridData=false HTTP/1.1" 200 None
2024-06-03 23:56:43,815 DEBUG GetStatistics инициализирован
2024-06-03 23:56:43,816 DEBUG Converted retries value: 3 -> Retry(total=3, connect=None, read=None, redirect=None, status=None)
2024-06-03 23:56:43,843 DEBUG Making request: POST https://oauth2.googleapis.com/token
2024-06-03 23:56:43,844 DEBUG Starting new HTTPS connection (1): oauth2.googleapis.com:443
2024-06-03 23:56:44,295 DEBUG https://oauth2.googleapis.com:443 "POST /token HTTP/1.1" 200 None
2024-06-03 23:56:44,297 DEBUG Starting new HTTPS connection (1): sheets.googleapis.com:443
2024-06-03 23:56:44,974 DEBUG https://sheets.googleapis.com:443 "GET /v4/spreadsheets/18SOvJ1o8NiasANGlPMyIz7MmYki7zpQk1GWZ_DBYW-o?includeGridData=false HTTP/1.1" 200 None
2024-06-03 23:56:45,247 DEBUG https://sheets.googleapis.com:443 "GET /v4/spreadsheets/18SOvJ1o8NiasANGlPMyIz7MmYki7zpQk1GWZ_DBYW-o?includeGridData=false HTTP/1.1" 200 None
2024-06-03 23:56:45,247 DEBUG WriteStatistics инициализирован
2024-06-03 23:56:45,248 DEBUG DealsAndFiles инициализирован
2024-06-03 23:56:45,248 DEBUG Windows инициализирован
2024-06-03 23:56:45,248 DEBUG Список турниров в файле очищен
2024-06-03 23:56:45,524 DEBUG https://sheets.googleapis.com:443 "GET /v4/spreadsheets/18SOvJ1o8NiasANGlPMyIz7MmYki7zpQk1GWZ_DBYW-o/values/%27%D0%A1%D1%82%D0%B0%D1%82%D0%B8%D1%81%D1%82%D0%B8%D0%BA%D0%B0%27%21D3 HTTP/1.1" 200 None
2024-06-03 23:56:45,524 DEBUG На данный момент открыто 0 столов
2024-06-03 23:56:45,524 DEBUG Столов меньше чем 21
2024-06-03 23:56:45,524 DEBUG Начало открытия новых столов
