2024-06-25 19:20:10,558 DEBUG https://sheets.googleapis.com:443 "GET /v4/spreadsheets/18SOvJ1o8NiasANGlPMyIz7MmYki7zpQk1GWZ_DBYW-o/values/%27%D0%9D%D0%B0%D1%81%D1%82%D1%80%D0%BE%D0%B9%D0%BA%D0%B8%27%21B3 HTTP/1.1" 200 None
2024-06-25 19:20:11,367 DEBUG https://sheets.googleapis.com:443 "GET /v4/spreadsheets/18SOvJ1o8NiasANGlPMyIz7MmYki7zpQk1GWZ_DBYW-o/values/%27%D0%9D%D0%B0%D1%81%D1%82%D1%80%D0%BE%D0%B9%D0%BA%D0%B8%27%21B4 HTTP/1.1" 200 None
2024-06-25 19:20:12,207 DEBUG https://sheets.googleapis.com:443 "GET /v4/spreadsheets/18SOvJ1o8NiasANGlPMyIz7MmYki7zpQk1GWZ_DBYW-o/values/%27%D0%9D%D0%B0%D1%81%D1%82%D1%80%D0%BE%D0%B9%D0%BA%D0%B8%27%21B5 HTTP/1.1" 200 None
2024-06-25 19:20:13,029 DEBUG https://sheets.googleapis.com:443 "GET /v4/spreadsheets/18SOvJ1o8NiasANGlPMyIz7MmYki7zpQk1GWZ_DBYW-o/values/%27%D0%9D%D0%B0%D1%81%D1%82%D1%80%D0%BE%D0%B9%D0%BA%D0%B8%27%21B6 HTTP/1.1" 200 None
2024-06-25 19:20:13,843 DEBUG https://sheets.googleapis.com:443 "GET /v4/spreadsheets/18SOvJ1o8NiasANGlPMyIz7MmYki7zpQk1GWZ_DBYW-o/values/%27%D0%9D%D0%B0%D1%81%D1%82%D1%80%D0%BE%D0%B9%D0%BA%D0%B8%27%21B7 HTTP/1.1" 200 None
2024-06-25 19:20:14,681 DEBUG https://sheets.googleapis.com:443 "GET /v4/spreadsheets/18SOvJ1o8NiasANGlPMyIz7MmYki7zpQk1GWZ_DBYW-o/values/%27%D0%9D%D0%B0%D1%81%D1%82%D1%80%D0%BE%D0%B9%D0%BA%D0%B8%27%21B8 HTTP/1.1" 200 None
2024-06-25 19:20:15,457 DEBUG https://sheets.googleapis.com:443 "GET /v4/spreadsheets/18SOvJ1o8NiasANGlPMyIz7MmYki7zpQk1GWZ_DBYW-o/values/%27%D0%9D%D0%B0%D1%81%D1%82%D1%80%D0%BE%D0%B9%D0%BA%D0%B8%27%21B9 HTTP/1.1" 200 None
2024-06-25 19:20:16,271 DEBUG https://sheets.googleapis.com:443 "GET /v4/spreadsheets/18SOvJ1o8NiasANGlPMyIz7MmYki7zpQk1GWZ_DBYW-o/values/%27%D0%9D%D0%B0%D1%81%D1%82%D1%80%D0%BE%D0%B9%D0%BA%D0%B8%27%21B10 HTTP/1.1" 200 None
2024-06-25 19:20:17,036 DEBUG https://sheets.googleapis.com:443 "GET /v4/spreadsheets/18SOvJ1o8NiasANGlPMyIz7MmYki7zpQk1GWZ_DBYW-o/values/%27%D0%9D%D0%B0%D1%81%D1%82%D1%80%D0%BE%D0%B9%D0%BA%D0%B8%27%21B11 HTTP/1.1" 200 None
2024-06-25 19:20:17,852 DEBUG https://sheets.googleapis.com:443 "GET /v4/spreadsheets/18SOvJ1o8NiasANGlPMyIz7MmYki7zpQk1GWZ_DBYW-o/values/%27%D0%9D%D0%B0%D1%81%D1%82%D1%80%D0%BE%D0%B9%D0%BA%D0%B8%27%21K3 HTTP/1.1" 200 None
2024-06-25 19:20:18,625 DEBUG https://sheets.googleapis.com:443 "GET /v4/spreadsheets/18SOvJ1o8NiasANGlPMyIz7MmYki7zpQk1GWZ_DBYW-o/values/%27%D0%9D%D0%B0%D1%81%D1%82%D1%80%D0%BE%D0%B9%D0%BA%D0%B8%27%21K4 HTTP/1.1" 200 None
2024-06-25 19:20:18,625 DEBUG CreateFileName инициализирован
2024-06-25 19:20:18,626 DEBUG TournamentActions инициализирован
2024-06-25 19:20:18,626 DEBUG TablesControl инициализирован
2024-06-25 19:20:18,626 DEBUG InstantHandHistoryController инициализирован
2024-06-25 19:20:18,628 DEBUG Converted retries value: 3 -> Retry(total=3, connect=None, read=None, redirect=None, status=None)
2024-06-25 19:20:18,655 DEBUG Making request: POST https://oauth2.googleapis.com/token
2024-06-25 19:20:18,655 DEBUG Starting new HTTPS connection (1): oauth2.googleapis.com:443
2024-06-25 19:20:19,745 DEBUG https://oauth2.googleapis.com:443 "POST /token HTTP/1.1" 200 None
2024-06-25 19:20:19,746 DEBUG Starting new HTTPS connection (1): sheets.googleapis.com:443
2024-06-25 19:20:21,083 DEBUG https://sheets.googleapis.com:443 "GET /v4/spreadsheets/18SOvJ1o8NiasANGlPMyIz7MmYki7zpQk1GWZ_DBYW-o?includeGridData=false HTTP/1.1" 200 None
2024-06-25 19:20:21,921 DEBUG https://sheets.googleapis.com:443 "GET /v4/spreadsheets/18SOvJ1o8NiasANGlPMyIz7MmYki7zpQk1GWZ_DBYW-o?includeGridData=false HTTP/1.1" 200 None
2024-06-25 19:20:21,923 DEBUG GetStatistics инициализирован
2024-06-25 19:20:21,924 DEBUG Converted retries value: 3 -> Retry(total=3, connect=None, read=None, redirect=None, status=None)
2024-06-25 19:20:21,952 DEBUG Making request: POST https://oauth2.googleapis.com/token
2024-06-25 19:20:21,953 DEBUG Starting new HTTPS connection (1): oauth2.googleapis.com:443
2024-06-25 19:20:22,577 DEBUG https://oauth2.googleapis.com:443 "POST /token HTTP/1.1" 200 None
2024-06-25 19:20:22,580 DEBUG Starting new HTTPS connection (1): sheets.googleapis.com:443
2024-06-25 19:20:23,848 DEBUG https://sheets.googleapis.com:443 "GET /v4/spreadsheets/18SOvJ1o8NiasANGlPMyIz7MmYki7zpQk1GWZ_DBYW-o?includeGridData=false HTTP/1.1" 200 None
2024-06-25 19:20:24,619 DEBUG https://sheets.googleapis.com:443 "GET /v4/spreadsheets/18SOvJ1o8NiasANGlPMyIz7MmYki7zpQk1GWZ_DBYW-o?includeGridData=false HTTP/1.1" 200 None
2024-06-25 19:20:24,621 DEBUG WriteStatistics инициализирован
2024-06-25 19:20:24,621 DEBUG DealsAndFiles инициализирован
2024-06-25 19:20:24,621 DEBUG Windows инициализирован
2024-06-25 19:20:24,621 DEBUG Список турниров в файле очищен
2024-06-25 19:20:25,438 DEBUG https://sheets.googleapis.com:443 "GET /v4/spreadsheets/18SOvJ1o8NiasANGlPMyIz7MmYki7zpQk1GWZ_DBYW-o/values/%27%D0%A1%D1%82%D0%B0%D1%82%D0%B8%D1%81%D1%82%D0%B8%D0%BA%D0%B0%20ES%27%21D3 HTTP/1.1" 200 None
2024-06-25 19:20:25,439 DEBUG На данный момент открыто 0 столов
2024-06-25 19:20:25,439 DEBUG Столов меньше чем 21
2024-06-25 19:20:25,439 DEBUG Начало открытия новых столов
2024-06-25 19:20:26,218 DEBUG Главное окно получено
2024-06-25 19:20:26,218 DEBUG Переход к открытию новых столов
2024-06-25 19:20:27,876 DEBUG https://sheets.googleapis.com:443 "PUT /v4/spreadsheets/18SOvJ1o8NiasANGlPMyIz7MmYki7zpQk1GWZ_DBYW-o/values/%27%D0%A1%D1%82%D0%B0%D1%82%D0%B8%D1%81%D1%82%D0%B8%D0%BA%D0%B0%20ES%27%21D3?valueInputOption=RAW HTTP/1.1" 200 None
2024-06-25 19:20:30,851 DEBUG running "pil" in child process
2024-06-25 19:20:30,852 DEBUG command: ['C:\\Users\\alcho\\NkBor\\PokerStarsParser\\.venv\\Scripts\\python.exe', '-m', 'pyscreenshot.cli.grab', '--filename', 'C:\\Users\\alcho\\AppData\\Local\\Temp\\pyscreenshotk6pzzsu1\\screenshot.png', '--bbox', '467:250:482:263', '--backend', 'pil', '--debug']
2024-06-25 19:20:30,860 DEBUG process was started (pid=20652)
2024-06-25 19:20:31,193 DEBUG process has ended, return code=0
2024-06-25 19:20:31,193 DEBUG stdout=
2024-06-25 19:20:31,193 DEBUG stderr=
2024-06-25 19:20:31,207 DEBUG STREAM b'IHDR' 16 13
2024-06-25 19:20:31,208 DEBUG STREAM b'IDAT' 41 23
2024-06-25 19:20:31,214 DEBUG running "pil" in child process
2024-06-25 19:20:31,214 DEBUG command: ['C:\\Users\\alcho\\NkBor\\PokerStarsParser\\.venv\\Scripts\\python.exe', '-m', 'pyscreenshot.cli.grab', '--filename', 'C:\\Users\\alcho\\AppData\\Local\\Temp\\pyscreenshotrj7_oyx5\\screenshot.png', '--bbox', '484:251:501:262', '--backend', 'pil', '--debug']
2024-06-25 19:20:31,221 DEBUG process was started (pid=19584)
2024-06-25 19:20:31,459 DEBUG process has ended, return code=0
2024-06-25 19:20:31,460 DEBUG stdout=
2024-06-25 19:20:31,460 DEBUG stderr=
2024-06-25 19:20:31,465 DEBUG STREAM b'IHDR' 16 13
2024-06-25 19:20:31,465 DEBUG STREAM b'IDAT' 41 23
2024-06-25 19:20:33,471 DEBUG Задержка 30 секунд
2024-06-25 19:22:02,281 DEBUG https://sheets.googleapis.com:443 "GET /v4/spreadsheets/18SOvJ1o8NiasANGlPMyIz7MmYki7zpQk1GWZ_DBYW-o/values/%27%D0%9D%D0%B0%D1%81%D1%82%D1%80%D0%BE%D0%B9%D0%BA%D0%B8%27%21B3 HTTP/1.1" 200 None
2024-06-25 19:22:03,086 DEBUG https://sheets.googleapis.com:443 "GET /v4/spreadsheets/18SOvJ1o8NiasANGlPMyIz7MmYki7zpQk1GWZ_DBYW-o/values/%27%D0%9D%D0%B0%D1%81%D1%82%D1%80%D0%BE%D0%B9%D0%BA%D0%B8%27%21B4 HTTP/1.1" 200 None
2024-06-25 19:22:03,892 DEBUG https://sheets.googleapis.com:443 "GET /v4/spreadsheets/18SOvJ1o8NiasANGlPMyIz7MmYki7zpQk1GWZ_DBYW-o/values/%27%D0%9D%D0%B0%D1%81%D1%82%D1%80%D0%BE%D0%B9%D0%BA%D0%B8%27%21B5 HTTP/1.1" 200 None
2024-06-25 19:22:04,699 DEBUG https://sheets.googleapis.com:443 "GET /v4/spreadsheets/18SOvJ1o8NiasANGlPMyIz7MmYki7zpQk1GWZ_DBYW-o/values/%27%D0%9D%D0%B0%D1%81%D1%82%D1%80%D0%BE%D0%B9%D0%BA%D0%B8%27%21B6 HTTP/1.1" 200 None
2024-06-25 19:22:05,474 DEBUG https://sheets.googleapis.com:443 "GET /v4/spreadsheets/18SOvJ1o8NiasANGlPMyIz7MmYki7zpQk1GWZ_DBYW-o/values/%27%D0%9D%D0%B0%D1%81%D1%82%D1%80%D0%BE%D0%B9%D0%BA%D0%B8%27%21B7 HTTP/1.1" 200 None
2024-06-25 19:22:06,290 DEBUG https://sheets.googleapis.com:443 "GET /v4/spreadsheets/18SOvJ1o8NiasANGlPMyIz7MmYki7zpQk1GWZ_DBYW-o/values/%27%D0%9D%D0%B0%D1%81%D1%82%D1%80%D0%BE%D0%B9%D0%BA%D0%B8%27%21B8 HTTP/1.1" 200 None
2024-06-25 19:22:07,111 DEBUG https://sheets.googleapis.com:443 "GET /v4/spreadsheets/18SOvJ1o8NiasANGlPMyIz7MmYki7zpQk1GWZ_DBYW-o/values/%27%D0%9D%D0%B0%D1%81%D1%82%D1%80%D0%BE%D0%B9%D0%BA%D0%B8%27%21B9 HTTP/1.1" 200 None
2024-06-25 19:22:07,924 DEBUG https://sheets.googleapis.com:443 "GET /v4/spreadsheets/18SOvJ1o8NiasANGlPMyIz7MmYki7zpQk1GWZ_DBYW-o/values/%27%D0%9D%D0%B0%D1%81%D1%82%D1%80%D0%BE%D0%B9%D0%BA%D0%B8%27%21B10 HTTP/1.1" 200 None
2024-06-25 19:22:08,729 DEBUG https://sheets.googleapis.com:443 "GET /v4/spreadsheets/18SOvJ1o8NiasANGlPMyIz7MmYki7zpQk1GWZ_DBYW-o/values/%27%D0%9D%D0%B0%D1%81%D1%82%D1%80%D0%BE%D0%B9%D0%BA%D0%B8%27%21B11 HTTP/1.1" 200 None
2024-06-25 19:22:09,516 DEBUG https://sheets.googleapis.com:443 "GET /v4/spreadsheets/18SOvJ1o8NiasANGlPMyIz7MmYki7zpQk1GWZ_DBYW-o/values/%27%D0%9D%D0%B0%D1%81%D1%82%D1%80%D0%BE%D0%B9%D0%BA%D0%B8%27%21K3 HTTP/1.1" 200 None
2024-06-25 19:22:10,348 DEBUG https://sheets.googleapis.com:443 "GET /v4/spreadsheets/18SOvJ1o8NiasANGlPMyIz7MmYki7zpQk1GWZ_DBYW-o/values/%27%D0%9D%D0%B0%D1%81%D1%82%D1%80%D0%BE%D0%B9%D0%BA%D0%B8%27%21K4 HTTP/1.1" 200 None
2024-06-25 19:22:10,349 DEBUG CreateFileName инициализирован
2024-06-25 19:22:10,349 DEBUG TournamentActions инициализирован
2024-06-25 19:22:10,349 DEBUG TablesControl инициализирован
2024-06-25 19:22:10,349 DEBUG InstantHandHistoryController инициализирован
2024-06-25 19:22:10,351 DEBUG Converted retries value: 3 -> Retry(total=3, connect=None, read=None, redirect=None, status=None)
2024-06-25 19:22:10,378 DEBUG Making request: POST https://oauth2.googleapis.com/token
2024-06-25 19:22:10,378 DEBUG Starting new HTTPS connection (1): oauth2.googleapis.com:443
2024-06-25 19:22:11,043 DEBUG https://oauth2.googleapis.com:443 "POST /token HTTP/1.1" 200 None
2024-06-25 19:22:11,045 DEBUG Starting new HTTPS connection (1): sheets.googleapis.com:443
2024-06-25 19:22:11,895 DEBUG https://sheets.googleapis.com:443 "GET /v4/spreadsheets/18SOvJ1o8NiasANGlPMyIz7MmYki7zpQk1GWZ_DBYW-o?includeGridData=false HTTP/1.1" 200 None
2024-06-25 19:22:12,672 DEBUG https://sheets.googleapis.com:443 "GET /v4/spreadsheets/18SOvJ1o8NiasANGlPMyIz7MmYki7zpQk1GWZ_DBYW-o?includeGridData=false HTTP/1.1" 200 None
2024-06-25 19:22:12,673 DEBUG GetStatistics инициализирован
2024-06-25 19:22:12,675 DEBUG Converted retries value: 3 -> Retry(total=3, connect=None, read=None, redirect=None, status=None)
2024-06-25 19:22:12,702 DEBUG Making request: POST https://oauth2.googleapis.com/token
2024-06-25 19:22:12,704 DEBUG Starting new HTTPS connection (1): oauth2.googleapis.com:443
2024-06-25 19:22:13,362 DEBUG https://oauth2.googleapis.com:443 "POST /token HTTP/1.1" 200 None
2024-06-25 19:22:13,363 DEBUG Starting new HTTPS connection (1): sheets.googleapis.com:443
2024-06-25 19:22:14,695 DEBUG https://sheets.googleapis.com:443 "GET /v4/spreadsheets/18SOvJ1o8NiasANGlPMyIz7MmYki7zpQk1GWZ_DBYW-o?includeGridData=false HTTP/1.1" 200 None
2024-06-25 19:22:15,501 DEBUG https://sheets.googleapis.com:443 "GET /v4/spreadsheets/18SOvJ1o8NiasANGlPMyIz7MmYki7zpQk1GWZ_DBYW-o?includeGridData=false HTTP/1.1" 200 None
2024-06-25 19:22:15,503 DEBUG WriteStatistics инициализирован
2024-06-25 19:22:15,504 DEBUG DealsAndFiles инициализирован
2024-06-25 19:22:15,504 DEBUG Windows инициализирован
2024-06-25 19:22:15,504 DEBUG Список турниров в файле очищен
2024-06-25 19:22:16,268 DEBUG https://sheets.googleapis.com:443 "GET /v4/spreadsheets/18SOvJ1o8NiasANGlPMyIz7MmYki7zpQk1GWZ_DBYW-o/values/%27%D0%A1%D1%82%D0%B0%D1%82%D0%B8%D1%81%D1%82%D0%B8%D0%BA%D0%B0%20ES%27%21D3 HTTP/1.1" 200 None
2024-06-25 19:22:16,268 DEBUG На данный момент открыто 0 столов
2024-06-25 19:22:16,268 DEBUG Столов меньше чем 21
2024-06-25 19:22:16,268 DEBUG Начало открытия новых столов
2024-06-25 19:22:17,096 DEBUG Главное окно получено
2024-06-25 19:22:17,096 DEBUG Переход к открытию новых столов
2024-06-25 19:22:18,715 DEBUG https://sheets.googleapis.com:443 "PUT /v4/spreadsheets/18SOvJ1o8NiasANGlPMyIz7MmYki7zpQk1GWZ_DBYW-o/values/%27%D0%A1%D1%82%D0%B0%D1%82%D0%B8%D1%81%D1%82%D0%B8%D0%BA%D0%B0%20ES%27%21D3?valueInputOption=RAW HTTP/1.1" 200 None
2024-06-25 19:22:21,689 DEBUG running "pil" in child process
2024-06-25 19:22:21,690 DEBUG command: ['C:\\Users\\alcho\\NkBor\\PokerStarsParser\\.venv\\Scripts\\python.exe', '-m', 'pyscreenshot.cli.grab', '--filename', 'C:\\Users\\alcho\\AppData\\Local\\Temp\\pyscreenshotcfbozvke\\screenshot.png', '--bbox', '467:250:482:263', '--backend', 'pil', '--debug']
2024-06-25 19:22:21,698 DEBUG process was started (pid=13364)
2024-06-25 19:22:21,948 DEBUG process has ended, return code=0
2024-06-25 19:22:21,948 DEBUG stdout=
2024-06-25 19:22:21,948 DEBUG stderr=
2024-06-25 19:22:21,960 DEBUG STREAM b'IHDR' 16 13
2024-06-25 19:22:21,960 DEBUG STREAM b'IDAT' 41 23
2024-06-25 19:22:21,965 DEBUG running "pil" in child process
2024-06-25 19:22:21,965 DEBUG command: ['C:\\Users\\alcho\\NkBor\\PokerStarsParser\\.venv\\Scripts\\python.exe', '-m', 'pyscreenshot.cli.grab', '--filename', 'C:\\Users\\alcho\\AppData\\Local\\Temp\\pyscreenshot75r3lloj\\screenshot.png', '--bbox', '484:251:501:262', '--backend', 'pil', '--debug']
2024-06-25 19:22:21,972 DEBUG process was started (pid=21844)
2024-06-25 19:22:22,207 DEBUG process has ended, return code=0
2024-06-25 19:22:22,207 DEBUG stdout=
2024-06-25 19:22:22,207 DEBUG stderr=
2024-06-25 19:22:22,213 DEBUG STREAM b'IHDR' 16 13
2024-06-25 19:22:22,213 DEBUG STREAM b'IDAT' 41 90
2024-06-25 19:22:24,217 DEBUG Задержка 30 секунд
2024-06-25 19:26:27,544 DEBUG https://sheets.googleapis.com:443 "GET /v4/spreadsheets/18SOvJ1o8NiasANGlPMyIz7MmYki7zpQk1GWZ_DBYW-o/values/%27%D0%9D%D0%B0%D1%81%D1%82%D1%80%D0%BE%D0%B9%D0%BA%D0%B8%27%21B3 HTTP/1.1" 200 None
2024-06-25 19:26:28,328 DEBUG https://sheets.googleapis.com:443 "GET /v4/spreadsheets/18SOvJ1o8NiasANGlPMyIz7MmYki7zpQk1GWZ_DBYW-o/values/%27%D0%9D%D0%B0%D1%81%D1%82%D1%80%D0%BE%D0%B9%D0%BA%D0%B8%27%21B4 HTTP/1.1" 200 None
2024-06-25 19:26:29,119 DEBUG https://sheets.googleapis.com:443 "GET /v4/spreadsheets/18SOvJ1o8NiasANGlPMyIz7MmYki7zpQk1GWZ_DBYW-o/values/%27%D0%9D%D0%B0%D1%81%D1%82%D1%80%D0%BE%D0%B9%D0%BA%D0%B8%27%21B5 HTTP/1.1" 200 None
2024-06-25 19:26:29,897 DEBUG https://sheets.googleapis.com:443 "GET /v4/spreadsheets/18SOvJ1o8NiasANGlPMyIz7MmYki7zpQk1GWZ_DBYW-o/values/%27%D0%9D%D0%B0%D1%81%D1%82%D1%80%D0%BE%D0%B9%D0%BA%D0%B8%27%21B6 HTTP/1.1" 200 None
2024-06-25 19:26:30,673 DEBUG https://sheets.googleapis.com:443 "GET /v4/spreadsheets/18SOvJ1o8NiasANGlPMyIz7MmYki7zpQk1GWZ_DBYW-o/values/%27%D0%9D%D0%B0%D1%81%D1%82%D1%80%D0%BE%D0%B9%D0%BA%D0%B8%27%21B7 HTTP/1.1" 200 None
2024-06-25 19:26:31,453 DEBUG https://sheets.googleapis.com:443 "GET /v4/spreadsheets/18SOvJ1o8NiasANGlPMyIz7MmYki7zpQk1GWZ_DBYW-o/values/%27%D0%9D%D0%B0%D1%81%D1%82%D1%80%D0%BE%D0%B9%D0%BA%D0%B8%27%21B8 HTTP/1.1" 200 None
2024-06-25 19:26:32,265 DEBUG https://sheets.googleapis.com:443 "GET /v4/spreadsheets/18SOvJ1o8NiasANGlPMyIz7MmYki7zpQk1GWZ_DBYW-o/values/%27%D0%9D%D0%B0%D1%81%D1%82%D1%80%D0%BE%D0%B9%D0%BA%D0%B8%27%21B9 HTTP/1.1" 200 None
2024-06-25 19:26:33,081 DEBUG https://sheets.googleapis.com:443 "GET /v4/spreadsheets/18SOvJ1o8NiasANGlPMyIz7MmYki7zpQk1GWZ_DBYW-o/values/%27%D0%9D%D0%B0%D1%81%D1%82%D1%80%D0%BE%D0%B9%D0%BA%D0%B8%27%21B10 HTTP/1.1" 200 None
2024-06-25 19:26:33,423 DEBUG https://sheets.googleapis.com:443 "GET /v4/spreadsheets/18SOvJ1o8NiasANGlPMyIz7MmYki7zpQk1GWZ_DBYW-o/values/%27%D0%9D%D0%B0%D1%81%D1%82%D1%80%D0%BE%D0%B9%D0%BA%D0%B8%27%21B11 HTTP/1.1" 200 None
2024-06-25 19:26:33,781 DEBUG https://sheets.googleapis.com:443 "GET /v4/spreadsheets/18SOvJ1o8NiasANGlPMyIz7MmYki7zpQk1GWZ_DBYW-o/values/%27%D0%9D%D0%B0%D1%81%D1%82%D1%80%D0%BE%D0%B9%D0%BA%D0%B8%27%21K3 HTTP/1.1" 200 None
2024-06-25 19:26:34,604 DEBUG https://sheets.googleapis.com:443 "GET /v4/spreadsheets/18SOvJ1o8NiasANGlPMyIz7MmYki7zpQk1GWZ_DBYW-o/values/%27%D0%9D%D0%B0%D1%81%D1%82%D1%80%D0%BE%D0%B9%D0%BA%D0%B8%27%21K4 HTTP/1.1" 200 None
2024-06-25 19:26:34,605 DEBUG CreateFileName инициализирован
2024-06-25 19:26:34,605 DEBUG TournamentActions инициализирован
2024-06-25 19:26:34,605 DEBUG TablesControl инициализирован
2024-06-25 19:26:34,605 DEBUG InstantHandHistoryController инициализирован
2024-06-25 19:26:34,607 DEBUG Converted retries value: 3 -> Retry(total=3, connect=None, read=None, redirect=None, status=None)
2024-06-25 19:26:34,633 DEBUG Making request: POST https://oauth2.googleapis.com/token
2024-06-25 19:26:34,634 DEBUG Starting new HTTPS connection (1): oauth2.googleapis.com:443
2024-06-25 19:26:35,838 DEBUG https://oauth2.googleapis.com:443 "POST /token HTTP/1.1" 200 None
2024-06-25 19:26:35,840 DEBUG Starting new HTTPS connection (1): sheets.googleapis.com:443
2024-06-25 19:26:37,782 DEBUG https://sheets.googleapis.com:443 "GET /v4/spreadsheets/18SOvJ1o8NiasANGlPMyIz7MmYki7zpQk1GWZ_DBYW-o?includeGridData=false HTTP/1.1" 200 None
2024-06-25 19:26:38,598 DEBUG https://sheets.googleapis.com:443 "GET /v4/spreadsheets/18SOvJ1o8NiasANGlPMyIz7MmYki7zpQk1GWZ_DBYW-o?includeGridData=false HTTP/1.1" 200 None
2024-06-25 19:26:38,599 DEBUG GetStatistics инициализирован
2024-06-25 19:26:38,600 DEBUG Converted retries value: 3 -> Retry(total=3, connect=None, read=None, redirect=None, status=None)
2024-06-25 19:26:38,628 DEBUG Making request: POST https://oauth2.googleapis.com/token
2024-06-25 19:26:38,629 DEBUG Starting new HTTPS connection (1): oauth2.googleapis.com:443
2024-06-25 19:26:39,254 DEBUG https://oauth2.googleapis.com:443 "POST /token HTTP/1.1" 200 None
2024-06-25 19:26:39,256 DEBUG Starting new HTTPS connection (1): sheets.googleapis.com:443
2024-06-25 19:26:40,567 DEBUG https://sheets.googleapis.com:443 "GET /v4/spreadsheets/18SOvJ1o8NiasANGlPMyIz7MmYki7zpQk1GWZ_DBYW-o?includeGridData=false HTTP/1.1" 200 None
2024-06-25 19:26:41,412 DEBUG https://sheets.googleapis.com:443 "GET /v4/spreadsheets/18SOvJ1o8NiasANGlPMyIz7MmYki7zpQk1GWZ_DBYW-o?includeGridData=false HTTP/1.1" 200 None
2024-06-25 19:26:41,413 DEBUG WriteStatistics инициализирован
2024-06-25 19:26:41,414 DEBUG DealsAndFiles инициализирован
2024-06-25 19:26:41,414 DEBUG Windows инициализирован
2024-06-25 19:26:41,414 DEBUG Список турниров в файле очищен
2024-06-25 19:26:42,196 DEBUG https://sheets.googleapis.com:443 "GET /v4/spreadsheets/18SOvJ1o8NiasANGlPMyIz7MmYki7zpQk1GWZ_DBYW-o/values/%27%D0%A1%D1%82%D0%B0%D1%82%D0%B8%D1%81%D1%82%D0%B8%D0%BA%D0%B0%20ES%27%21D3 HTTP/1.1" 200 None
2024-06-25 19:26:42,196 DEBUG На данный момент открыто 0 столов
2024-06-25 19:26:42,196 DEBUG Столов меньше чем 21
2024-06-25 19:26:42,196 DEBUG Начало открытия новых столов
2024-06-25 19:26:43,148 DEBUG Главное окно получено
2024-06-25 19:26:43,148 DEBUG Переход к открытию новых столов
2024-06-25 19:26:44,369 DEBUG https://sheets.googleapis.com:443 "PUT /v4/spreadsheets/18SOvJ1o8NiasANGlPMyIz7MmYki7zpQk1GWZ_DBYW-o/values/%27%D0%A1%D1%82%D0%B0%D1%82%D0%B8%D1%81%D1%82%D0%B8%D0%BA%D0%B0%20ES%27%21D3?valueInputOption=RAW HTTP/1.1" 200 None
2024-06-25 19:26:47,341 DEBUG running "pil" in child process
2024-06-25 19:26:47,342 DEBUG command: ['C:\\Users\\alcho\\NkBor\\PokerStarsParser\\.venv\\Scripts\\python.exe', '-m', 'pyscreenshot.cli.grab', '--filename', 'C:\\Users\\alcho\\AppData\\Local\\Temp\\pyscreenshotkif489i0\\screenshot.png', '--bbox', '467:256:482:269', '--backend', 'pil', '--debug']
2024-06-25 19:26:47,349 DEBUG process was started (pid=14832)
2024-06-25 19:26:47,597 DEBUG process has ended, return code=0
2024-06-25 19:26:47,597 DEBUG stdout=
2024-06-25 19:26:47,597 DEBUG stderr=
2024-06-25 19:26:47,607 DEBUG STREAM b'IHDR' 16 13
2024-06-25 19:26:47,608 DEBUG STREAM b'IDAT' 41 23
2024-06-25 19:26:47,612 DEBUG running "pil" in child process
2024-06-25 19:26:47,612 DEBUG command: ['C:\\Users\\alcho\\NkBor\\PokerStarsParser\\.venv\\Scripts\\python.exe', '-m', 'pyscreenshot.cli.grab', '--filename', 'C:\\Users\\alcho\\AppData\\Local\\Temp\\pyscreenshot9celp486\\screenshot.png', '--bbox', '484:257:501:268', '--backend', 'pil', '--debug']
2024-06-25 19:26:47,620 DEBUG process was started (pid=20052)
2024-06-25 19:26:47,869 DEBUG process has ended, return code=0
2024-06-25 19:26:47,870 DEBUG stdout=
2024-06-25 19:26:47,870 DEBUG stderr=
2024-06-25 19:26:47,876 DEBUG STREAM b'IHDR' 16 13
2024-06-25 19:26:47,876 DEBUG STREAM b'IDAT' 41 161
2024-06-25 19:26:47,880 DEBUG running "pil" in child process
2024-06-25 19:26:47,881 DEBUG command: ['C:\\Users\\alcho\\NkBor\\PokerStarsParser\\.venv\\Scripts\\python.exe', '-m', 'pyscreenshot.cli.grab', '--filename', 'C:\\Users\\alcho\\AppData\\Local\\Temp\\pyscreenshot975577z1\\screenshot.png', '--bbox', '506:256:507:269', '--backend', 'pil', '--debug']
2024-06-25 19:26:47,887 DEBUG process was started (pid=20764)
2024-06-25 19:26:48,125 DEBUG process has ended, return code=0
2024-06-25 19:26:48,125 DEBUG stdout=
2024-06-25 19:26:48,125 DEBUG stderr=
2024-06-25 19:26:48,129 DEBUG STREAM b'IHDR' 16 13
2024-06-25 19:26:48,130 DEBUG STREAM b'IDAT' 41 63
2024-06-25 19:26:48,132 DEBUG STREAM b'IHDR' 16 13
2024-06-25 19:26:48,132 DEBUG STREAM b'IDAT' 41 63
2024-06-25 19:26:48,133 DEBUG running "pil" in child process
2024-06-25 19:26:48,133 DEBUG command: ['C:\\Users\\alcho\\NkBor\\PokerStarsParser\\.venv\\Scripts\\python.exe', '-m', 'pyscreenshot.cli.grab', '--filename', 'C:\\Users\\alcho\\AppData\\Local\\Temp\\pyscreenshotkvmz4afv\\screenshot.png', '--bbox', '578:250:682:263', '--backend', 'pil', '--debug']
2024-06-25 19:26:48,139 DEBUG process was started (pid=21736)
2024-06-25 19:26:48,389 DEBUG process has ended, return code=0
2024-06-25 19:26:48,389 DEBUG stdout=
2024-06-25 19:26:48,389 DEBUG stderr=
2024-06-25 19:26:48,394 DEBUG STREAM b'IHDR' 16 13
2024-06-25 19:26:48,394 DEBUG STREAM b'IDAT' 41 236
2024-06-25 19:31:34,803 DEBUG https://sheets.googleapis.com:443 "GET /v4/spreadsheets/18SOvJ1o8NiasANGlPMyIz7MmYki7zpQk1GWZ_DBYW-o/values/%27%D0%9D%D0%B0%D1%81%D1%82%D1%80%D0%BE%D0%B9%D0%BA%D0%B8%27%21B3 HTTP/1.1" 200 None
2024-06-25 19:31:35,643 DEBUG https://sheets.googleapis.com:443 "GET /v4/spreadsheets/18SOvJ1o8NiasANGlPMyIz7MmYki7zpQk1GWZ_DBYW-o/values/%27%D0%9D%D0%B0%D1%81%D1%82%D1%80%D0%BE%D0%B9%D0%BA%D0%B8%27%21B4 HTTP/1.1" 200 None
2024-06-25 19:31:36,424 DEBUG https://sheets.googleapis.com:443 "GET /v4/spreadsheets/18SOvJ1o8NiasANGlPMyIz7MmYki7zpQk1GWZ_DBYW-o/values/%27%D0%9D%D0%B0%D1%81%D1%82%D1%80%D0%BE%D0%B9%D0%BA%D0%B8%27%21B5 HTTP/1.1" 200 None
2024-06-25 19:31:37,237 DEBUG https://sheets.googleapis.com:443 "GET /v4/spreadsheets/18SOvJ1o8NiasANGlPMyIz7MmYki7zpQk1GWZ_DBYW-o/values/%27%D0%9D%D0%B0%D1%81%D1%82%D1%80%D0%BE%D0%B9%D0%BA%D0%B8%27%21B6 HTTP/1.1" 200 None
2024-06-25 19:31:38,062 DEBUG https://sheets.googleapis.com:443 "GET /v4/spreadsheets/18SOvJ1o8NiasANGlPMyIz7MmYki7zpQk1GWZ_DBYW-o/values/%27%D0%9D%D0%B0%D1%81%D1%82%D1%80%D0%BE%D0%B9%D0%BA%D0%B8%27%21B7 HTTP/1.1" 200 None
2024-06-25 19:31:38,409 DEBUG https://sheets.googleapis.com:443 "GET /v4/spreadsheets/18SOvJ1o8NiasANGlPMyIz7MmYki7zpQk1GWZ_DBYW-o/values/%27%D0%9D%D0%B0%D1%81%D1%82%D1%80%D0%BE%D0%B9%D0%BA%D0%B8%27%21B8 HTTP/1.1" 200 None
2024-06-25 19:31:39,293 DEBUG https://sheets.googleapis.com:443 "GET /v4/spreadsheets/18SOvJ1o8NiasANGlPMyIz7MmYki7zpQk1GWZ_DBYW-o/values/%27%D0%9D%D0%B0%D1%81%D1%82%D1%80%D0%BE%D0%B9%D0%BA%D0%B8%27%21B9 HTTP/1.1" 200 None
2024-06-25 19:31:40,109 DEBUG https://sheets.googleapis.com:443 "GET /v4/spreadsheets/18SOvJ1o8NiasANGlPMyIz7MmYki7zpQk1GWZ_DBYW-o/values/%27%D0%9D%D0%B0%D1%81%D1%82%D1%80%D0%BE%D0%B9%D0%BA%D0%B8%27%21B10 HTTP/1.1" 200 None
2024-06-25 19:31:40,896 DEBUG https://sheets.googleapis.com:443 "GET /v4/spreadsheets/18SOvJ1o8NiasANGlPMyIz7MmYki7zpQk1GWZ_DBYW-o/values/%27%D0%9D%D0%B0%D1%81%D1%82%D1%80%D0%BE%D0%B9%D0%BA%D0%B8%27%21B11 HTTP/1.1" 200 None
2024-06-25 19:31:41,235 DEBUG https://sheets.googleapis.com:443 "GET /v4/spreadsheets/18SOvJ1o8NiasANGlPMyIz7MmYki7zpQk1GWZ_DBYW-o/values/%27%D0%9D%D0%B0%D1%81%D1%82%D1%80%D0%BE%D0%B9%D0%BA%D0%B8%27%21K3 HTTP/1.1" 200 None
2024-06-25 19:31:42,127 DEBUG https://sheets.googleapis.com:443 "GET /v4/spreadsheets/18SOvJ1o8NiasANGlPMyIz7MmYki7zpQk1GWZ_DBYW-o/values/%27%D0%9D%D0%B0%D1%81%D1%82%D1%80%D0%BE%D0%B9%D0%BA%D0%B8%27%21K4 HTTP/1.1" 200 None
2024-06-25 19:31:42,134 DEBUG CreateFileName инициализирован
2024-06-25 19:31:42,135 DEBUG TournamentActions инициализирован
2024-06-25 19:31:42,135 DEBUG TablesControl инициализирован
2024-06-25 19:31:42,135 DEBUG InstantHandHistoryController инициализирован
2024-06-25 19:31:42,136 DEBUG Converted retries value: 3 -> Retry(total=3, connect=None, read=None, redirect=None, status=None)
2024-06-25 19:31:42,165 DEBUG Making request: POST https://oauth2.googleapis.com/token
2024-06-25 19:31:42,166 DEBUG Starting new HTTPS connection (1): oauth2.googleapis.com:443
2024-06-25 19:31:43,317 DEBUG https://oauth2.googleapis.com:443 "POST /token HTTP/1.1" 200 None
2024-06-25 19:31:43,318 DEBUG Starting new HTTPS connection (1): sheets.googleapis.com:443
2024-06-25 19:31:44,654 DEBUG https://sheets.googleapis.com:443 "GET /v4/spreadsheets/18SOvJ1o8NiasANGlPMyIz7MmYki7zpQk1GWZ_DBYW-o?includeGridData=false HTTP/1.1" 200 None
2024-06-25 19:31:45,457 DEBUG https://sheets.googleapis.com:443 "GET /v4/spreadsheets/18SOvJ1o8NiasANGlPMyIz7MmYki7zpQk1GWZ_DBYW-o?includeGridData=false HTTP/1.1" 200 None
2024-06-25 19:31:45,460 DEBUG GetStatistics инициализирован
2024-06-25 19:31:45,462 DEBUG Converted retries value: 3 -> Retry(total=3, connect=None, read=None, redirect=None, status=None)
2024-06-25 19:31:45,488 DEBUG Making request: POST https://oauth2.googleapis.com/token
2024-06-25 19:31:45,490 DEBUG Starting new HTTPS connection (1): oauth2.googleapis.com:443
2024-06-25 19:31:46,106 DEBUG https://oauth2.googleapis.com:443 "POST /token HTTP/1.1" 200 None
2024-06-25 19:31:46,107 DEBUG Starting new HTTPS connection (1): sheets.googleapis.com:443
2024-06-25 19:31:47,435 DEBUG https://sheets.googleapis.com:443 "GET /v4/spreadsheets/18SOvJ1o8NiasANGlPMyIz7MmYki7zpQk1GWZ_DBYW-o?includeGridData=false HTTP/1.1" 200 None
2024-06-25 19:31:47,780 DEBUG https://sheets.googleapis.com:443 "GET /v4/spreadsheets/18SOvJ1o8NiasANGlPMyIz7MmYki7zpQk1GWZ_DBYW-o?includeGridData=false HTTP/1.1" 200 None
2024-06-25 19:31:47,782 DEBUG WriteStatistics инициализирован
2024-06-25 19:31:47,782 DEBUG DealsAndFiles инициализирован
2024-06-25 19:31:47,782 DEBUG Windows инициализирован
2024-06-25 19:31:47,783 DEBUG Список турниров в файле очищен
2024-06-25 19:31:48,568 DEBUG https://sheets.googleapis.com:443 "GET /v4/spreadsheets/18SOvJ1o8NiasANGlPMyIz7MmYki7zpQk1GWZ_DBYW-o/values/%27%D0%A1%D1%82%D0%B0%D1%82%D0%B8%D1%81%D1%82%D0%B8%D0%BA%D0%B0%20ES%27%21D3 HTTP/1.1" 200 None
2024-06-25 19:31:48,568 DEBUG На данный момент открыто 0 столов
2024-06-25 19:31:48,569 DEBUG Столов меньше чем 21
2024-06-25 19:31:48,569 DEBUG Начало открытия новых столов
2024-06-25 19:31:48,973 DEBUG Главное окно получено
2024-06-25 19:31:48,973 DEBUG Переход к открытию новых столов
2024-06-25 19:31:50,567 DEBUG https://sheets.googleapis.com:443 "PUT /v4/spreadsheets/18SOvJ1o8NiasANGlPMyIz7MmYki7zpQk1GWZ_DBYW-o/values/%27%D0%A1%D1%82%D0%B0%D1%82%D0%B8%D1%81%D1%82%D0%B8%D0%BA%D0%B0%20ES%27%21D3?valueInputOption=RAW HTTP/1.1" 200 None
2024-06-25 19:31:53,540 DEBUG running "pil" in child process
2024-06-25 19:31:53,541 DEBUG command: ['C:\\Users\\alcho\\NkBor\\PokerStarsParser\\.venv\\Scripts\\python.exe', '-m', 'pyscreenshot.cli.grab', '--filename', 'C:\\Users\\alcho\\AppData\\Local\\Temp\\pyscreenshotqkyofq_9\\screenshot.png', '--bbox', '467:256:482:269', '--backend', 'pil', '--debug']
2024-06-25 19:31:53,549 DEBUG process was started (pid=18904)
2024-06-25 19:31:53,788 DEBUG process has ended, return code=0
2024-06-25 19:31:53,788 DEBUG stdout=
2024-06-25 19:31:53,788 DEBUG stderr=
2024-06-25 19:31:53,799 DEBUG STREAM b'IHDR' 16 13
2024-06-25 19:31:53,799 DEBUG STREAM b'IDAT' 41 23
2024-06-25 19:31:53,802 DEBUG running "pil" in child process
2024-06-25 19:31:53,803 DEBUG command: ['C:\\Users\\alcho\\NkBor\\PokerStarsParser\\.venv\\Scripts\\python.exe', '-m', 'pyscreenshot.cli.grab', '--filename', 'C:\\Users\\alcho\\AppData\\Local\\Temp\\pyscreenshotxlng22v4\\screenshot.png', '--bbox', '484:257:501:268', '--backend', 'pil', '--debug']
2024-06-25 19:31:53,810 DEBUG process was started (pid=21436)
2024-06-25 19:31:54,061 DEBUG process has ended, return code=0
2024-06-25 19:31:54,061 DEBUG stdout=
2024-06-25 19:31:54,061 DEBUG stderr=
2024-06-25 19:31:54,062 DEBUG STREAM b'IHDR' 16 13
2024-06-25 19:31:54,062 DEBUG STREAM b'IDAT' 41 161
2024-06-25 19:31:54,066 DEBUG running "pil" in child process
2024-06-25 19:31:54,067 DEBUG command: ['C:\\Users\\alcho\\NkBor\\PokerStarsParser\\.venv\\Scripts\\python.exe', '-m', 'pyscreenshot.cli.grab', '--filename', 'C:\\Users\\alcho\\AppData\\Local\\Temp\\pyscreenshotl6nnqhd0\\screenshot.png', '--bbox', '506:256:507:269', '--backend', 'pil', '--debug']
2024-06-25 19:31:54,075 DEBUG process was started (pid=19912)
2024-06-25 19:31:54,318 DEBUG process has ended, return code=0
2024-06-25 19:31:54,318 DEBUG stdout=
2024-06-25 19:31:54,318 DEBUG stderr=
2024-06-25 19:31:54,319 DEBUG STREAM b'IHDR' 16 13
2024-06-25 19:31:54,319 DEBUG STREAM b'IDAT' 41 63
2024-06-25 19:31:54,323 DEBUG STREAM b'IHDR' 16 13
2024-06-25 19:31:54,323 DEBUG STREAM b'IDAT' 41 63
2024-06-25 19:31:54,323 DEBUG running "pil" in child process
2024-06-25 19:31:54,324 DEBUG command: ['C:\\Users\\alcho\\NkBor\\PokerStarsParser\\.venv\\Scripts\\python.exe', '-m', 'pyscreenshot.cli.grab', '--filename', 'C:\\Users\\alcho\\AppData\\Local\\Temp\\pyscreenshotzku5aqzp\\screenshot.png', '--bbox', '578:256:682:269', '--backend', 'pil', '--debug']
2024-06-25 19:31:54,332 DEBUG process was started (pid=23048)
2024-06-25 19:31:54,684 DEBUG process has ended, return code=0
2024-06-25 19:31:54,684 DEBUG stdout=
2024-06-25 19:31:54,684 DEBUG stderr=
2024-06-25 19:31:54,689 DEBUG STREAM b'IHDR' 16 13
2024-06-25 19:31:54,689 DEBUG STREAM b'IDAT' 41 306
2024-06-25 19:33:31,903 DEBUG https://sheets.googleapis.com:443 "GET /v4/spreadsheets/18SOvJ1o8NiasANGlPMyIz7MmYki7zpQk1GWZ_DBYW-o/values/%27%D0%9D%D0%B0%D1%81%D1%82%D1%80%D0%BE%D0%B9%D0%BA%D0%B8%27%21B3 HTTP/1.1" 200 None
2024-06-25 19:33:32,718 DEBUG https://sheets.googleapis.com:443 "GET /v4/spreadsheets/18SOvJ1o8NiasANGlPMyIz7MmYki7zpQk1GWZ_DBYW-o/values/%27%D0%9D%D0%B0%D1%81%D1%82%D1%80%D0%BE%D0%B9%D0%BA%D0%B8%27%21B4 HTTP/1.1" 200 None
2024-06-25 19:33:33,531 DEBUG https://sheets.googleapis.com:443 "GET /v4/spreadsheets/18SOvJ1o8NiasANGlPMyIz7MmYki7zpQk1GWZ_DBYW-o/values/%27%D0%9D%D0%B0%D1%81%D1%82%D1%80%D0%BE%D0%B9%D0%BA%D0%B8%27%21B5 HTTP/1.1" 200 None
2024-06-25 19:33:34,351 DEBUG https://sheets.googleapis.com:443 "GET /v4/spreadsheets/18SOvJ1o8NiasANGlPMyIz7MmYki7zpQk1GWZ_DBYW-o/values/%27%D0%9D%D0%B0%D1%81%D1%82%D1%80%D0%BE%D0%B9%D0%BA%D0%B8%27%21B6 HTTP/1.1" 200 None
2024-06-25 19:33:35,193 DEBUG https://sheets.googleapis.com:443 "GET /v4/spreadsheets/18SOvJ1o8NiasANGlPMyIz7MmYki7zpQk1GWZ_DBYW-o/values/%27%D0%9D%D0%B0%D1%81%D1%82%D1%80%D0%BE%D0%B9%D0%BA%D0%B8%27%21B7 HTTP/1.1" 200 None
2024-06-25 19:33:35,993 DEBUG https://sheets.googleapis.com:443 "GET /v4/spreadsheets/18SOvJ1o8NiasANGlPMyIz7MmYki7zpQk1GWZ_DBYW-o/values/%27%D0%9D%D0%B0%D1%81%D1%82%D1%80%D0%BE%D0%B9%D0%BA%D0%B8%27%21B8 HTTP/1.1" 200 None
2024-06-25 19:33:37,538 DEBUG https://sheets.googleapis.com:443 "GET /v4/spreadsheets/18SOvJ1o8NiasANGlPMyIz7MmYki7zpQk1GWZ_DBYW-o/values/%27%D0%9D%D0%B0%D1%81%D1%82%D1%80%D0%BE%D0%B9%D0%BA%D0%B8%27%21B9 HTTP/1.1" 200 None
2024-06-25 19:33:37,891 DEBUG https://sheets.googleapis.com:443 "GET /v4/spreadsheets/18SOvJ1o8NiasANGlPMyIz7MmYki7zpQk1GWZ_DBYW-o/values/%27%D0%9D%D0%B0%D1%81%D1%82%D1%80%D0%BE%D0%B9%D0%BA%D0%B8%27%21B10 HTTP/1.1" 200 None
2024-06-25 19:33:38,723 DEBUG https://sheets.googleapis.com:443 "GET /v4/spreadsheets/18SOvJ1o8NiasANGlPMyIz7MmYki7zpQk1GWZ_DBYW-o/values/%27%D0%9D%D0%B0%D1%81%D1%82%D1%80%D0%BE%D0%B9%D0%BA%D0%B8%27%21B11 HTTP/1.1" 200 None
2024-06-25 19:33:39,085 DEBUG https://sheets.googleapis.com:443 "GET /v4/spreadsheets/18SOvJ1o8NiasANGlPMyIz7MmYki7zpQk1GWZ_DBYW-o/values/%27%D0%9D%D0%B0%D1%81%D1%82%D1%80%D0%BE%D0%B9%D0%BA%D0%B8%27%21K3 HTTP/1.1" 200 None
2024-06-25 19:33:39,929 DEBUG https://sheets.googleapis.com:443 "GET /v4/spreadsheets/18SOvJ1o8NiasANGlPMyIz7MmYki7zpQk1GWZ_DBYW-o/values/%27%D0%9D%D0%B0%D1%81%D1%82%D1%80%D0%BE%D0%B9%D0%BA%D0%B8%27%21K4 HTTP/1.1" 200 None
2024-06-25 19:33:39,929 DEBUG CreateFileName инициализирован
2024-06-25 19:33:39,929 DEBUG TournamentActions инициализирован
2024-06-25 19:33:39,929 DEBUG TablesControl инициализирован
2024-06-25 19:33:39,929 DEBUG InstantHandHistoryController инициализирован
2024-06-25 19:33:39,931 DEBUG Converted retries value: 3 -> Retry(total=3, connect=None, read=None, redirect=None, status=None)
2024-06-25 19:33:39,958 DEBUG Making request: POST https://oauth2.googleapis.com/token
2024-06-25 19:33:39,959 DEBUG Starting new HTTPS connection (1): oauth2.googleapis.com:443
2024-06-25 19:33:40,635 DEBUG https://oauth2.googleapis.com:443 "POST /token HTTP/1.1" 200 None
2024-06-25 19:33:40,638 DEBUG Starting new HTTPS connection (1): sheets.googleapis.com:443
2024-06-25 19:33:41,641 DEBUG https://sheets.googleapis.com:443 "GET /v4/spreadsheets/18SOvJ1o8NiasANGlPMyIz7MmYki7zpQk1GWZ_DBYW-o?includeGridData=false HTTP/1.1" 200 None
2024-06-25 19:33:42,436 DEBUG https://sheets.googleapis.com:443 "GET /v4/spreadsheets/18SOvJ1o8NiasANGlPMyIz7MmYki7zpQk1GWZ_DBYW-o?includeGridData=false HTTP/1.1" 200 None
2024-06-25 19:33:42,438 DEBUG GetStatistics инициализирован
2024-06-25 19:33:42,439 DEBUG Converted retries value: 3 -> Retry(total=3, connect=None, read=None, redirect=None, status=None)
2024-06-25 19:33:42,468 DEBUG Making request: POST https://oauth2.googleapis.com/token
2024-06-25 19:33:42,469 DEBUG Starting new HTTPS connection (1): oauth2.googleapis.com:443
2024-06-25 19:33:43,101 DEBUG https://oauth2.googleapis.com:443 "POST /token HTTP/1.1" 200 None
2024-06-25 19:33:43,103 DEBUG Starting new HTTPS connection (1): sheets.googleapis.com:443
2024-06-25 19:33:44,407 DEBUG https://sheets.googleapis.com:443 "GET /v4/spreadsheets/18SOvJ1o8NiasANGlPMyIz7MmYki7zpQk1GWZ_DBYW-o?includeGridData=false HTTP/1.1" 200 None
2024-06-25 19:33:45,192 DEBUG https://sheets.googleapis.com:443 "GET /v4/spreadsheets/18SOvJ1o8NiasANGlPMyIz7MmYki7zpQk1GWZ_DBYW-o?includeGridData=false HTTP/1.1" 200 None
2024-06-25 19:33:45,195 DEBUG WriteStatistics инициализирован
2024-06-25 19:33:45,195 DEBUG DealsAndFiles инициализирован
2024-06-25 19:33:45,195 DEBUG Windows инициализирован
2024-06-25 19:33:45,196 DEBUG Список турниров в файле очищен
2024-06-25 19:33:45,992 DEBUG https://sheets.googleapis.com:443 "GET /v4/spreadsheets/18SOvJ1o8NiasANGlPMyIz7MmYki7zpQk1GWZ_DBYW-o/values/%27%D0%A1%D1%82%D0%B0%D1%82%D0%B8%D1%81%D1%82%D0%B8%D0%BA%D0%B0%20ES%27%21D3 HTTP/1.1" 200 None
2024-06-25 19:33:45,993 DEBUG На данный момент открыто 0 столов
2024-06-25 19:33:45,993 DEBUG Столов меньше чем 21
2024-06-25 19:33:45,993 DEBUG Начало открытия новых столов
2024-06-25 19:33:46,929 DEBUG Главное окно получено
2024-06-25 19:33:46,929 DEBUG Переход к открытию новых столов
2024-06-25 19:33:48,545 DEBUG https://sheets.googleapis.com:443 "PUT /v4/spreadsheets/18SOvJ1o8NiasANGlPMyIz7MmYki7zpQk1GWZ_DBYW-o/values/%27%D0%A1%D1%82%D0%B0%D1%82%D0%B8%D1%81%D1%82%D0%B8%D0%BA%D0%B0%20ES%27%21D3?valueInputOption=RAW HTTP/1.1" 200 None
2024-06-25 19:33:51,515 DEBUG running "pil" in child process
2024-06-25 19:33:51,516 DEBUG command: ['C:\\Users\\alcho\\NkBor\\PokerStarsParser\\.venv\\Scripts\\python.exe', '-m', 'pyscreenshot.cli.grab', '--filename', 'C:\\Users\\alcho\\AppData\\Local\\Temp\\pyscreenshotx9pqjbr9\\screenshot.png', '--bbox', '467:256:482:269', '--backend', 'pil', '--debug']
2024-06-25 19:33:51,523 DEBUG process was started (pid=17688)
2024-06-25 19:33:51,772 DEBUG process has ended, return code=0
2024-06-25 19:33:51,772 DEBUG stdout=
2024-06-25 19:33:51,772 DEBUG stderr=
2024-06-25 19:33:51,783 DEBUG STREAM b'IHDR' 16 13
2024-06-25 19:33:51,784 DEBUG STREAM b'IDAT' 41 23
2024-06-25 19:33:51,787 DEBUG running "pil" in child process
2024-06-25 19:33:51,788 DEBUG command: ['C:\\Users\\alcho\\NkBor\\PokerStarsParser\\.venv\\Scripts\\python.exe', '-m', 'pyscreenshot.cli.grab', '--filename', 'C:\\Users\\alcho\\AppData\\Local\\Temp\\pyscreenshothkhc4bzh\\screenshot.png', '--bbox', '484:257:501:268', '--backend', 'pil', '--debug']
2024-06-25 19:33:51,796 DEBUG process was started (pid=19600)
2024-06-25 19:33:52,041 DEBUG process has ended, return code=0
2024-06-25 19:33:52,041 DEBUG stdout=
2024-06-25 19:33:52,041 DEBUG stderr=
2024-06-25 19:33:52,042 DEBUG STREAM b'IHDR' 16 13
2024-06-25 19:33:52,042 DEBUG STREAM b'IDAT' 41 161
2024-06-25 19:33:52,047 DEBUG running "pil" in child process
2024-06-25 19:33:52,048 DEBUG command: ['C:\\Users\\alcho\\NkBor\\PokerStarsParser\\.venv\\Scripts\\python.exe', '-m', 'pyscreenshot.cli.grab', '--filename', 'C:\\Users\\alcho\\AppData\\Local\\Temp\\pyscreenshotpsmqpssz\\screenshot.png', '--bbox', '506:256:507:269', '--backend', 'pil', '--debug']
2024-06-25 19:33:52,055 DEBUG process was started (pid=18904)
2024-06-25 19:33:52,297 DEBUG process has ended, return code=0
2024-06-25 19:33:52,297 DEBUG stdout=
2024-06-25 19:33:52,298 DEBUG stderr=
2024-06-25 19:33:52,299 DEBUG STREAM b'IHDR' 16 13
2024-06-25 19:33:52,299 DEBUG STREAM b'IDAT' 41 63
2024-06-25 19:33:52,301 DEBUG STREAM b'IHDR' 16 13
2024-06-25 19:33:52,301 DEBUG STREAM b'IDAT' 41 63
2024-06-25 19:33:52,302 DEBUG running "pil" in child process
2024-06-25 19:33:52,302 DEBUG command: ['C:\\Users\\alcho\\NkBor\\PokerStarsParser\\.venv\\Scripts\\python.exe', '-m', 'pyscreenshot.cli.grab', '--filename', 'C:\\Users\\alcho\\AppData\\Local\\Temp\\pyscreenshotz55c0jpg\\screenshot.png', '--bbox', '578:255:682:269', '--backend', 'pil', '--debug']
2024-06-25 19:33:52,308 DEBUG process was started (pid=24280)
2024-06-25 19:33:52,549 DEBUG process has ended, return code=0
2024-06-25 19:33:52,549 DEBUG stdout=
2024-06-25 19:33:52,549 DEBUG stderr=
2024-06-25 19:33:52,554 DEBUG STREAM b'IHDR' 16 13
2024-06-25 19:33:52,554 DEBUG STREAM b'IDAT' 41 309
2024-06-25 19:34:19,436 ERROR Ошибка при открытии турнира
Traceback (most recent call last):
  File "C:\Users\alcho\NkBor\534634563456\main.py", line 81, in add_new_tables
    num = tournament_actions.switch_tournaments(amount_of_tables, num)
          ^^^^^^^^^^^^^^^^^^^^^^^^^^^^^^^^^^^^^^^^^^^^^^^^^^^^^^^^^^^^
  File "C:\Users\alcho\NkBor\534634563456\ClientLauncher\ClientActions\main_lobby.py", line 87, in switch_tournaments
    lobby_info = lobby.get_lobby_info()
                 ^^^^^^^^^^^^^^^^^^^^^^
  File "C:\Users\alcho\NkBor\534634563456\ClientLauncher\ParseInfo\parse_lobby.py", line 48, in get_lobby_info
    tables_info = self._get_availible_tables()
                  ^^^^^^^^^^^^^^^^^^^^^^^^^^^^
  File "C:\Users\alcho\NkBor\534634563456\ClientLauncher\ParseInfo\parse_lobby.py", line 159, in _get_availible_tables
    gtd = self._get_lobby_gtd()
          ^^^^^^^^^^^^^^^^^^^^^
  File "C:\Users\alcho\NkBor\534634563456\ClientLauncher\ParseInfo\parse_lobby.py", line 250, in _get_lobby_gtd
    gtd = re.search(r', (\$.+?) Gtd', header).group(1)
          ^^^^^^^^^^^^^^^^^^^^^^^^^^^^^^^^^^^^^^^^^
AttributeError: 'NoneType' object has no attribute 'group'
2024-06-25 19:34:21,439 DEBUG Задержка 30 секунд
2024-06-25 19:39:06,310 DEBUG https://sheets.googleapis.com:443 "GET /v4/spreadsheets/18SOvJ1o8NiasANGlPMyIz7MmYki7zpQk1GWZ_DBYW-o/values/%27%D0%9D%D0%B0%D1%81%D1%82%D1%80%D0%BE%D0%B9%D0%BA%D0%B8%27%21B3 HTTP/1.1" 200 None
2024-06-25 19:39:07,101 DEBUG https://sheets.googleapis.com:443 "GET /v4/spreadsheets/18SOvJ1o8NiasANGlPMyIz7MmYki7zpQk1GWZ_DBYW-o/values/%27%D0%9D%D0%B0%D1%81%D1%82%D1%80%D0%BE%D0%B9%D0%BA%D0%B8%27%21B4 HTTP/1.1" 200 None
2024-06-25 19:39:07,885 DEBUG https://sheets.googleapis.com:443 "GET /v4/spreadsheets/18SOvJ1o8NiasANGlPMyIz7MmYki7zpQk1GWZ_DBYW-o/values/%27%D0%9D%D0%B0%D1%81%D1%82%D1%80%D0%BE%D0%B9%D0%BA%D0%B8%27%21B5 HTTP/1.1" 200 None
2024-06-25 19:39:08,661 DEBUG https://sheets.googleapis.com:443 "GET /v4/spreadsheets/18SOvJ1o8NiasANGlPMyIz7MmYki7zpQk1GWZ_DBYW-o/values/%27%D0%9D%D0%B0%D1%81%D1%82%D1%80%D0%BE%D0%B9%D0%BA%D0%B8%27%21B6 HTTP/1.1" 200 None
2024-06-25 19:39:09,446 DEBUG https://sheets.googleapis.com:443 "GET /v4/spreadsheets/18SOvJ1o8NiasANGlPMyIz7MmYki7zpQk1GWZ_DBYW-o/values/%27%D0%9D%D0%B0%D1%81%D1%82%D1%80%D0%BE%D0%B9%D0%BA%D0%B8%27%21B7 HTTP/1.1" 200 None
2024-06-25 19:39:10,237 DEBUG https://sheets.googleapis.com:443 "GET /v4/spreadsheets/18SOvJ1o8NiasANGlPMyIz7MmYki7zpQk1GWZ_DBYW-o/values/%27%D0%9D%D0%B0%D1%81%D1%82%D1%80%D0%BE%D0%B9%D0%BA%D0%B8%27%21B8 HTTP/1.1" 200 None
2024-06-25 19:39:11,012 DEBUG https://sheets.googleapis.com:443 "GET /v4/spreadsheets/18SOvJ1o8NiasANGlPMyIz7MmYki7zpQk1GWZ_DBYW-o/values/%27%D0%9D%D0%B0%D1%81%D1%82%D1%80%D0%BE%D0%B9%D0%BA%D0%B8%27%21B9 HTTP/1.1" 200 None
2024-06-25 19:39:11,820 DEBUG https://sheets.googleapis.com:443 "GET /v4/spreadsheets/18SOvJ1o8NiasANGlPMyIz7MmYki7zpQk1GWZ_DBYW-o/values/%27%D0%9D%D0%B0%D1%81%D1%82%D1%80%D0%BE%D0%B9%D0%BA%D0%B8%27%21B10 HTTP/1.1" 200 None
2024-06-25 19:39:12,621 DEBUG https://sheets.googleapis.com:443 "GET /v4/spreadsheets/18SOvJ1o8NiasANGlPMyIz7MmYki7zpQk1GWZ_DBYW-o/values/%27%D0%9D%D0%B0%D1%81%D1%82%D1%80%D0%BE%D0%B9%D0%BA%D0%B8%27%21B11 HTTP/1.1" 200 None
2024-06-25 19:39:13,507 DEBUG https://sheets.googleapis.com:443 "GET /v4/spreadsheets/18SOvJ1o8NiasANGlPMyIz7MmYki7zpQk1GWZ_DBYW-o/values/%27%D0%9D%D0%B0%D1%81%D1%82%D1%80%D0%BE%D0%B9%D0%BA%D0%B8%27%21K3 HTTP/1.1" 200 None
2024-06-25 19:39:13,847 DEBUG https://sheets.googleapis.com:443 "GET /v4/spreadsheets/18SOvJ1o8NiasANGlPMyIz7MmYki7zpQk1GWZ_DBYW-o/values/%27%D0%9D%D0%B0%D1%81%D1%82%D1%80%D0%BE%D0%B9%D0%BA%D0%B8%27%21K4 HTTP/1.1" 200 None
2024-06-25 19:39:13,847 DEBUG CreateFileName инициализирован
2024-06-25 19:39:13,847 DEBUG TournamentActions инициализирован
2024-06-25 19:39:13,847 DEBUG TablesControl инициализирован
2024-06-25 19:39:13,847 DEBUG InstantHandHistoryController инициализирован
2024-06-25 19:39:13,849 DEBUG Converted retries value: 3 -> Retry(total=3, connect=None, read=None, redirect=None, status=None)
2024-06-25 19:39:13,876 DEBUG Making request: POST https://oauth2.googleapis.com/token
2024-06-25 19:39:13,877 DEBUG Starting new HTTPS connection (1): oauth2.googleapis.com:443
2024-06-25 19:39:14,509 DEBUG https://oauth2.googleapis.com:443 "POST /token HTTP/1.1" 200 None
2024-06-25 19:39:14,510 DEBUG Starting new HTTPS connection (1): sheets.googleapis.com:443
2024-06-25 19:39:16,308 DEBUG https://sheets.googleapis.com:443 "GET /v4/spreadsheets/18SOvJ1o8NiasANGlPMyIz7MmYki7zpQk1GWZ_DBYW-o?includeGridData=false HTTP/1.1" 200 None
2024-06-25 19:39:16,674 DEBUG https://sheets.googleapis.com:443 "GET /v4/spreadsheets/18SOvJ1o8NiasANGlPMyIz7MmYki7zpQk1GWZ_DBYW-o?includeGridData=false HTTP/1.1" 200 None
2024-06-25 19:39:16,677 DEBUG GetStatistics инициализирован
2024-06-25 19:39:16,679 DEBUG Converted retries value: 3 -> Retry(total=3, connect=None, read=None, redirect=None, status=None)
2024-06-25 19:39:16,705 DEBUG Making request: POST https://oauth2.googleapis.com/token
2024-06-25 19:39:16,706 DEBUG Starting new HTTPS connection (1): oauth2.googleapis.com:443
2024-06-25 19:39:17,338 DEBUG https://oauth2.googleapis.com:443 "POST /token HTTP/1.1" 200 None
2024-06-25 19:39:17,339 DEBUG Starting new HTTPS connection (1): sheets.googleapis.com:443
2024-06-25 19:39:18,641 DEBUG https://sheets.googleapis.com:443 "GET /v4/spreadsheets/18SOvJ1o8NiasANGlPMyIz7MmYki7zpQk1GWZ_DBYW-o?includeGridData=false HTTP/1.1" 200 None
2024-06-25 19:39:18,979 DEBUG https://sheets.googleapis.com:443 "GET /v4/spreadsheets/18SOvJ1o8NiasANGlPMyIz7MmYki7zpQk1GWZ_DBYW-o?includeGridData=false HTTP/1.1" 200 None
2024-06-25 19:39:18,981 DEBUG WriteStatistics инициализирован
2024-06-25 19:39:18,981 DEBUG DealsAndFiles инициализирован
2024-06-25 19:39:18,981 DEBUG Windows инициализирован
2024-06-25 19:39:18,981 DEBUG Список турниров в файле очищен
2024-06-25 19:39:19,340 DEBUG https://sheets.googleapis.com:443 "GET /v4/spreadsheets/18SOvJ1o8NiasANGlPMyIz7MmYki7zpQk1GWZ_DBYW-o/values/%27%D0%A1%D1%82%D0%B0%D1%82%D0%B8%D1%81%D1%82%D0%B8%D0%BA%D0%B0%20ES%27%21D3 HTTP/1.1" 200 None
2024-06-25 19:39:19,341 DEBUG На данный момент открыто 0 столов
2024-06-25 19:39:19,341 DEBUG Столов меньше чем 21
2024-06-25 19:39:19,341 DEBUG Начало открытия новых столов
2024-06-25 19:39:20,259 DEBUG Главное окно получено
2024-06-25 19:39:20,260 DEBUG Переход к открытию новых столов
2024-06-25 19:39:21,848 DEBUG https://sheets.googleapis.com:443 "PUT /v4/spreadsheets/18SOvJ1o8NiasANGlPMyIz7MmYki7zpQk1GWZ_DBYW-o/values/%27%D0%A1%D1%82%D0%B0%D1%82%D0%B8%D1%81%D1%82%D0%B8%D0%BA%D0%B0%20ES%27%21D3?valueInputOption=RAW HTTP/1.1" 200 None
2024-06-25 19:39:24,821 DEBUG running "pil" in child process
2024-06-25 19:39:24,822 DEBUG command: ['C:\\Users\\alcho\\NkBor\\PokerStarsParser\\.venv\\Scripts\\python.exe', '-m', 'pyscreenshot.cli.grab', '--filename', 'C:\\Users\\alcho\\AppData\\Local\\Temp\\pyscreenshott7klolvb\\screenshot.png', '--bbox', '467:256:482:269', '--backend', 'pil', '--debug']
2024-06-25 19:39:24,829 DEBUG process was started (pid=22612)
2024-06-25 19:39:25,071 DEBUG process has ended, return code=0
2024-06-25 19:39:25,071 DEBUG stdout=
2024-06-25 19:39:25,071 DEBUG stderr=
2024-06-25 19:39:25,082 DEBUG STREAM b'IHDR' 16 13
2024-06-25 19:39:25,084 DEBUG STREAM b'IDAT' 41 23
2024-06-25 19:39:25,088 DEBUG running "pil" in child process
2024-06-25 19:39:25,088 DEBUG command: ['C:\\Users\\alcho\\NkBor\\PokerStarsParser\\.venv\\Scripts\\python.exe', '-m', 'pyscreenshot.cli.grab', '--filename', 'C:\\Users\\alcho\\AppData\\Local\\Temp\\pyscreenshot1vs9s094\\screenshot.png', '--bbox', '484:257:501:268', '--backend', 'pil', '--debug']
2024-06-25 19:39:25,094 DEBUG process was started (pid=20952)
2024-06-25 19:39:25,324 DEBUG process has ended, return code=0
2024-06-25 19:39:25,324 DEBUG stdout=
2024-06-25 19:39:25,324 DEBUG stderr=
2024-06-25 19:39:25,325 DEBUG STREAM b'IHDR' 16 13
2024-06-25 19:39:25,325 DEBUG STREAM b'IDAT' 41 161
2024-06-25 19:39:25,329 DEBUG running "pil" in child process
2024-06-25 19:39:25,330 DEBUG command: ['C:\\Users\\alcho\\NkBor\\PokerStarsParser\\.venv\\Scripts\\python.exe', '-m', 'pyscreenshot.cli.grab', '--filename', 'C:\\Users\\alcho\\AppData\\Local\\Temp\\pyscreenshot5xs56o0p\\screenshot.png', '--bbox', '506:256:507:269', '--backend', 'pil', '--debug']
2024-06-25 19:39:25,337 DEBUG process was started (pid=22196)
2024-06-25 19:39:25,581 DEBUG process has ended, return code=0
2024-06-25 19:39:25,581 DEBUG stdout=
2024-06-25 19:39:25,581 DEBUG stderr=
2024-06-25 19:39:25,583 DEBUG STREAM b'IHDR' 16 13
2024-06-25 19:39:25,583 DEBUG STREAM b'IDAT' 41 63
2024-06-25 19:39:25,584 DEBUG STREAM b'IHDR' 16 13
2024-06-25 19:39:25,585 DEBUG STREAM b'IDAT' 41 63
2024-06-25 19:39:25,585 DEBUG running "pil" in child process
2024-06-25 19:39:25,585 DEBUG command: ['C:\\Users\\alcho\\NkBor\\PokerStarsParser\\.venv\\Scripts\\python.exe', '-m', 'pyscreenshot.cli.grab', '--filename', 'C:\\Users\\alcho\\AppData\\Local\\Temp\\pyscreenshotw31ouxvr\\screenshot.png', '--bbox', '578:255:682:269', '--backend', 'pil', '--debug']
2024-06-25 19:39:25,591 DEBUG process was started (pid=18888)
2024-06-25 19:39:25,833 DEBUG process has ended, return code=0
2024-06-25 19:39:25,833 DEBUG stdout=
2024-06-25 19:39:25,833 DEBUG stderr=
2024-06-25 19:39:25,834 DEBUG STREAM b'IHDR' 16 13
2024-06-25 19:39:25,834 DEBUG STREAM b'IDAT' 41 309
2024-06-25 19:43:29,785 DEBUG https://sheets.googleapis.com:443 "GET /v4/spreadsheets/18SOvJ1o8NiasANGlPMyIz7MmYki7zpQk1GWZ_DBYW-o/values/%27%D0%9D%D0%B0%D1%81%D1%82%D1%80%D0%BE%D0%B9%D0%BA%D0%B8%27%21B3 HTTP/1.1" 200 None
2024-06-25 19:43:30,600 DEBUG https://sheets.googleapis.com:443 "GET /v4/spreadsheets/18SOvJ1o8NiasANGlPMyIz7MmYki7zpQk1GWZ_DBYW-o/values/%27%D0%9D%D0%B0%D1%81%D1%82%D1%80%D0%BE%D0%B9%D0%BA%D0%B8%27%21B4 HTTP/1.1" 200 None
2024-06-25 19:43:30,934 DEBUG https://sheets.googleapis.com:443 "GET /v4/spreadsheets/18SOvJ1o8NiasANGlPMyIz7MmYki7zpQk1GWZ_DBYW-o/values/%27%D0%9D%D0%B0%D1%81%D1%82%D1%80%D0%BE%D0%B9%D0%BA%D0%B8%27%21B5 HTTP/1.1" 200 None
2024-06-25 19:43:31,433 DEBUG https://sheets.googleapis.com:443 "GET /v4/spreadsheets/18SOvJ1o8NiasANGlPMyIz7MmYki7zpQk1GWZ_DBYW-o/values/%27%D0%9D%D0%B0%D1%81%D1%82%D1%80%D0%BE%D0%B9%D0%BA%D0%B8%27%21B6 HTTP/1.1" 200 None
2024-06-25 19:43:31,776 DEBUG https://sheets.googleapis.com:443 "GET /v4/spreadsheets/18SOvJ1o8NiasANGlPMyIz7MmYki7zpQk1GWZ_DBYW-o/values/%27%D0%9D%D0%B0%D1%81%D1%82%D1%80%D0%BE%D0%B9%D0%BA%D0%B8%27%21B7 HTTP/1.1" 200 None
2024-06-25 19:43:32,570 DEBUG https://sheets.googleapis.com:443 "GET /v4/spreadsheets/18SOvJ1o8NiasANGlPMyIz7MmYki7zpQk1GWZ_DBYW-o/values/%27%D0%9D%D0%B0%D1%81%D1%82%D1%80%D0%BE%D0%B9%D0%BA%D0%B8%27%21B8 HTTP/1.1" 200 None
2024-06-25 19:43:33,338 DEBUG https://sheets.googleapis.com:443 "GET /v4/spreadsheets/18SOvJ1o8NiasANGlPMyIz7MmYki7zpQk1GWZ_DBYW-o/values/%27%D0%9D%D0%B0%D1%81%D1%82%D1%80%D0%BE%D0%B9%D0%BA%D0%B8%27%21B9 HTTP/1.1" 200 None
2024-06-25 19:43:33,668 DEBUG https://sheets.googleapis.com:443 "GET /v4/spreadsheets/18SOvJ1o8NiasANGlPMyIz7MmYki7zpQk1GWZ_DBYW-o/values/%27%D0%9D%D0%B0%D1%81%D1%82%D1%80%D0%BE%D0%B9%D0%BA%D0%B8%27%21B10 HTTP/1.1" 200 None
2024-06-25 19:43:34,479 DEBUG https://sheets.googleapis.com:443 "GET /v4/spreadsheets/18SOvJ1o8NiasANGlPMyIz7MmYki7zpQk1GWZ_DBYW-o/values/%27%D0%9D%D0%B0%D1%81%D1%82%D1%80%D0%BE%D0%B9%D0%BA%D0%B8%27%21B11 HTTP/1.1" 200 None
2024-06-25 19:43:35,283 DEBUG https://sheets.googleapis.com:443 "GET /v4/spreadsheets/18SOvJ1o8NiasANGlPMyIz7MmYki7zpQk1GWZ_DBYW-o/values/%27%D0%9D%D0%B0%D1%81%D1%82%D1%80%D0%BE%D0%B9%D0%BA%D0%B8%27%21K3 HTTP/1.1" 200 None
2024-06-25 19:43:36,240 DEBUG https://sheets.googleapis.com:443 "GET /v4/spreadsheets/18SOvJ1o8NiasANGlPMyIz7MmYki7zpQk1GWZ_DBYW-o/values/%27%D0%9D%D0%B0%D1%81%D1%82%D1%80%D0%BE%D0%B9%D0%BA%D0%B8%27%21K4 HTTP/1.1" 200 None
2024-06-25 19:43:36,241 DEBUG CreateFileName инициализирован
2024-06-25 19:43:36,241 DEBUG TournamentActions инициализирован
2024-06-25 19:43:36,241 DEBUG TablesControl инициализирован
2024-06-25 19:43:36,241 DEBUG InstantHandHistoryController инициализирован
2024-06-25 19:43:36,242 DEBUG Converted retries value: 3 -> Retry(total=3, connect=None, read=None, redirect=None, status=None)
2024-06-25 19:43:36,275 DEBUG Making request: POST https://oauth2.googleapis.com/token
2024-06-25 19:43:36,276 DEBUG Starting new HTTPS connection (1): oauth2.googleapis.com:443
2024-06-25 19:43:36,901 DEBUG https://oauth2.googleapis.com:443 "POST /token HTTP/1.1" 200 None
2024-06-25 19:43:36,903 DEBUG Starting new HTTPS connection (1): sheets.googleapis.com:443
2024-06-25 19:43:37,772 DEBUG https://sheets.googleapis.com:443 "GET /v4/spreadsheets/18SOvJ1o8NiasANGlPMyIz7MmYki7zpQk1GWZ_DBYW-o?includeGridData=false HTTP/1.1" 200 None
2024-06-25 19:43:38,563 DEBUG https://sheets.googleapis.com:443 "GET /v4/spreadsheets/18SOvJ1o8NiasANGlPMyIz7MmYki7zpQk1GWZ_DBYW-o?includeGridData=false HTTP/1.1" 200 None
2024-06-25 19:43:38,566 DEBUG GetStatistics инициализирован
2024-06-25 19:43:38,567 DEBUG Converted retries value: 3 -> Retry(total=3, connect=None, read=None, redirect=None, status=None)
2024-06-25 19:43:38,594 DEBUG Making request: POST https://oauth2.googleapis.com/token
2024-06-25 19:43:38,595 DEBUG Starting new HTTPS connection (1): oauth2.googleapis.com:443
2024-06-25 19:43:39,675 DEBUG https://oauth2.googleapis.com:443 "POST /token HTTP/1.1" 200 None
2024-06-25 19:43:39,678 DEBUG Starting new HTTPS connection (1): sheets.googleapis.com:443
2024-06-25 19:43:40,616 DEBUG https://sheets.googleapis.com:443 "GET /v4/spreadsheets/18SOvJ1o8NiasANGlPMyIz7MmYki7zpQk1GWZ_DBYW-o?includeGridData=false HTTP/1.1" 200 None
2024-06-25 19:43:41,021 DEBUG https://sheets.googleapis.com:443 "GET /v4/spreadsheets/18SOvJ1o8NiasANGlPMyIz7MmYki7zpQk1GWZ_DBYW-o?includeGridData=false HTTP/1.1" 200 None
2024-06-25 19:43:41,023 DEBUG WriteStatistics инициализирован
2024-06-25 19:43:41,023 DEBUG DealsAndFiles инициализирован
2024-06-25 19:43:41,023 DEBUG Windows инициализирован
2024-06-25 19:43:41,024 DEBUG Список турниров в файле очищен
2024-06-25 19:43:41,420 DEBUG https://sheets.googleapis.com:443 "GET /v4/spreadsheets/18SOvJ1o8NiasANGlPMyIz7MmYki7zpQk1GWZ_DBYW-o/values/%27%D0%A1%D1%82%D0%B0%D1%82%D0%B8%D1%81%D1%82%D0%B8%D0%BA%D0%B0%20ES%27%21D3 HTTP/1.1" 200 None
2024-06-25 19:43:41,421 DEBUG На данный момент открыто 0 столов
2024-06-25 19:43:41,421 DEBUG Столов меньше чем 21
2024-06-25 19:43:41,421 DEBUG Начало открытия новых столов
2024-06-25 19:43:42,930 DEBUG Главное окно получено
2024-06-25 19:43:42,931 DEBUG Переход к открытию новых столов
2024-06-25 19:43:44,588 DEBUG https://sheets.googleapis.com:443 "PUT /v4/spreadsheets/18SOvJ1o8NiasANGlPMyIz7MmYki7zpQk1GWZ_DBYW-o/values/%27%D0%A1%D1%82%D0%B0%D1%82%D0%B8%D1%81%D1%82%D0%B8%D0%BA%D0%B0%20ES%27%21D3?valueInputOption=RAW HTTP/1.1" 200 None
2024-06-25 19:43:47,598 DEBUG running "pil" in child process
2024-06-25 19:43:47,599 DEBUG command: ['C:\\Users\\alcho\\NkBor\\PokerStarsParser\\.venv\\Scripts\\python.exe', '-m', 'pyscreenshot.cli.grab', '--filename', 'C:\\Users\\alcho\\AppData\\Local\\Temp\\pyscreenshotj8kka9tz\\screenshot.png', '--bbox', '467:256:482:269', '--backend', 'pil', '--debug']
2024-06-25 19:43:47,607 DEBUG process was started (pid=19728)
2024-06-25 19:43:47,859 DEBUG process has ended, return code=0
2024-06-25 19:43:47,859 DEBUG stdout=
2024-06-25 19:43:47,860 DEBUG stderr=
2024-06-25 19:43:47,877 DEBUG STREAM b'IHDR' 16 13
2024-06-25 19:43:47,877 DEBUG STREAM b'IDAT' 41 23
2024-06-25 19:43:47,881 DEBUG running "pil" in child process
2024-06-25 19:43:47,881 DEBUG command: ['C:\\Users\\alcho\\NkBor\\PokerStarsParser\\.venv\\Scripts\\python.exe', '-m', 'pyscreenshot.cli.grab', '--filename', 'C:\\Users\\alcho\\AppData\\Local\\Temp\\pyscreenshotcpc3p6e7\\screenshot.png', '--bbox', '484:257:501:268', '--backend', 'pil', '--debug']
2024-06-25 19:43:47,889 DEBUG process was started (pid=23084)
2024-06-25 19:43:48,138 DEBUG process has ended, return code=0
2024-06-25 19:43:48,139 DEBUG stdout=
2024-06-25 19:43:48,139 DEBUG stderr=
2024-06-25 19:43:48,140 DEBUG STREAM b'IHDR' 16 13
2024-06-25 19:43:48,140 DEBUG STREAM b'IDAT' 41 161
2024-06-25 19:43:48,143 DEBUG running "pil" in child process
2024-06-25 19:43:48,143 DEBUG command: ['C:\\Users\\alcho\\NkBor\\PokerStarsParser\\.venv\\Scripts\\python.exe', '-m', 'pyscreenshot.cli.grab', '--filename', 'C:\\Users\\alcho\\AppData\\Local\\Temp\\pyscreenshot9fo_kqx0\\screenshot.png', '--bbox', '506:256:507:269', '--backend', 'pil', '--debug']
2024-06-25 19:43:48,152 DEBUG process was started (pid=1668)
2024-06-25 19:43:48,407 DEBUG process has ended, return code=0
2024-06-25 19:43:48,407 DEBUG stdout=
2024-06-25 19:43:48,407 DEBUG stderr=
2024-06-25 19:43:48,408 DEBUG STREAM b'IHDR' 16 13
2024-06-25 19:43:48,409 DEBUG STREAM b'IDAT' 41 63
2024-06-25 19:43:48,411 DEBUG STREAM b'IHDR' 16 13
2024-06-25 19:43:48,411 DEBUG STREAM b'IDAT' 41 63
2024-06-25 19:43:48,411 DEBUG running "pil" in child process
2024-06-25 19:43:48,411 DEBUG command: ['C:\\Users\\alcho\\NkBor\\PokerStarsParser\\.venv\\Scripts\\python.exe', '-m', 'pyscreenshot.cli.grab', '--filename', 'C:\\Users\\alcho\\AppData\\Local\\Temp\\pyscreenshotgwno9dss\\screenshot.png', '--bbox', '578:255:682:269', '--backend', 'pil', '--debug']
2024-06-25 19:43:48,419 DEBUG process was started (pid=15300)
2024-06-25 19:43:48,677 DEBUG process has ended, return code=0
2024-06-25 19:43:48,677 DEBUG stdout=
2024-06-25 19:43:48,677 DEBUG stderr=
2024-06-25 19:43:48,678 DEBUG STREAM b'IHDR' 16 13
2024-06-25 19:43:48,678 DEBUG STREAM b'IDAT' 41 309
2024-06-25 19:44:31,168 DEBUG https://sheets.googleapis.com:443 "PUT /v4/spreadsheets/18SOvJ1o8NiasANGlPMyIz7MmYki7zpQk1GWZ_DBYW-o/values/%27%D0%A1%D1%82%D0%B0%D1%82%D0%B8%D1%81%D1%82%D0%B8%D0%BA%D0%B0%20ES%27%21D3?valueInputOption=RAW HTTP/1.1" 200 None
2024-06-25 19:44:34,142 DEBUG running "pil" in child process
2024-06-25 19:44:34,142 DEBUG command: ['C:\\Users\\alcho\\NkBor\\PokerStarsParser\\.venv\\Scripts\\python.exe', '-m', 'pyscreenshot.cli.grab', '--filename', 'C:\\Users\\alcho\\AppData\\Local\\Temp\\pyscreenshotjq20_mfi\\screenshot.png', '--bbox', '467:282:482:295', '--backend', 'pil', '--debug']
2024-06-25 19:44:34,150 DEBUG process was started (pid=21624)
2024-06-25 19:44:34,441 DEBUG process has ended, return code=3221225786
2024-06-25 19:44:34,442 DEBUG stdout=
2024-06-25 19:44:34,442 DEBUG stderr=
2024-06-25 19:53:59,072 DEBUG https://sheets.googleapis.com:443 "GET /v4/spreadsheets/18SOvJ1o8NiasANGlPMyIz7MmYki7zpQk1GWZ_DBYW-o/values/%27%D0%9D%D0%B0%D1%81%D1%82%D1%80%D0%BE%D0%B9%D0%BA%D0%B8%27%21B3 HTTP/1.1" 200 None
2024-06-25 19:53:59,438 DEBUG https://sheets.googleapis.com:443 "GET /v4/spreadsheets/18SOvJ1o8NiasANGlPMyIz7MmYki7zpQk1GWZ_DBYW-o/values/%27%D0%9D%D0%B0%D1%81%D1%82%D1%80%D0%BE%D0%B9%D0%BA%D0%B8%27%21B4 HTTP/1.1" 200 None
2024-06-25 19:53:59,800 DEBUG https://sheets.googleapis.com:443 "GET /v4/spreadsheets/18SOvJ1o8NiasANGlPMyIz7MmYki7zpQk1GWZ_DBYW-o/values/%27%D0%9D%D0%B0%D1%81%D1%82%D1%80%D0%BE%D0%B9%D0%BA%D0%B8%27%21B5 HTTP/1.1" 200 None
2024-06-25 19:54:00,613 DEBUG https://sheets.googleapis.com:443 "GET /v4/spreadsheets/18SOvJ1o8NiasANGlPMyIz7MmYki7zpQk1GWZ_DBYW-o/values/%27%D0%9D%D0%B0%D1%81%D1%82%D1%80%D0%BE%D0%B9%D0%BA%D0%B8%27%21B6 HTTP/1.1" 200 None
2024-06-25 19:54:01,434 DEBUG https://sheets.googleapis.com:443 "GET /v4/spreadsheets/18SOvJ1o8NiasANGlPMyIz7MmYki7zpQk1GWZ_DBYW-o/values/%27%D0%9D%D0%B0%D1%81%D1%82%D1%80%D0%BE%D0%B9%D0%BA%D0%B8%27%21B7 HTTP/1.1" 200 None
2024-06-25 19:54:01,770 DEBUG https://sheets.googleapis.com:443 "GET /v4/spreadsheets/18SOvJ1o8NiasANGlPMyIz7MmYki7zpQk1GWZ_DBYW-o/values/%27%D0%9D%D0%B0%D1%81%D1%82%D1%80%D0%BE%D0%B9%D0%BA%D0%B8%27%21B8 HTTP/1.1" 200 None
2024-06-25 19:54:02,601 DEBUG https://sheets.googleapis.com:443 "GET /v4/spreadsheets/18SOvJ1o8NiasANGlPMyIz7MmYki7zpQk1GWZ_DBYW-o/values/%27%D0%9D%D0%B0%D1%81%D1%82%D1%80%D0%BE%D0%B9%D0%BA%D0%B8%27%21B9 HTTP/1.1" 200 None
2024-06-25 19:54:02,946 DEBUG https://sheets.googleapis.com:443 "GET /v4/spreadsheets/18SOvJ1o8NiasANGlPMyIz7MmYki7zpQk1GWZ_DBYW-o/values/%27%D0%9D%D0%B0%D1%81%D1%82%D1%80%D0%BE%D0%B9%D0%BA%D0%B8%27%21B10 HTTP/1.1" 200 None
2024-06-25 19:54:03,283 DEBUG https://sheets.googleapis.com:443 "GET /v4/spreadsheets/18SOvJ1o8NiasANGlPMyIz7MmYki7zpQk1GWZ_DBYW-o/values/%27%D0%9D%D0%B0%D1%81%D1%82%D1%80%D0%BE%D0%B9%D0%BA%D0%B8%27%21B11 HTTP/1.1" 200 None
2024-06-25 19:54:04,116 DEBUG https://sheets.googleapis.com:443 "GET /v4/spreadsheets/18SOvJ1o8NiasANGlPMyIz7MmYki7zpQk1GWZ_DBYW-o/values/%27%D0%9D%D0%B0%D1%81%D1%82%D1%80%D0%BE%D0%B9%D0%BA%D0%B8%27%21K3 HTTP/1.1" 200 None
2024-06-25 19:54:05,079 DEBUG https://sheets.googleapis.com:443 "GET /v4/spreadsheets/18SOvJ1o8NiasANGlPMyIz7MmYki7zpQk1GWZ_DBYW-o/values/%27%D0%9D%D0%B0%D1%81%D1%82%D1%80%D0%BE%D0%B9%D0%BA%D0%B8%27%21K4 HTTP/1.1" 200 None
2024-06-25 19:54:05,079 DEBUG CreateFileName инициализирован
2024-06-25 19:54:05,079 DEBUG TournamentActions инициализирован
2024-06-25 19:54:05,079 DEBUG TablesControl инициализирован
2024-06-25 19:54:05,080 DEBUG InstantHandHistoryController инициализирован
2024-06-25 19:54:05,081 DEBUG Converted retries value: 3 -> Retry(total=3, connect=None, read=None, redirect=None, status=None)
2024-06-25 19:54:05,114 DEBUG Making request: POST https://oauth2.googleapis.com/token
2024-06-25 19:54:05,115 DEBUG Starting new HTTPS connection (1): oauth2.googleapis.com:443
2024-06-25 19:54:05,788 DEBUG https://oauth2.googleapis.com:443 "POST /token HTTP/1.1" 200 None
2024-06-25 19:54:05,792 DEBUG Starting new HTTPS connection (1): sheets.googleapis.com:443
2024-06-25 19:54:06,669 DEBUG https://sheets.googleapis.com:443 "GET /v4/spreadsheets/18SOvJ1o8NiasANGlPMyIz7MmYki7zpQk1GWZ_DBYW-o?includeGridData=false HTTP/1.1" 200 None
2024-06-25 19:54:07,003 DEBUG https://sheets.googleapis.com:443 "GET /v4/spreadsheets/18SOvJ1o8NiasANGlPMyIz7MmYki7zpQk1GWZ_DBYW-o?includeGridData=false HTTP/1.1" 200 None
2024-06-25 19:54:07,006 DEBUG GetStatistics инициализирован
2024-06-25 19:54:07,007 DEBUG Converted retries value: 3 -> Retry(total=3, connect=None, read=None, redirect=None, status=None)
2024-06-25 19:54:07,036 DEBUG Making request: POST https://oauth2.googleapis.com/token
2024-06-25 19:54:07,037 DEBUG Starting new HTTPS connection (1): oauth2.googleapis.com:443
2024-06-25 19:54:07,720 DEBUG https://oauth2.googleapis.com:443 "POST /token HTTP/1.1" 200 None
2024-06-25 19:54:07,722 DEBUG Starting new HTTPS connection (1): sheets.googleapis.com:443
2024-06-25 19:54:09,555 DEBUG https://sheets.googleapis.com:443 "GET /v4/spreadsheets/18SOvJ1o8NiasANGlPMyIz7MmYki7zpQk1GWZ_DBYW-o?includeGridData=false HTTP/1.1" 200 None
2024-06-25 19:54:09,893 DEBUG https://sheets.googleapis.com:443 "GET /v4/spreadsheets/18SOvJ1o8NiasANGlPMyIz7MmYki7zpQk1GWZ_DBYW-o?includeGridData=false HTTP/1.1" 200 None
2024-06-25 19:54:09,894 DEBUG WriteStatistics инициализирован
2024-06-25 19:54:09,894 DEBUG DealsAndFiles инициализирован
2024-06-25 19:54:09,894 DEBUG Windows инициализирован
2024-06-25 19:54:09,896 DEBUG Список турниров в файле очищен
2024-06-25 19:54:10,681 DEBUG https://sheets.googleapis.com:443 "GET /v4/spreadsheets/18SOvJ1o8NiasANGlPMyIz7MmYki7zpQk1GWZ_DBYW-o/values/%27%D0%A1%D1%82%D0%B0%D1%82%D0%B8%D1%81%D1%82%D0%B8%D0%BA%D0%B0%20ES%27%21D3 HTTP/1.1" 200 None
2024-06-25 19:54:10,681 DEBUG На данный момент открыто 3 столов
2024-06-25 19:54:10,681 DEBUG Столов меньше чем 21
2024-06-25 19:54:10,681 DEBUG Начало открытия новых столов
2024-06-25 19:54:11,592 DEBUG Главное окно получено
2024-06-25 19:54:11,593 DEBUG Переход к открытию новых столов
2024-06-25 19:54:12,749 DEBUG https://sheets.googleapis.com:443 "PUT /v4/spreadsheets/18SOvJ1o8NiasANGlPMyIz7MmYki7zpQk1GWZ_DBYW-o/values/%27%D0%A1%D1%82%D0%B0%D1%82%D0%B8%D1%81%D1%82%D0%B8%D0%BA%D0%B0%20ES%27%21D3?valueInputOption=RAW HTTP/1.1" 200 None
2024-06-25 19:54:15,716 DEBUG running "pil" in child process
2024-06-25 19:54:15,718 DEBUG command: ['C:\\Users\\alcho\\NkBor\\PokerStarsParser\\.venv\\Scripts\\python.exe', '-m', 'pyscreenshot.cli.grab', '--filename', 'C:\\Users\\alcho\\AppData\\Local\\Temp\\pyscreenshot7kavgtq6\\screenshot.png', '--bbox', '467:256:482:269', '--backend', 'pil', '--debug']
2024-06-25 19:54:15,724 DEBUG process was started (pid=24000)
2024-06-25 19:54:16,015 DEBUG process has ended, return code=0
2024-06-25 19:54:16,015 DEBUG stdout=
2024-06-25 19:54:16,015 DEBUG stderr=
2024-06-25 19:54:16,031 DEBUG STREAM b'IHDR' 16 13
2024-06-25 19:54:16,031 DEBUG STREAM b'IDAT' 41 318
2024-06-25 19:54:16,036 DEBUG running "pil" in child process
2024-06-25 19:54:16,036 DEBUG command: ['C:\\Users\\alcho\\NkBor\\PokerStarsParser\\.venv\\Scripts\\python.exe', '-m', 'pyscreenshot.cli.grab', '--filename', 'C:\\Users\\alcho\\AppData\\Local\\Temp\\pyscreenshot1wztsqfu\\screenshot.png', '--bbox', '470:262:471:263', '--backend', 'pil', '--debug']
2024-06-25 19:54:16,045 DEBUG process was started (pid=18572)
2024-06-25 19:54:16,329 DEBUG process has ended, return code=0
2024-06-25 19:54:16,329 DEBUG stdout=
2024-06-25 19:54:16,329 DEBUG stderr=
2024-06-25 19:54:16,333 DEBUG STREAM b'IHDR' 16 13
2024-06-25 19:54:16,333 DEBUG STREAM b'IDAT' 41 12
2024-06-25 19:54:16,337 DEBUG running "pil" in child process
2024-06-25 19:54:16,337 DEBUG command: ['C:\\Users\\alcho\\NkBor\\PokerStarsParser\\.venv\\Scripts\\python.exe', '-m', 'pyscreenshot.cli.grab', '--filename', 'C:\\Users\\alcho\\AppData\\Local\\Temp\\pyscreenshotz2e39lh4\\screenshot.png', '--bbox', '484:257:501:268', '--backend', 'pil', '--debug']
2024-06-25 19:54:16,345 DEBUG process was started (pid=24564)
2024-06-25 19:54:16,594 DEBUG process has ended, return code=0
2024-06-25 19:54:16,594 DEBUG stdout=
2024-06-25 19:54:16,594 DEBUG stderr=
2024-06-25 19:54:16,598 DEBUG STREAM b'IHDR' 16 13
2024-06-25 19:54:16,599 DEBUG STREAM b'IDAT' 41 161
2024-06-25 19:54:16,602 DEBUG running "pil" in child process
2024-06-25 19:54:16,602 DEBUG command: ['C:\\Users\\alcho\\NkBor\\PokerStarsParser\\.venv\\Scripts\\python.exe', '-m', 'pyscreenshot.cli.grab', '--filename', 'C:\\Users\\alcho\\AppData\\Local\\Temp\\pyscreenshotqdhj7ubq\\screenshot.png', '--bbox', '506:256:507:269', '--backend', 'pil', '--debug']
2024-06-25 19:54:16,610 DEBUG process was started (pid=13560)
2024-06-25 19:54:16,848 DEBUG process has ended, return code=0
2024-06-25 19:54:16,848 DEBUG stdout=
2024-06-25 19:54:16,848 DEBUG stderr=
2024-06-25 19:54:16,853 DEBUG STREAM b'IHDR' 16 13
2024-06-25 19:54:16,853 DEBUG STREAM b'IDAT' 41 46
2024-06-25 19:54:16,854 DEBUG STREAM b'IHDR' 16 13
2024-06-25 19:54:16,854 DEBUG STREAM b'IDAT' 41 46
2024-06-25 19:54:16,856 DEBUG running "pil" in child process
2024-06-25 19:54:16,856 DEBUG command: ['C:\\Users\\alcho\\NkBor\\PokerStarsParser\\.venv\\Scripts\\python.exe', '-m', 'pyscreenshot.cli.grab', '--filename', 'C:\\Users\\alcho\\AppData\\Local\\Temp\\pyscreenshot8yf6iyvu\\screenshot.png', '--bbox', '578:255:682:269', '--backend', 'pil', '--debug']
2024-06-25 19:54:16,863 DEBUG process was started (pid=23760)
2024-06-25 19:54:17,113 DEBUG process has ended, return code=0
2024-06-25 19:54:17,115 DEBUG stdout=
2024-06-25 19:54:17,115 DEBUG stderr=
2024-06-25 19:54:17,118 DEBUG STREAM b'IHDR' 16 13
2024-06-25 19:54:17,118 DEBUG STREAM b'IDAT' 41 266
2024-06-25 19:55:31,600 DEBUG https://sheets.googleapis.com:443 "PUT /v4/spreadsheets/18SOvJ1o8NiasANGlPMyIz7MmYki7zpQk1GWZ_DBYW-o/values/%27%D0%A1%D1%82%D0%B0%D1%82%D0%B8%D1%81%D1%82%D0%B8%D0%BA%D0%B0%20ES%27%21D3?valueInputOption=RAW HTTP/1.1" 200 None
2024-06-25 19:55:34,573 DEBUG running "pil" in child process
2024-06-25 19:55:34,573 DEBUG command: ['C:\\Users\\alcho\\NkBor\\PokerStarsParser\\.venv\\Scripts\\python.exe', '-m', 'pyscreenshot.cli.grab', '--filename', 'C:\\Users\\alcho\\AppData\\Local\\Temp\\pyscreenshot8pdp27zc\\screenshot.png', '--bbox', '467:282:482:295', '--backend', 'pil', '--debug']
2024-06-25 19:55:34,580 DEBUG process was started (pid=24364)
2024-06-25 19:55:34,879 DEBUG process has ended, return code=0
2024-06-25 19:55:34,879 DEBUG stdout=
2024-06-25 19:55:34,879 DEBUG stderr=
2024-06-25 19:55:34,886 DEBUG STREAM b'IHDR' 16 13
2024-06-25 19:55:34,886 DEBUG STREAM b'IDAT' 41 318
2024-06-25 19:55:34,891 DEBUG running "pil" in child process
2024-06-25 19:55:34,892 DEBUG command: ['C:\\Users\\alcho\\NkBor\\PokerStarsParser\\.venv\\Scripts\\python.exe', '-m', 'pyscreenshot.cli.grab', '--filename', 'C:\\Users\\alcho\\AppData\\Local\\Temp\\pyscreenshotqgawuzb_\\screenshot.png', '--bbox', '470:288:471:289', '--backend', 'pil', '--debug']
2024-06-25 19:55:34,902 DEBUG process was started (pid=17704)
2024-06-25 19:58:36,589 DEBUG https://sheets.googleapis.com:443 "GET /v4/spreadsheets/18SOvJ1o8NiasANGlPMyIz7MmYki7zpQk1GWZ_DBYW-o/values/%27%D0%9D%D0%B0%D1%81%D1%82%D1%80%D0%BE%D0%B9%D0%BA%D0%B8%27%21B3 HTTP/1.1" 200 None
2024-06-25 19:58:36,982 DEBUG https://sheets.googleapis.com:443 "GET /v4/spreadsheets/18SOvJ1o8NiasANGlPMyIz7MmYki7zpQk1GWZ_DBYW-o/values/%27%D0%9D%D0%B0%D1%81%D1%82%D1%80%D0%BE%D0%B9%D0%BA%D0%B8%27%21B4 HTTP/1.1" 200 None
2024-06-25 19:58:37,386 DEBUG https://sheets.googleapis.com:443 "GET /v4/spreadsheets/18SOvJ1o8NiasANGlPMyIz7MmYki7zpQk1GWZ_DBYW-o/values/%27%D0%9D%D0%B0%D1%81%D1%82%D1%80%D0%BE%D0%B9%D0%BA%D0%B8%27%21B5 HTTP/1.1" 200 None
2024-06-25 19:58:37,716 DEBUG https://sheets.googleapis.com:443 "GET /v4/spreadsheets/18SOvJ1o8NiasANGlPMyIz7MmYki7zpQk1GWZ_DBYW-o/values/%27%D0%9D%D0%B0%D1%81%D1%82%D1%80%D0%BE%D0%B9%D0%BA%D0%B8%27%21B6 HTTP/1.1" 200 None
2024-06-25 19:58:38,047 DEBUG https://sheets.googleapis.com:443 "GET /v4/spreadsheets/18SOvJ1o8NiasANGlPMyIz7MmYki7zpQk1GWZ_DBYW-o/values/%27%D0%9D%D0%B0%D1%81%D1%82%D1%80%D0%BE%D0%B9%D0%BA%D0%B8%27%21B7 HTTP/1.1" 200 None
2024-06-25 19:58:38,379 DEBUG https://sheets.googleapis.com:443 "GET /v4/spreadsheets/18SOvJ1o8NiasANGlPMyIz7MmYki7zpQk1GWZ_DBYW-o/values/%27%D0%9D%D0%B0%D1%81%D1%82%D1%80%D0%BE%D0%B9%D0%BA%D0%B8%27%21B8 HTTP/1.1" 200 None
2024-06-25 19:58:38,730 DEBUG https://sheets.googleapis.com:443 "GET /v4/spreadsheets/18SOvJ1o8NiasANGlPMyIz7MmYki7zpQk1GWZ_DBYW-o/values/%27%D0%9D%D0%B0%D1%81%D1%82%D1%80%D0%BE%D0%B9%D0%BA%D0%B8%27%21B9 HTTP/1.1" 200 None
2024-06-25 19:58:39,574 DEBUG https://sheets.googleapis.com:443 "GET /v4/spreadsheets/18SOvJ1o8NiasANGlPMyIz7MmYki7zpQk1GWZ_DBYW-o/values/%27%D0%9D%D0%B0%D1%81%D1%82%D1%80%D0%BE%D0%B9%D0%BA%D0%B8%27%21B10 HTTP/1.1" 200 None
2024-06-25 19:58:40,375 DEBUG https://sheets.googleapis.com:443 "GET /v4/spreadsheets/18SOvJ1o8NiasANGlPMyIz7MmYki7zpQk1GWZ_DBYW-o/values/%27%D0%9D%D0%B0%D1%81%D1%82%D1%80%D0%BE%D0%B9%D0%BA%D0%B8%27%21B11 HTTP/1.1" 200 None
2024-06-25 19:58:41,409 DEBUG https://sheets.googleapis.com:443 "GET /v4/spreadsheets/18SOvJ1o8NiasANGlPMyIz7MmYki7zpQk1GWZ_DBYW-o/values/%27%D0%9D%D0%B0%D1%81%D1%82%D1%80%D0%BE%D0%B9%D0%BA%D0%B8%27%21K3 HTTP/1.1" 200 None
2024-06-25 19:58:42,226 DEBUG https://sheets.googleapis.com:443 "GET /v4/spreadsheets/18SOvJ1o8NiasANGlPMyIz7MmYki7zpQk1GWZ_DBYW-o/values/%27%D0%9D%D0%B0%D1%81%D1%82%D1%80%D0%BE%D0%B9%D0%BA%D0%B8%27%21K4 HTTP/1.1" 200 None
2024-06-25 19:58:42,227 DEBUG CreateFileName инициализирован
2024-06-25 19:58:42,227 DEBUG TournamentActions инициализирован
2024-06-25 19:58:42,227 DEBUG TablesControl инициализирован
2024-06-25 19:58:42,227 DEBUG InstantHandHistoryController инициализирован
2024-06-25 19:58:42,229 DEBUG Converted retries value: 3 -> Retry(total=3, connect=None, read=None, redirect=None, status=None)
2024-06-25 19:58:42,256 DEBUG Making request: POST https://oauth2.googleapis.com/token
2024-06-25 19:58:42,257 DEBUG Starting new HTTPS connection (1): oauth2.googleapis.com:443
2024-06-25 19:58:42,932 DEBUG https://oauth2.googleapis.com:443 "POST /token HTTP/1.1" 200 None
2024-06-25 19:58:42,933 DEBUG Starting new HTTPS connection (1): sheets.googleapis.com:443
2024-06-25 19:58:45,302 DEBUG https://sheets.googleapis.com:443 "GET /v4/spreadsheets/18SOvJ1o8NiasANGlPMyIz7MmYki7zpQk1GWZ_DBYW-o?includeGridData=false HTTP/1.1" 200 None
2024-06-25 19:58:46,114 DEBUG https://sheets.googleapis.com:443 "GET /v4/spreadsheets/18SOvJ1o8NiasANGlPMyIz7MmYki7zpQk1GWZ_DBYW-o?includeGridData=false HTTP/1.1" 200 None
2024-06-25 19:58:46,115 DEBUG GetStatistics инициализирован
2024-06-25 19:58:46,117 DEBUG Converted retries value: 3 -> Retry(total=3, connect=None, read=None, redirect=None, status=None)
2024-06-25 19:58:46,148 DEBUG Making request: POST https://oauth2.googleapis.com/token
2024-06-25 19:58:46,149 DEBUG Starting new HTTPS connection (1): oauth2.googleapis.com:443
2024-06-25 19:58:46,801 DEBUG https://oauth2.googleapis.com:443 "POST /token HTTP/1.1" 200 None
2024-06-25 19:58:46,802 DEBUG Starting new HTTPS connection (1): sheets.googleapis.com:443
2024-06-25 19:58:48,207 DEBUG https://sheets.googleapis.com:443 "GET /v4/spreadsheets/18SOvJ1o8NiasANGlPMyIz7MmYki7zpQk1GWZ_DBYW-o?includeGridData=false HTTP/1.1" 200 None
2024-06-25 19:58:49,010 DEBUG https://sheets.googleapis.com:443 "GET /v4/spreadsheets/18SOvJ1o8NiasANGlPMyIz7MmYki7zpQk1GWZ_DBYW-o?includeGridData=false HTTP/1.1" 200 None
2024-06-25 19:58:49,011 DEBUG WriteStatistics инициализирован
2024-06-25 19:58:49,011 DEBUG DealsAndFiles инициализирован
2024-06-25 19:58:49,011 DEBUG Windows инициализирован
2024-06-25 19:58:49,012 DEBUG Список турниров в файле очищен
2024-06-25 19:58:49,353 DEBUG https://sheets.googleapis.com:443 "GET /v4/spreadsheets/18SOvJ1o8NiasANGlPMyIz7MmYki7zpQk1GWZ_DBYW-o/values/%27%D0%A1%D1%82%D0%B0%D1%82%D0%B8%D1%81%D1%82%D0%B8%D0%BA%D0%B0%20ES%27%21D3 HTTP/1.1" 200 None
2024-06-25 19:58:49,354 DEBUG На данный момент открыто 3 столов
2024-06-25 19:58:49,354 DEBUG Столов меньше чем 21
2024-06-25 19:58:49,354 DEBUG Начало открытия новых столов
2024-06-25 19:58:50,155 DEBUG Главное окно получено
2024-06-25 19:58:50,155 DEBUG Переход к открытию новых столов
2024-06-25 19:58:51,357 DEBUG https://sheets.googleapis.com:443 "PUT /v4/spreadsheets/18SOvJ1o8NiasANGlPMyIz7MmYki7zpQk1GWZ_DBYW-o/values/%27%D0%A1%D1%82%D0%B0%D1%82%D0%B8%D1%81%D1%82%D0%B8%D0%BA%D0%B0%20ES%27%21D3?valueInputOption=RAW HTTP/1.1" 200 None
2024-06-25 19:58:54,328 DEBUG running "pil" in child process
2024-06-25 19:58:54,330 DEBUG command: ['C:\\Users\\alcho\\NkBor\\PokerStarsParser\\.venv\\Scripts\\python.exe', '-m', 'pyscreenshot.cli.grab', '--filename', 'C:\\Users\\alcho\\AppData\\Local\\Temp\\pyscreenshotn06ajtsm\\screenshot.png', '--bbox', '467:256:482:269', '--backend', 'pil', '--debug']
2024-06-25 19:58:54,337 DEBUG process was started (pid=5784)
2024-06-25 19:58:54,577 DEBUG process has ended, return code=0
2024-06-25 19:58:54,577 DEBUG stdout=
2024-06-25 19:58:54,577 DEBUG stderr=
2024-06-25 19:58:54,593 DEBUG STREAM b'IHDR' 16 13
2024-06-25 19:58:54,593 DEBUG STREAM b'IDAT' 41 248
2024-06-25 19:58:54,597 DEBUG running "pil" in child process
2024-06-25 19:58:54,597 DEBUG command: ['C:\\Users\\alcho\\NkBor\\PokerStarsParser\\.venv\\Scripts\\python.exe', '-m', 'pyscreenshot.cli.grab', '--filename', 'C:\\Users\\alcho\\AppData\\Local\\Temp\\pyscreenshotbdh1vems\\screenshot.png', '--bbox', '484:257:501:268', '--backend', 'pil', '--debug']
2024-06-25 19:58:54,604 DEBUG process was started (pid=13472)
2024-06-25 19:58:54,848 DEBUG process has ended, return code=0
2024-06-25 19:58:54,848 DEBUG stdout=
2024-06-25 19:58:54,848 DEBUG stderr=
2024-06-25 19:58:54,849 DEBUG STREAM b'IHDR' 16 13
2024-06-25 19:58:54,849 DEBUG STREAM b'IDAT' 41 161
2024-06-25 19:58:54,853 DEBUG running "pil" in child process
2024-06-25 19:58:54,853 DEBUG command: ['C:\\Users\\alcho\\NkBor\\PokerStarsParser\\.venv\\Scripts\\python.exe', '-m', 'pyscreenshot.cli.grab', '--filename', 'C:\\Users\\alcho\\AppData\\Local\\Temp\\pyscreenshot1em4jdtg\\screenshot.png', '--bbox', '506:256:507:269', '--backend', 'pil', '--debug']
2024-06-25 19:58:54,859 DEBUG process was started (pid=3472)
2024-06-25 19:58:55,101 DEBUG process has ended, return code=0
2024-06-25 19:58:55,102 DEBUG stdout=
2024-06-25 19:58:55,102 DEBUG stderr=
2024-06-25 19:58:55,106 DEBUG STREAM b'IHDR' 16 13
2024-06-25 19:58:55,106 DEBUG STREAM b'IDAT' 41 63
2024-06-25 19:58:55,109 DEBUG STREAM b'IHDR' 16 13
2024-06-25 19:58:55,109 DEBUG STREAM b'IDAT' 41 63
2024-06-25 19:58:55,109 DEBUG running "pil" in child process
2024-06-25 19:58:55,109 DEBUG command: ['C:\\Users\\alcho\\NkBor\\PokerStarsParser\\.venv\\Scripts\\python.exe', '-m', 'pyscreenshot.cli.grab', '--filename', 'C:\\Users\\alcho\\AppData\\Local\\Temp\\pyscreenshotgpytxdvf\\screenshot.png', '--bbox', '578:255:682:269', '--backend', 'pil', '--debug']
2024-06-25 19:58:55,117 DEBUG process was started (pid=15380)
2024-06-25 19:58:55,384 DEBUG process has ended, return code=0
2024-06-25 19:58:55,384 DEBUG stdout=
2024-06-25 19:58:55,384 DEBUG stderr=
2024-06-25 19:58:55,389 DEBUG STREAM b'IHDR' 16 13
2024-06-25 19:58:55,389 DEBUG STREAM b'IDAT' 41 300
2024-06-25 19:59:51,814 DEBUG https://sheets.googleapis.com:443 "PUT /v4/spreadsheets/18SOvJ1o8NiasANGlPMyIz7MmYki7zpQk1GWZ_DBYW-o/values/%27%D0%A1%D1%82%D0%B0%D1%82%D0%B8%D1%81%D1%82%D0%B8%D0%BA%D0%B0%20ES%27%21D3?valueInputOption=RAW HTTP/1.1" 200 None
2024-06-25 20:02:44,503 DEBUG https://sheets.googleapis.com:443 "GET /v4/spreadsheets/18SOvJ1o8NiasANGlPMyIz7MmYki7zpQk1GWZ_DBYW-o/values/%27%D0%9D%D0%B0%D1%81%D1%82%D1%80%D0%BE%D0%B9%D0%BA%D0%B8%27%21B3 HTTP/1.1" 200 None
2024-06-25 20:02:45,322 DEBUG https://sheets.googleapis.com:443 "GET /v4/spreadsheets/18SOvJ1o8NiasANGlPMyIz7MmYki7zpQk1GWZ_DBYW-o/values/%27%D0%9D%D0%B0%D1%81%D1%82%D1%80%D0%BE%D0%B9%D0%BA%D0%B8%27%21B4 HTTP/1.1" 200 None
2024-06-25 20:02:46,151 DEBUG https://sheets.googleapis.com:443 "GET /v4/spreadsheets/18SOvJ1o8NiasANGlPMyIz7MmYki7zpQk1GWZ_DBYW-o/values/%27%D0%9D%D0%B0%D1%81%D1%82%D1%80%D0%BE%D0%B9%D0%BA%D0%B8%27%21B5 HTTP/1.1" 200 None
2024-06-25 20:02:46,491 DEBUG https://sheets.googleapis.com:443 "GET /v4/spreadsheets/18SOvJ1o8NiasANGlPMyIz7MmYki7zpQk1GWZ_DBYW-o/values/%27%D0%9D%D0%B0%D1%81%D1%82%D1%80%D0%BE%D0%B9%D0%BA%D0%B8%27%21B6 HTTP/1.1" 200 None
2024-06-25 20:02:46,837 DEBUG https://sheets.googleapis.com:443 "GET /v4/spreadsheets/18SOvJ1o8NiasANGlPMyIz7MmYki7zpQk1GWZ_DBYW-o/values/%27%D0%9D%D0%B0%D1%81%D1%82%D1%80%D0%BE%D0%B9%D0%BA%D0%B8%27%21B7 HTTP/1.1" 200 None
2024-06-25 20:02:47,635 DEBUG https://sheets.googleapis.com:443 "GET /v4/spreadsheets/18SOvJ1o8NiasANGlPMyIz7MmYki7zpQk1GWZ_DBYW-o/values/%27%D0%9D%D0%B0%D1%81%D1%82%D1%80%D0%BE%D0%B9%D0%BA%D0%B8%27%21B8 HTTP/1.1" 200 None
2024-06-25 20:02:48,436 DEBUG https://sheets.googleapis.com:443 "GET /v4/spreadsheets/18SOvJ1o8NiasANGlPMyIz7MmYki7zpQk1GWZ_DBYW-o/values/%27%D0%9D%D0%B0%D1%81%D1%82%D1%80%D0%BE%D0%B9%D0%BA%D0%B8%27%21B9 HTTP/1.1" 200 None
2024-06-25 20:02:48,985 DEBUG https://sheets.googleapis.com:443 "GET /v4/spreadsheets/18SOvJ1o8NiasANGlPMyIz7MmYki7zpQk1GWZ_DBYW-o/values/%27%D0%9D%D0%B0%D1%81%D1%82%D1%80%D0%BE%D0%B9%D0%BA%D0%B8%27%21B10 HTTP/1.1" 200 None
2024-06-25 20:02:49,792 DEBUG https://sheets.googleapis.com:443 "GET /v4/spreadsheets/18SOvJ1o8NiasANGlPMyIz7MmYki7zpQk1GWZ_DBYW-o/values/%27%D0%9D%D0%B0%D1%81%D1%82%D1%80%D0%BE%D0%B9%D0%BA%D0%B8%27%21B11 HTTP/1.1" 200 None
2024-06-25 20:02:50,151 DEBUG https://sheets.googleapis.com:443 "GET /v4/spreadsheets/18SOvJ1o8NiasANGlPMyIz7MmYki7zpQk1GWZ_DBYW-o/values/%27%D0%9D%D0%B0%D1%81%D1%82%D1%80%D0%BE%D0%B9%D0%BA%D0%B8%27%21K3 HTTP/1.1" 200 None
2024-06-25 20:02:51,089 DEBUG https://sheets.googleapis.com:443 "GET /v4/spreadsheets/18SOvJ1o8NiasANGlPMyIz7MmYki7zpQk1GWZ_DBYW-o/values/%27%D0%9D%D0%B0%D1%81%D1%82%D1%80%D0%BE%D0%B9%D0%BA%D0%B8%27%21K4 HTTP/1.1" 200 None
2024-06-25 20:02:51,089 DEBUG CreateFileName инициализирован
2024-06-25 20:02:51,089 DEBUG TournamentActions инициализирован
2024-06-25 20:02:51,090 DEBUG TablesControl инициализирован
2024-06-25 20:02:51,090 DEBUG InstantHandHistoryController инициализирован
2024-06-25 20:02:51,091 DEBUG Converted retries value: 3 -> Retry(total=3, connect=None, read=None, redirect=None, status=None)
2024-06-25 20:02:51,121 DEBUG Making request: POST https://oauth2.googleapis.com/token
2024-06-25 20:02:51,122 DEBUG Starting new HTTPS connection (1): oauth2.googleapis.com:443
2024-06-25 20:02:51,826 DEBUG https://oauth2.googleapis.com:443 "POST /token HTTP/1.1" 200 None
2024-06-25 20:02:51,829 DEBUG Starting new HTTPS connection (1): sheets.googleapis.com:443
2024-06-25 20:02:52,696 DEBUG https://sheets.googleapis.com:443 "GET /v4/spreadsheets/18SOvJ1o8NiasANGlPMyIz7MmYki7zpQk1GWZ_DBYW-o?includeGridData=false HTTP/1.1" 200 None
2024-06-25 20:02:53,036 DEBUG https://sheets.googleapis.com:443 "GET /v4/spreadsheets/18SOvJ1o8NiasANGlPMyIz7MmYki7zpQk1GWZ_DBYW-o?includeGridData=false HTTP/1.1" 200 None
2024-06-25 20:02:53,039 DEBUG GetStatistics инициализирован
2024-06-25 20:02:53,041 DEBUG Converted retries value: 3 -> Retry(total=3, connect=None, read=None, redirect=None, status=None)
2024-06-25 20:02:53,070 DEBUG Making request: POST https://oauth2.googleapis.com/token
2024-06-25 20:02:53,072 DEBUG Starting new HTTPS connection (1): oauth2.googleapis.com:443
2024-06-25 20:02:53,719 DEBUG https://oauth2.googleapis.com:443 "POST /token HTTP/1.1" 200 None
2024-06-25 20:02:53,721 DEBUG Starting new HTTPS connection (1): sheets.googleapis.com:443
2024-06-25 20:02:54,627 DEBUG https://sheets.googleapis.com:443 "GET /v4/spreadsheets/18SOvJ1o8NiasANGlPMyIz7MmYki7zpQk1GWZ_DBYW-o?includeGridData=false HTTP/1.1" 200 None
2024-06-25 20:02:55,035 DEBUG https://sheets.googleapis.com:443 "GET /v4/spreadsheets/18SOvJ1o8NiasANGlPMyIz7MmYki7zpQk1GWZ_DBYW-o?includeGridData=false HTTP/1.1" 200 None
2024-06-25 20:02:55,037 DEBUG WriteStatistics инициализирован
2024-06-25 20:02:55,037 DEBUG DealsAndFiles инициализирован
2024-06-25 20:02:55,037 DEBUG Windows инициализирован
2024-06-25 20:02:55,037 DEBUG Список турниров в файле очищен
2024-06-25 20:02:55,406 DEBUG https://sheets.googleapis.com:443 "GET /v4/spreadsheets/18SOvJ1o8NiasANGlPMyIz7MmYki7zpQk1GWZ_DBYW-o/values/%27%D0%A1%D1%82%D0%B0%D1%82%D0%B8%D1%81%D1%82%D0%B8%D0%BA%D0%B0%20ES%27%21D3 HTTP/1.1" 200 None
2024-06-25 20:02:55,406 DEBUG На данный момент открыто 2 столов
2024-06-25 20:02:55,406 DEBUG Столов меньше чем 21
2024-06-25 20:02:55,406 DEBUG Начало открытия новых столов
2024-06-25 20:02:56,429 DEBUG Главное окно получено
2024-06-25 20:02:56,429 DEBUG Переход к открытию новых столов
2024-06-25 20:02:58,115 DEBUG https://sheets.googleapis.com:443 "PUT /v4/spreadsheets/18SOvJ1o8NiasANGlPMyIz7MmYki7zpQk1GWZ_DBYW-o/values/%27%D0%A1%D1%82%D0%B0%D1%82%D0%B8%D1%81%D1%82%D0%B8%D0%BA%D0%B0%20ES%27%21D3?valueInputOption=RAW HTTP/1.1" 200 None
2024-06-25 20:03:01,088 DEBUG running "pil" in child process
2024-06-25 20:03:01,090 DEBUG command: ['C:\\Users\\alcho\\NkBor\\PokerStarsParser\\.venv\\Scripts\\python.exe', '-m', 'pyscreenshot.cli.grab', '--filename', 'C:\\Users\\alcho\\AppData\\Local\\Temp\\pyscreenshot0y9hha__\\screenshot.png', '--bbox', '467:256:482:269', '--backend', 'pil', '--debug']
2024-06-25 20:03:01,096 DEBUG process was started (pid=20912)
2024-06-25 20:03:01,352 DEBUG process has ended, return code=0
2024-06-25 20:03:01,353 DEBUG stdout=
2024-06-25 20:03:01,353 DEBUG stderr=
2024-06-25 20:03:01,367 DEBUG STREAM b'IHDR' 16 13
2024-06-25 20:03:01,367 DEBUG STREAM b'IDAT' 41 248
2024-06-25 20:03:01,371 DEBUG running "pil" in child process
2024-06-25 20:03:01,371 DEBUG command: ['C:\\Users\\alcho\\NkBor\\PokerStarsParser\\.venv\\Scripts\\python.exe', '-m', 'pyscreenshot.cli.grab', '--filename', 'C:\\Users\\alcho\\AppData\\Local\\Temp\\pyscreenshotkeg1qu0m\\screenshot.png', '--bbox', '484:257:501:268', '--backend', 'pil', '--debug']
2024-06-25 20:03:01,378 DEBUG process was started (pid=1676)
2024-06-25 20:03:01,650 DEBUG process has ended, return code=0
2024-06-25 20:03:01,650 DEBUG stdout=
2024-06-25 20:03:01,650 DEBUG stderr=
2024-06-25 20:03:01,651 DEBUG STREAM b'IHDR' 16 13
2024-06-25 20:03:01,651 DEBUG STREAM b'IDAT' 41 161
2024-06-25 20:03:01,655 DEBUG running "pil" in child process
2024-06-25 20:03:01,655 DEBUG command: ['C:\\Users\\alcho\\NkBor\\PokerStarsParser\\.venv\\Scripts\\python.exe', '-m', 'pyscreenshot.cli.grab', '--filename', 'C:\\Users\\alcho\\AppData\\Local\\Temp\\pyscreenshot717p286r\\screenshot.png', '--bbox', '506:256:507:269', '--backend', 'pil', '--debug']
2024-06-25 20:03:01,671 DEBUG process was started (pid=18404)
2024-06-25 20:03:01,924 DEBUG process has ended, return code=0
2024-06-25 20:03:01,924 DEBUG stdout=
2024-06-25 20:03:01,924 DEBUG stderr=
2024-06-25 20:03:01,925 DEBUG STREAM b'IHDR' 16 13
2024-06-25 20:03:01,926 DEBUG STREAM b'IDAT' 41 63
2024-06-25 20:03:01,929 DEBUG STREAM b'IHDR' 16 13
2024-06-25 20:03:01,929 DEBUG STREAM b'IDAT' 41 63
2024-06-25 20:03:01,929 DEBUG running "pil" in child process
2024-06-25 20:03:01,930 DEBUG command: ['C:\\Users\\alcho\\NkBor\\PokerStarsParser\\.venv\\Scripts\\python.exe', '-m', 'pyscreenshot.cli.grab', '--filename', 'C:\\Users\\alcho\\AppData\\Local\\Temp\\pyscreenshotg16uwnso\\screenshot.png', '--bbox', '578:255:682:269', '--backend', 'pil', '--debug']
2024-06-25 20:03:01,937 DEBUG process was started (pid=11848)
2024-06-25 20:03:02,182 DEBUG process has ended, return code=0
2024-06-25 20:03:02,182 DEBUG stdout=
2024-06-25 20:03:02,182 DEBUG stderr=
2024-06-25 20:03:02,184 DEBUG STREAM b'IHDR' 16 13
2024-06-25 20:03:02,184 DEBUG STREAM b'IDAT' 41 300
